2017-10-26 15:31:02,657Starting WxOrderApplicationTests on AFAAW-705012348 with PID 2404 (started by Administrator in G:\eclipse_enviroment\wx_sell)
2017-10-26 15:31:02,660No active profile set, falling back to default profiles: default
2017-10-26 15:31:02,744Refreshing org.springframework.web.context.support.GenericWebApplicationContext@74d1dc36: startup date [Thu Oct 26 15:31:02 CST 2017]; root of context hierarchy
2017-10-26 15:31:03,372HV000001: Hibernate Validator 5.3.5.Final
2017-10-26 15:31:06,739Building JPA container EntityManagerFactory for persistence unit 'default'
2017-10-26 15:31:06,799HHH000204: Processing PersistenceUnitInfo [
	name: default
	...]
2017-10-26 15:31:07,098HHH000412: Hibernate Core {5.0.12.Final}
2017-10-26 15:31:07,105HHH000206: hibernate.properties not found
2017-10-26 15:31:07,111HHH000021: Bytecode provider name : javassist
2017-10-26 15:31:07,331HCANN000001: Hibernate Commons Annotations {5.0.1.Final}
2017-10-26 15:31:07,782HHH000400: Using dialect: org.hibernate.dialect.MySQL5Dialect
2017-10-26 15:31:09,768Initialized JPA EntityManagerFactory for persistence unit 'default'
2017-10-26 15:31:12,034Looking for @ControllerAdvice: org.springframework.web.context.support.GenericWebApplicationContext@74d1dc36: startup date [Thu Oct 26 15:31:02 CST 2017]; root of context hierarchy
2017-10-26 15:31:12,260Mapped "{[/buyer/order/create],methods=[POST]}" onto public com.xiao.wx_order.VO.ResultVO<java.util.Map<java.lang.String, java.lang.String>> com.xiao.wx_order.controller.BuyerOrderController.create(com.xiao.wx_order.form.OrderForm,org.springframework.validation.BindingResult)
2017-10-26 15:31:12,263Mapped "{[/buyer/order/list],methods=[POST]}" onto public com.xiao.wx_order.VO.ResultVO<java.util.List<com.xiao.wx_order.dto.OrderDTO>> com.xiao.wx_order.controller.BuyerOrderController.list(java.lang.String,java.lang.Integer,java.lang.Integer)
2017-10-26 15:31:12,266Mapped "{[/buyer/order/cancel],methods=[POST]}" onto public com.xiao.wx_order.VO.ResultVO com.xiao.wx_order.controller.BuyerOrderController.cancel(java.lang.String,java.lang.String)
2017-10-26 15:31:12,267Mapped "{[/buyer/order/detail],methods=[GET]}" onto public com.xiao.wx_order.VO.ResultVO<com.xiao.wx_order.dto.OrderDTO> com.xiao.wx_order.controller.BuyerOrderController.detail(java.lang.String,java.lang.String)
2017-10-26 15:31:12,285Mapped "{[/buyer/product/list],methods=[GET]}" onto public com.xiao.wx_order.VO.ResultVO com.xiao.wx_order.controller.BuyerProductController.list()
2017-10-26 15:31:12,288Mapped "{[/error]}" onto public org.springframework.http.ResponseEntity<java.util.Map<java.lang.String, java.lang.Object>> org.springframework.boot.autoconfigure.web.BasicErrorController.error(javax.servlet.http.HttpServletRequest)
2017-10-26 15:31:12,289Mapped "{[/error],produces=[text/html]}" onto public org.springframework.web.servlet.ModelAndView org.springframework.boot.autoconfigure.web.BasicErrorController.errorHtml(javax.servlet.http.HttpServletRequest,javax.servlet.http.HttpServletResponse)
2017-10-26 15:31:12,357Mapped URL path [/webjars/**] onto handler of type [class org.springframework.web.servlet.resource.ResourceHttpRequestHandler]
2017-10-26 15:31:12,357Mapped URL path [/**] onto handler of type [class org.springframework.web.servlet.resource.ResourceHttpRequestHandler]
2017-10-26 15:31:12,463Mapped URL path [/**/favicon.ico] onto handler of type [class org.springframework.web.servlet.resource.ResourceHttpRequestHandler]
2017-10-26 15:31:13,169Started WxOrderApplicationTests in 11.747 seconds (JVM running for 16.708)
2017-10-26 15:31:13,593Closing org.springframework.web.context.support.GenericWebApplicationContext@74d1dc36: startup date [Thu Oct 26 15:31:02 CST 2017]; root of context hierarchy
2017-10-26 15:31:13,609Closing JPA EntityManagerFactory for persistence unit 'default'
2017-10-26 15:32:47,490Starting WxSellApplication on AFAAW-705012348 with PID 6916 (G:\eclipse_enviroment\wx_sell\target\classes started by Administrator in G:\eclipse_enviroment\wx_sell)
2017-10-26 15:32:47,498No active profile set, falling back to default profiles: default
2017-10-26 15:32:47,748Refreshing org.springframework.boot.context.embedded.AnnotationConfigEmbeddedWebApplicationContext@323b36e0: startup date [Thu Oct 26 15:32:47 CST 2017]; root of context hierarchy
2017-10-26 15:32:48,860HV000001: Hibernate Validator 5.3.5.Final
2017-10-26 15:32:52,129Tomcat initialized with port(s): 8080 (http)
2017-10-26 15:32:52,152Starting service [Tomcat]
2017-10-26 15:32:52,154Starting Servlet Engine: Apache Tomcat/8.5.23
2017-10-26 15:32:52,646Initializing Spring embedded WebApplicationContext
2017-10-26 15:32:52,647Root WebApplicationContext: initialization completed in 4899 ms
2017-10-26 15:32:52,859Mapping servlet: 'dispatcherServlet' to [/]
2017-10-26 15:32:52,869Mapping filter: 'characterEncodingFilter' to: [/*]
2017-10-26 15:32:52,872Mapping filter: 'hiddenHttpMethodFilter' to: [/*]
2017-10-26 15:32:52,873Mapping filter: 'httpPutFormContentFilter' to: [/*]
2017-10-26 15:32:52,875Mapping filter: 'requestContextFilter' to: [/*]
2017-10-26 15:32:53,601Building JPA container EntityManagerFactory for persistence unit 'default'
2017-10-26 15:32:53,615HHH000204: Processing PersistenceUnitInfo [
	name: default
	...]
2017-10-26 15:32:53,695HHH000412: Hibernate Core {5.0.12.Final}
2017-10-26 15:32:53,699HHH000206: hibernate.properties not found
2017-10-26 15:32:53,702HHH000021: Bytecode provider name : javassist
2017-10-26 15:32:53,759HCANN000001: Hibernate Commons Annotations {5.0.1.Final}
2017-10-26 15:32:54,013HHH000400: Using dialect: org.hibernate.dialect.MySQL5Dialect
2017-10-26 15:32:54,552Initialized JPA EntityManagerFactory for persistence unit 'default'
2017-10-26 15:32:55,351Looking for @ControllerAdvice: org.springframework.boot.context.embedded.AnnotationConfigEmbeddedWebApplicationContext@323b36e0: startup date [Thu Oct 26 15:32:47 CST 2017]; root of context hierarchy
2017-10-26 15:32:55,511Mapped "{[/buyer/order/create],methods=[POST]}" onto public com.xiao.wx_order.VO.ResultVO<java.util.Map<java.lang.String, java.lang.String>> com.xiao.wx_order.controller.BuyerOrderController.create(com.xiao.wx_order.form.OrderForm,org.springframework.validation.BindingResult)
2017-10-26 15:32:55,514Mapped "{[/buyer/order/list],methods=[POST]}" onto public com.xiao.wx_order.VO.ResultVO<java.util.List<com.xiao.wx_order.dto.OrderDTO>> com.xiao.wx_order.controller.BuyerOrderController.list(java.lang.String,java.lang.Integer,java.lang.Integer)
2017-10-26 15:32:55,514Mapped "{[/buyer/order/cancel],methods=[POST]}" onto public com.xiao.wx_order.VO.ResultVO com.xiao.wx_order.controller.BuyerOrderController.cancel(java.lang.String,java.lang.String)
2017-10-26 15:32:55,515Mapped "{[/buyer/order/detail],methods=[GET]}" onto public com.xiao.wx_order.VO.ResultVO<com.xiao.wx_order.dto.OrderDTO> com.xiao.wx_order.controller.BuyerOrderController.detail(java.lang.String,java.lang.String)
2017-10-26 15:32:55,517Mapped "{[/buyer/product/list],methods=[GET]}" onto public com.xiao.wx_order.VO.ResultVO com.xiao.wx_order.controller.BuyerProductController.list()
2017-10-26 15:32:55,528Mapped "{[/error]}" onto public org.springframework.http.ResponseEntity<java.util.Map<java.lang.String, java.lang.Object>> org.springframework.boot.autoconfigure.web.BasicErrorController.error(javax.servlet.http.HttpServletRequest)
2017-10-26 15:32:55,530Mapped "{[/error],produces=[text/html]}" onto public org.springframework.web.servlet.ModelAndView org.springframework.boot.autoconfigure.web.BasicErrorController.errorHtml(javax.servlet.http.HttpServletRequest,javax.servlet.http.HttpServletResponse)
2017-10-26 15:32:55,595Mapped URL path [/webjars/**] onto handler of type [class org.springframework.web.servlet.resource.ResourceHttpRequestHandler]
2017-10-26 15:32:55,597Mapped URL path [/**] onto handler of type [class org.springframework.web.servlet.resource.ResourceHttpRequestHandler]
2017-10-26 15:32:55,672Mapped URL path [/**/favicon.ico] onto handler of type [class org.springframework.web.servlet.resource.ResourceHttpRequestHandler]
2017-10-26 15:32:56,243Registering beans for JMX exposure on startup
2017-10-26 15:32:56,263Initializing ProtocolHandler ["http-nio-8080"]
2017-10-26 15:32:56,328Starting ProtocolHandler ["http-nio-8080"]
2017-10-26 15:32:56,351Using a shared selector for servlet write/read
2017-10-26 15:32:56,372Tomcat started on port(s): 8080 (http)
2017-10-26 15:32:56,378Started WxSellApplication in 10.376 seconds (JVM running for 11.704)
2017-10-26 15:33:08,092Initializing Spring FrameworkServlet 'dispatcherServlet'
2017-10-26 15:33:08,092FrameworkServlet 'dispatcherServlet': initialization started
2017-10-26 15:33:08,170FrameworkServlet 'dispatcherServlet': initialization completed in 77 ms
2017-10-26 15:33:08,474HHH000397: Using ASTQueryTranslatorFactory
2017-10-26 16:21:32,666Starting WxSellApplication on AFAAW-705012348 with PID 104 (G:\eclipse_enviroment\wx_sell\target\classes started by Administrator in G:\eclipse_enviroment\wx_sell)
2017-10-26 16:21:32,670No active profile set, falling back to default profiles: default
2017-10-26 16:21:32,795Refreshing org.springframework.boot.context.embedded.AnnotationConfigEmbeddedWebApplicationContext@323b36e0: startup date [Thu Oct 26 16:21:32 CST 2017]; root of context hierarchy
2017-10-26 16:21:33,671HV000001: Hibernate Validator 5.3.5.Final
2017-10-26 16:21:36,190Tomcat initialized with port(s): 8080 (http)
2017-10-26 16:21:36,211Starting service [Tomcat]
2017-10-26 16:21:36,213Starting Servlet Engine: Apache Tomcat/8.5.23
2017-10-26 16:21:36,376Initializing Spring embedded WebApplicationContext
2017-10-26 16:21:36,376Root WebApplicationContext: initialization completed in 3581 ms
2017-10-26 16:21:36,603Mapping servlet: 'dispatcherServlet' to [/]
2017-10-26 16:21:36,611Mapping filter: 'characterEncodingFilter' to: [/*]
2017-10-26 16:21:36,611Mapping filter: 'hiddenHttpMethodFilter' to: [/*]
2017-10-26 16:21:36,612Mapping filter: 'httpPutFormContentFilter' to: [/*]
2017-10-26 16:21:36,612Mapping filter: 'requestContextFilter' to: [/*]
2017-10-26 16:21:37,423Building JPA container EntityManagerFactory for persistence unit 'default'
2017-10-26 16:21:37,440HHH000204: Processing PersistenceUnitInfo [
	name: default
	...]
2017-10-26 16:21:37,634HHH000412: Hibernate Core {5.0.12.Final}
2017-10-26 16:21:37,636HHH000206: hibernate.properties not found
2017-10-26 16:21:37,639HHH000021: Bytecode provider name : javassist
2017-10-26 16:21:37,749HCANN000001: Hibernate Commons Annotations {5.0.1.Final}
2017-10-26 16:21:38,186HHH000400: Using dialect: org.hibernate.dialect.MySQL5Dialect
2017-10-26 16:21:38,851Initialized JPA EntityManagerFactory for persistence unit 'default'
2017-10-26 16:21:39,691Looking for @ControllerAdvice: org.springframework.boot.context.embedded.AnnotationConfigEmbeddedWebApplicationContext@323b36e0: startup date [Thu Oct 26 16:21:32 CST 2017]; root of context hierarchy
2017-10-26 16:21:39,810Mapped "{[/buyer/order/create],methods=[POST]}" onto public com.xiao.wx_order.VO.ResultVO<java.util.Map<java.lang.String, java.lang.String>> com.xiao.wx_order.controller.BuyerOrderController.create(com.xiao.wx_order.form.OrderForm,org.springframework.validation.BindingResult)
2017-10-26 16:21:39,812Mapped "{[/buyer/order/list],methods=[POST]}" onto public com.xiao.wx_order.VO.ResultVO<java.util.List<com.xiao.wx_order.dto.OrderDTO>> com.xiao.wx_order.controller.BuyerOrderController.list(java.lang.String,java.lang.Integer,java.lang.Integer)
2017-10-26 16:21:39,812Mapped "{[/buyer/order/cancel],methods=[POST]}" onto public com.xiao.wx_order.VO.ResultVO com.xiao.wx_order.controller.BuyerOrderController.cancel(java.lang.String,java.lang.String)
2017-10-26 16:21:39,812Mapped "{[/buyer/order/detail],methods=[GET]}" onto public com.xiao.wx_order.VO.ResultVO<com.xiao.wx_order.dto.OrderDTO> com.xiao.wx_order.controller.BuyerOrderController.detail(java.lang.String,java.lang.String)
2017-10-26 16:21:39,813Mapped "{[/buyer/product/list],methods=[GET]}" onto public com.xiao.wx_order.VO.ResultVO com.xiao.wx_order.controller.BuyerProductController.list()
2017-10-26 16:21:39,815Mapped "{[/weixin/auth],methods=[GET]}" onto public void com.xiao.wx_order.controller.WeixinController.auth(java.lang.String)
2017-10-26 16:21:39,818Mapped "{[/error]}" onto public org.springframework.http.ResponseEntity<java.util.Map<java.lang.String, java.lang.Object>> org.springframework.boot.autoconfigure.web.BasicErrorController.error(javax.servlet.http.HttpServletRequest)
2017-10-26 16:21:39,819Mapped "{[/error],produces=[text/html]}" onto public org.springframework.web.servlet.ModelAndView org.springframework.boot.autoconfigure.web.BasicErrorController.errorHtml(javax.servlet.http.HttpServletRequest,javax.servlet.http.HttpServletResponse)
2017-10-26 16:21:39,856Mapped URL path [/webjars/**] onto handler of type [class org.springframework.web.servlet.resource.ResourceHttpRequestHandler]
2017-10-26 16:21:39,856Mapped URL path [/**] onto handler of type [class org.springframework.web.servlet.resource.ResourceHttpRequestHandler]
2017-10-26 16:21:39,915Mapped URL path [/**/favicon.ico] onto handler of type [class org.springframework.web.servlet.resource.ResourceHttpRequestHandler]
2017-10-26 16:21:40,359Registering beans for JMX exposure on startup
2017-10-26 16:21:40,436Initializing ProtocolHandler ["http-nio-8080"]
2017-10-26 16:21:40,487Starting ProtocolHandler ["http-nio-8080"]
2017-10-26 16:21:40,558Using a shared selector for servlet write/read
2017-10-26 16:21:40,638Tomcat started on port(s): 8080 (http)
2017-10-26 16:21:40,655Started WxSellApplication in 9.699 seconds (JVM running for 11.449)
2017-10-26 16:40:09,818Initializing Spring FrameworkServlet 'dispatcherServlet'
2017-10-26 16:40:09,819FrameworkServlet 'dispatcherServlet': initialization started
2017-10-26 16:40:09,982FrameworkServlet 'dispatcherServlet': initialization completed in 162 ms
2017-10-26 16:40:10,182code=061ZhJGf1oOFCx04S3Gf1IIGGf1ZhJG9
2017-10-26 16:51:16,510code=011JK9uL0jyWj32ppjuL0vKsuL0JK9uu
2017-10-26 17:09:14,281code=011E356Z0tkNTY1u883Z0xfY5Z0E356M
2017-10-26 17:12:36,816Starting WxSellApplication on AFAAW-705012348 with PID 9220 (G:\eclipse_enviroment\wx_sell\target\classes started by Administrator in G:\eclipse_enviroment\wx_sell)
2017-10-26 17:12:36,826No active profile set, falling back to default profiles: default
2017-10-26 17:12:36,947Refreshing org.springframework.boot.context.embedded.AnnotationConfigEmbeddedWebApplicationContext@323b36e0: startup date [Thu Oct 26 17:12:36 CST 2017]; root of context hierarchy
2017-10-26 17:12:37,632HV000001: Hibernate Validator 5.3.5.Final
2017-10-26 17:12:41,034Tomcat initialized with port(s): 8080 (http)
2017-10-26 17:12:41,077Starting service [Tomcat]
2017-10-26 17:12:41,080Starting Servlet Engine: Apache Tomcat/8.5.23
2017-10-26 17:12:41,421Initializing Spring embedded WebApplicationContext
2017-10-26 17:12:41,422Root WebApplicationContext: initialization completed in 4475 ms
2017-10-26 17:12:41,849Mapping servlet: 'dispatcherServlet' to [/]
2017-10-26 17:12:41,856Mapping filter: 'characterEncodingFilter' to: [/*]
2017-10-26 17:12:41,857Mapping filter: 'hiddenHttpMethodFilter' to: [/*]
2017-10-26 17:12:41,858Mapping filter: 'httpPutFormContentFilter' to: [/*]
2017-10-26 17:12:41,858Mapping filter: 'requestContextFilter' to: [/*]
2017-10-26 17:12:42,867Building JPA container EntityManagerFactory for persistence unit 'default'
2017-10-26 17:12:42,887HHH000204: Processing PersistenceUnitInfo [
	name: default
	...]
2017-10-26 17:12:42,986HHH000412: Hibernate Core {5.0.12.Final}
2017-10-26 17:12:42,987HHH000206: hibernate.properties not found
2017-10-26 17:12:42,989HHH000021: Bytecode provider name : javassist
2017-10-26 17:12:43,045HCANN000001: Hibernate Commons Annotations {5.0.1.Final}
2017-10-26 17:12:43,359HHH000400: Using dialect: org.hibernate.dialect.MySQL5Dialect
2017-10-26 17:12:44,170Initialized JPA EntityManagerFactory for persistence unit 'default'
2017-10-26 17:12:45,554Looking for @ControllerAdvice: org.springframework.boot.context.embedded.AnnotationConfigEmbeddedWebApplicationContext@323b36e0: startup date [Thu Oct 26 17:12:36 CST 2017]; root of context hierarchy
2017-10-26 17:12:45,732Mapped "{[/buyer/order/create],methods=[POST]}" onto public com.xiao.wx_order.VO.ResultVO<java.util.Map<java.lang.String, java.lang.String>> com.xiao.wx_order.controller.BuyerOrderController.create(com.xiao.wx_order.form.OrderForm,org.springframework.validation.BindingResult)
2017-10-26 17:12:45,733Mapped "{[/buyer/order/list],methods=[POST]}" onto public com.xiao.wx_order.VO.ResultVO<java.util.List<com.xiao.wx_order.dto.OrderDTO>> com.xiao.wx_order.controller.BuyerOrderController.list(java.lang.String,java.lang.Integer,java.lang.Integer)
2017-10-26 17:12:45,733Mapped "{[/buyer/order/cancel],methods=[POST]}" onto public com.xiao.wx_order.VO.ResultVO com.xiao.wx_order.controller.BuyerOrderController.cancel(java.lang.String,java.lang.String)
2017-10-26 17:12:45,734Mapped "{[/buyer/order/detail],methods=[GET]}" onto public com.xiao.wx_order.VO.ResultVO<com.xiao.wx_order.dto.OrderDTO> com.xiao.wx_order.controller.BuyerOrderController.detail(java.lang.String,java.lang.String)
2017-10-26 17:12:45,735Mapped "{[/buyer/product/list],methods=[GET]}" onto public com.xiao.wx_order.VO.ResultVO com.xiao.wx_order.controller.BuyerProductController.list()
2017-10-26 17:12:45,736Mapped "{[/weixin/auth],methods=[GET]}" onto public void com.xiao.wx_order.controller.WeixinController.auth(java.lang.String)
2017-10-26 17:12:45,740Mapped "{[/error]}" onto public org.springframework.http.ResponseEntity<java.util.Map<java.lang.String, java.lang.Object>> org.springframework.boot.autoconfigure.web.BasicErrorController.error(javax.servlet.http.HttpServletRequest)
2017-10-26 17:12:45,742Mapped "{[/error],produces=[text/html]}" onto public org.springframework.web.servlet.ModelAndView org.springframework.boot.autoconfigure.web.BasicErrorController.errorHtml(javax.servlet.http.HttpServletRequest,javax.servlet.http.HttpServletResponse)
2017-10-26 17:12:45,923Mapped URL path [/webjars/**] onto handler of type [class org.springframework.web.servlet.resource.ResourceHttpRequestHandler]
2017-10-26 17:12:45,925Mapped URL path [/**] onto handler of type [class org.springframework.web.servlet.resource.ResourceHttpRequestHandler]
2017-10-26 17:12:46,067Mapped URL path [/**/favicon.ico] onto handler of type [class org.springframework.web.servlet.resource.ResourceHttpRequestHandler]
2017-10-26 17:12:46,780Registering beans for JMX exposure on startup
2017-10-26 17:12:46,819Initializing ProtocolHandler ["http-nio-8080"]
2017-10-26 17:12:46,844Starting ProtocolHandler ["http-nio-8080"]
2017-10-26 17:12:46,874Using a shared selector for servlet write/read
2017-10-26 17:12:46,931Tomcat started on port(s): 8080 (http)
2017-10-26 17:12:46,938Started WxSellApplication in 11.741 seconds (JVM running for 13.152)
2017-10-26 17:12:59,319Initializing Spring FrameworkServlet 'dispatcherServlet'
2017-10-26 17:12:59,321FrameworkServlet 'dispatcherServlet': initialization started
2017-10-26 17:12:59,400FrameworkServlet 'dispatcherServlet': initialization completed in 79 ms
2017-10-26 17:12:59,533code=001Yn7Z92spAqS0Dwe2a2E8cZ92Yn7Z0
2017-10-26 17:13:01,319response={"access_token":"7ULU953cnp5mY1SZA9XB3XHpy-Xr5jFJUY3InV9dRK84pJkbnqYp1HW45Gx3em_0CgihpzO3NxsqXDGbCIvfcXTaR-GwQYSjBx1WNb8CqtA","expires_in":7200,"refresh_token":"NyzF1_z_jLvDDfK2Qz9Z9egMBlh1cXoc_GW4o9Dyxirub5g5wmD6GYTLwRuZNOGnqTaiKJ_2BBxFOul1UgdchbT3UIKGl_GifYshyu0HA7g","openid":"oRIr_1dEvAtUHJP4avLcCscMKDtA","scope":"snsapi_base"}
2017-10-26 17:15:42,576code=061jFRyz1DyHKd03WCxz1JSTyz1jFRyC
2017-10-26 17:15:43,069response={"access_token":"pmgkY9sfySwyBkKYjGQjIxr7rZ9KV-4CFA032GqvBNpIWBqnlvcYJBUYNTYlzipgUBHxD_EFGeVGPnz8oKMfFQrhA8p7RP_jP_GMY9eb1Q8","expires_in":7200,"refresh_token":"ocZFoy7gR-qhnSolRpMVlbWM88AwlHIFU35fhmOOY28YFggJ6kp0VS_ukFEJD-7XUqpw7laRG1lvNd8RyBXHcJ-7mis7IhRMN-U8Up9f6_I","openid":"oRIr_1dEvAtUHJP4avLcCscMKDtA","scope":"snsapi_userinfo"}
2017-10-26 21:50:20,605Starting WxSellApplication on AFAAW-705012348 with PID 9616 (G:\eclipse_enviroment\wx_sell\target\classes started by Administrator in G:\eclipse_enviroment\wx_sell)
2017-10-26 21:50:20,610No active profile set, falling back to default profiles: default
2017-10-26 21:50:20,741Refreshing org.springframework.boot.context.embedded.AnnotationConfigEmbeddedWebApplicationContext@37afeb11: startup date [Thu Oct 26 21:50:20 CST 2017]; root of context hierarchy
2017-10-26 21:50:21,684HV000001: Hibernate Validator 5.3.5.Final
2017-10-26 21:50:25,254Tomcat initialized with port(s): 8080 (http)
2017-10-26 21:50:25,276Starting service [Tomcat]
2017-10-26 21:50:25,279Starting Servlet Engine: Apache Tomcat/8.5.23
2017-10-26 21:50:25,457Initializing Spring embedded WebApplicationContext
2017-10-26 21:50:25,458Root WebApplicationContext: initialization completed in 4717 ms
2017-10-26 21:50:25,742Mapping servlet: 'dispatcherServlet' to [/]
2017-10-26 21:50:25,752Mapping filter: 'characterEncodingFilter' to: [/*]
2017-10-26 21:50:25,754Mapping filter: 'hiddenHttpMethodFilter' to: [/*]
2017-10-26 21:50:25,756Mapping filter: 'httpPutFormContentFilter' to: [/*]
2017-10-26 21:50:25,756Mapping filter: 'requestContextFilter' to: [/*]
2017-10-26 21:50:26,760Building JPA container EntityManagerFactory for persistence unit 'default'
2017-10-26 21:50:26,782HHH000204: Processing PersistenceUnitInfo [
	name: default
	...]
2017-10-26 21:50:26,874HHH000412: Hibernate Core {5.0.12.Final}
2017-10-26 21:50:26,878HHH000206: hibernate.properties not found
2017-10-26 21:50:26,881HHH000021: Bytecode provider name : javassist
2017-10-26 21:50:26,948HCANN000001: Hibernate Commons Annotations {5.0.1.Final}
2017-10-26 21:50:27,242HHH000400: Using dialect: org.hibernate.dialect.MySQL5Dialect
2017-10-26 21:50:28,737Initialized JPA EntityManagerFactory for persistence unit 'default'
2017-10-26 21:50:29,806Exception encountered during context initialization - cancelling refresh attempt: org.springframework.beans.factory.UnsatisfiedDependencyException: Error creating bean with name 'wechatController': Unsatisfied dependency expressed through field 'wxMpService'; nested exception is org.springframework.beans.factory.BeanCreationException: Error creating bean with name 'wxMpService' defined in class path resource [com/xiao/wx_order/config/WechatMpConfig.class]: Bean instantiation via factory method failed; nested exception is org.springframework.beans.BeanInstantiationException: Failed to instantiate [me.chanjar.weixin.mp.api.WxMpService]: Factory method 'wxMpService' threw exception; nested exception is java.lang.NoClassDefFoundError: org/apache/http/client/methods/HttpUriRequest
2017-10-26 21:50:29,810Closing JPA EntityManagerFactory for persistence unit 'default'
2017-10-26 21:50:29,825Stopping service [Tomcat]
2017-10-26 21:50:29,860

Error starting ApplicationContext. To display the auto-configuration report re-run your application with 'debug' enabled.
2017-10-26 22:04:17,119Starting WxSellApplication on AFAAW-705012348 with PID 14904 (G:\eclipse_enviroment\wx_sell\target\classes started by Administrator in G:\eclipse_enviroment\wx_sell)
2017-10-26 22:04:17,153No active profile set, falling back to default profiles: default
2017-10-26 22:04:17,470Refreshing org.springframework.boot.context.embedded.AnnotationConfigEmbeddedWebApplicationContext@37afeb11: startup date [Thu Oct 26 22:04:17 CST 2017]; root of context hierarchy
2017-10-26 22:04:18,411HV000001: Hibernate Validator 5.3.5.Final
2017-10-26 22:04:22,483Tomcat initialized with port(s): 8080 (http)
2017-10-26 22:04:22,510Starting service [Tomcat]
2017-10-26 22:04:22,512Starting Servlet Engine: Apache Tomcat/8.5.23
2017-10-26 22:04:22,816Initializing Spring embedded WebApplicationContext
2017-10-26 22:04:22,816Root WebApplicationContext: initialization completed in 5346 ms
2017-10-26 22:04:23,112Mapping servlet: 'dispatcherServlet' to [/]
2017-10-26 22:04:23,117Mapping filter: 'characterEncodingFilter' to: [/*]
2017-10-26 22:04:23,118Mapping filter: 'hiddenHttpMethodFilter' to: [/*]
2017-10-26 22:04:23,118Mapping filter: 'httpPutFormContentFilter' to: [/*]
2017-10-26 22:04:23,118Mapping filter: 'requestContextFilter' to: [/*]
2017-10-26 22:04:24,338Building JPA container EntityManagerFactory for persistence unit 'default'
2017-10-26 22:04:24,365HHH000204: Processing PersistenceUnitInfo [
	name: default
	...]
2017-10-26 22:04:24,460HHH000412: Hibernate Core {5.0.12.Final}
2017-10-26 22:04:24,464HHH000206: hibernate.properties not found
2017-10-26 22:04:24,469HHH000021: Bytecode provider name : javassist
2017-10-26 22:04:24,526HCANN000001: Hibernate Commons Annotations {5.0.1.Final}
2017-10-26 22:04:24,878HHH000400: Using dialect: org.hibernate.dialect.MySQL5Dialect
2017-10-26 22:04:25,751Initialized JPA EntityManagerFactory for persistence unit 'default'
2017-10-26 22:04:26,821Exception encountered during context initialization - cancelling refresh attempt: org.springframework.beans.factory.UnsatisfiedDependencyException: Error creating bean with name 'wechatController': Unsatisfied dependency expressed through field 'wxMpService'; nested exception is org.springframework.beans.factory.BeanCreationException: Error creating bean with name 'wxMpService' defined in class path resource [com/xiao/wx_order/config/WechatMpConfig.class]: Bean instantiation via factory method failed; nested exception is org.springframework.beans.BeanInstantiationException: Failed to instantiate [me.chanjar.weixin.mp.api.WxMpService]: Factory method 'wxMpService' threw exception; nested exception is java.lang.NoClassDefFoundError: org/apache/http/client/methods/HttpUriRequest
2017-10-26 22:04:26,826Closing JPA EntityManagerFactory for persistence unit 'default'
2017-10-26 22:04:26,863Stopping service [Tomcat]
2017-10-26 22:04:26,892

Error starting ApplicationContext. To display the auto-configuration report re-run your application with 'debug' enabled.
2017-10-26 22:10:44,918Starting WxSellApplication on AFAAW-705012348 with PID 2684 (G:\eclipse_enviroment\wx_sell\target\classes started by Administrator in G:\eclipse_enviroment\wx_sell)
2017-10-26 22:10:44,924No active profile set, falling back to default profiles: default
2017-10-26 22:10:45,151Refreshing org.springframework.boot.context.embedded.AnnotationConfigEmbeddedWebApplicationContext@37afeb11: startup date [Thu Oct 26 22:10:45 CST 2017]; root of context hierarchy
2017-10-26 22:10:46,512HV000001: Hibernate Validator 5.3.5.Final
2017-10-26 22:10:49,638Tomcat initialized with port(s): 8080 (http)
2017-10-26 22:10:49,660Starting service [Tomcat]
2017-10-26 22:10:49,665Starting Servlet Engine: Apache Tomcat/8.5.23
2017-10-26 22:10:49,912Initializing Spring embedded WebApplicationContext
2017-10-26 22:10:49,913Root WebApplicationContext: initialization completed in 4762 ms
2017-10-26 22:10:50,191Mapping servlet: 'dispatcherServlet' to [/]
2017-10-26 22:10:50,201Mapping filter: 'characterEncodingFilter' to: [/*]
2017-10-26 22:10:50,202Mapping filter: 'hiddenHttpMethodFilter' to: [/*]
2017-10-26 22:10:50,202Mapping filter: 'httpPutFormContentFilter' to: [/*]
2017-10-26 22:10:50,203Mapping filter: 'requestContextFilter' to: [/*]
2017-10-26 22:10:51,090Building JPA container EntityManagerFactory for persistence unit 'default'
2017-10-26 22:10:51,122HHH000204: Processing PersistenceUnitInfo [
	name: default
	...]
2017-10-26 22:10:51,248HHH000412: Hibernate Core {5.0.12.Final}
2017-10-26 22:10:51,251HHH000206: hibernate.properties not found
2017-10-26 22:10:51,255HHH000021: Bytecode provider name : javassist
2017-10-26 22:10:51,325HCANN000001: Hibernate Commons Annotations {5.0.1.Final}
2017-10-26 22:10:51,619HHH000400: Using dialect: org.hibernate.dialect.MySQL5Dialect
2017-10-26 22:10:52,286Initialized JPA EntityManagerFactory for persistence unit 'default'
2017-10-26 22:10:52,979Exception encountered during context initialization - cancelling refresh attempt: org.springframework.beans.factory.UnsatisfiedDependencyException: Error creating bean with name 'wechatController': Unsatisfied dependency expressed through field 'wxMpService'; nested exception is org.springframework.beans.factory.BeanCreationException: Error creating bean with name 'wxMpService' defined in class path resource [com/xiao/wx_order/config/WechatMpConfig.class]: Bean instantiation via factory method failed; nested exception is org.springframework.beans.BeanInstantiationException: Failed to instantiate [me.chanjar.weixin.mp.api.WxMpService]: Factory method 'wxMpService' threw exception; nested exception is java.lang.NoClassDefFoundError: org/apache/http/client/methods/HttpUriRequest
2017-10-26 22:10:52,983Closing JPA EntityManagerFactory for persistence unit 'default'
2017-10-26 22:10:53,000Stopping service [Tomcat]
2017-10-26 22:10:53,026

Error starting ApplicationContext. To display the auto-configuration report re-run your application with 'debug' enabled.
2017-10-26 22:13:09,423Starting WxSellApplication on AFAAW-705012348 with PID 14776 (G:\eclipse_enviroment\wx_sell\target\classes started by Administrator in G:\eclipse_enviroment\wx_sell)
2017-10-26 22:13:09,431No active profile set, falling back to default profiles: default
2017-10-26 22:13:09,617Refreshing org.springframework.boot.context.embedded.AnnotationConfigEmbeddedWebApplicationContext@37afeb11: startup date [Thu Oct 26 22:13:09 CST 2017]; root of context hierarchy
2017-10-26 22:13:10,582HV000001: Hibernate Validator 5.3.5.Final
2017-10-26 22:13:11,415Closing org.springframework.boot.context.embedded.AnnotationConfigEmbeddedWebApplicationContext@37afeb11: startup date [Thu Oct 26 22:13:09 CST 2017]; root of context hierarchy
2017-10-26 22:13:11,418Exception thrown from LifecycleProcessor on context close
java.lang.IllegalStateException: LifecycleProcessor not initialized - call 'refresh' before invoking lifecycle methods via the context: org.springframework.boot.context.embedded.AnnotationConfigEmbeddedWebApplicationContext@37afeb11: startup date [Thu Oct 26 22:13:09 CST 2017]; root of context hierarchy
	at org.springframework.context.support.AbstractApplicationContext.getLifecycleProcessor(AbstractApplicationContext.java:427)
	at org.springframework.context.support.AbstractApplicationContext.doClose(AbstractApplicationContext.java:999)
	at org.springframework.context.support.AbstractApplicationContext.close(AbstractApplicationContext.java:958)
	at org.springframework.boot.SpringApplication.handleRunFailure(SpringApplication.java:750)
	at org.springframework.boot.SpringApplication.run(SpringApplication.java:314)
	at org.springframework.boot.SpringApplication.run(SpringApplication.java:1118)
	at org.springframework.boot.SpringApplication.run(SpringApplication.java:1107)
	at com.xiao.wx_order.WxSellApplication.main(WxSellApplication.java:10)
2017-10-26 22:20:27,005Starting WxSellApplication on AFAAW-705012348 with PID 6784 (G:\eclipse_enviroment\wx_sell\target\classes started by Administrator in G:\eclipse_enviroment\wx_sell)
2017-10-26 22:20:27,011No active profile set, falling back to default profiles: default
2017-10-26 22:20:27,157Refreshing org.springframework.boot.context.embedded.AnnotationConfigEmbeddedWebApplicationContext@37afeb11: startup date [Thu Oct 26 22:20:27 CST 2017]; root of context hierarchy
2017-10-26 22:20:28,333HV000001: Hibernate Validator 5.3.5.Final
2017-10-26 22:20:31,125Tomcat initialized with port(s): 8080 (http)
2017-10-26 22:20:31,160Starting service [Tomcat]
2017-10-26 22:20:31,165Starting Servlet Engine: Apache Tomcat/8.5.23
2017-10-26 22:20:31,330Initializing Spring embedded WebApplicationContext
2017-10-26 22:20:31,331Root WebApplicationContext: initialization completed in 4173 ms
2017-10-26 22:20:31,622Mapping servlet: 'dispatcherServlet' to [/]
2017-10-26 22:20:31,631Mapping filter: 'characterEncodingFilter' to: [/*]
2017-10-26 22:20:31,636Mapping filter: 'hiddenHttpMethodFilter' to: [/*]
2017-10-26 22:20:31,638Mapping filter: 'httpPutFormContentFilter' to: [/*]
2017-10-26 22:20:31,640Mapping filter: 'requestContextFilter' to: [/*]
2017-10-26 22:20:33,180Building JPA container EntityManagerFactory for persistence unit 'default'
2017-10-26 22:20:33,254HHH000204: Processing PersistenceUnitInfo [
	name: default
	...]
2017-10-26 22:20:33,483HHH000412: Hibernate Core {5.0.12.Final}
2017-10-26 22:20:33,494HHH000206: hibernate.properties not found
2017-10-26 22:20:33,504HHH000021: Bytecode provider name : javassist
2017-10-26 22:20:33,675HCANN000001: Hibernate Commons Annotations {5.0.1.Final}
2017-10-26 22:20:34,616HHH000400: Using dialect: org.hibernate.dialect.MySQL5Dialect
2017-10-26 22:20:35,986Initialized JPA EntityManagerFactory for persistence unit 'default'
2017-10-26 22:20:36,832Exception encountered during context initialization - cancelling refresh attempt: org.springframework.beans.factory.UnsatisfiedDependencyException: Error creating bean with name 'wechatController': Unsatisfied dependency expressed through field 'wxMpService'; nested exception is org.springframework.beans.factory.BeanCreationException: Error creating bean with name 'wxMpService' defined in class path resource [com/xiao/wx_order/config/WechatMpConfig.class]: Bean instantiation via factory method failed; nested exception is org.springframework.beans.BeanInstantiationException: Failed to instantiate [me.chanjar.weixin.mp.api.WxMpService]: Factory method 'wxMpService' threw exception; nested exception is java.lang.NoClassDefFoundError: org/apache/http/client/methods/HttpUriRequest
2017-10-26 22:20:36,838Closing JPA EntityManagerFactory for persistence unit 'default'
2017-10-26 22:20:36,847Stopping service [Tomcat]
2017-10-26 22:20:36,886

Error starting ApplicationContext. To display the auto-configuration report re-run your application with 'debug' enabled.
2017-10-26 22:46:08,588Starting WxSellApplication on AFAAW-705012348 with PID 2868 (G:\eclipse_enviroment\wx_sell\target\classes started by Administrator in G:\eclipse_enviroment\wx_sell)
2017-10-26 22:46:08,597No active profile set, falling back to default profiles: default
2017-10-26 22:46:08,763Refreshing org.springframework.boot.context.embedded.AnnotationConfigEmbeddedWebApplicationContext@37afeb11: startup date [Thu Oct 26 22:46:08 CST 2017]; root of context hierarchy
2017-10-26 22:46:09,793HV000001: Hibernate Validator 5.3.5.Final
2017-10-26 22:46:12,710Tomcat initialized with port(s): 8080 (http)
2017-10-26 22:46:12,748Starting service [Tomcat]
2017-10-26 22:46:12,750Starting Servlet Engine: Apache Tomcat/8.5.23
2017-10-26 22:46:12,936Initializing Spring embedded WebApplicationContext
2017-10-26 22:46:12,938Root WebApplicationContext: initialization completed in 4175 ms
2017-10-26 22:46:13,207Mapping servlet: 'dispatcherServlet' to [/]
2017-10-26 22:46:13,213Mapping filter: 'characterEncodingFilter' to: [/*]
2017-10-26 22:46:13,214Mapping filter: 'hiddenHttpMethodFilter' to: [/*]
2017-10-26 22:46:13,215Mapping filter: 'httpPutFormContentFilter' to: [/*]
2017-10-26 22:46:13,215Mapping filter: 'requestContextFilter' to: [/*]
2017-10-26 22:46:14,144Building JPA container EntityManagerFactory for persistence unit 'default'
2017-10-26 22:46:14,161HHH000204: Processing PersistenceUnitInfo [
	name: default
	...]
2017-10-26 22:46:14,250HHH000412: Hibernate Core {5.0.12.Final}
2017-10-26 22:46:14,251HHH000206: hibernate.properties not found
2017-10-26 22:46:14,253HHH000021: Bytecode provider name : javassist
2017-10-26 22:46:14,330HCANN000001: Hibernate Commons Annotations {5.0.1.Final}
2017-10-26 22:46:15,250HHH000400: Using dialect: org.hibernate.dialect.MySQL5Dialect
2017-10-26 22:46:17,195Initialized JPA EntityManagerFactory for persistence unit 'default'
2017-10-26 22:46:18,174Exception encountered during context initialization - cancelling refresh attempt: org.springframework.beans.factory.UnsatisfiedDependencyException: Error creating bean with name 'wechatController': Unsatisfied dependency expressed through field 'wxMpService'; nested exception is org.springframework.beans.factory.BeanCreationException: Error creating bean with name 'wxMpService' defined in class path resource [com/xiao/wx_order/config/WechatMpConfig.class]: Bean instantiation via factory method failed; nested exception is org.springframework.beans.BeanInstantiationException: Failed to instantiate [me.chanjar.weixin.mp.api.WxMpService]: Factory method 'wxMpService' threw exception; nested exception is java.lang.NoClassDefFoundError: org/apache/http/client/methods/HttpUriRequest
2017-10-26 22:46:18,178Closing JPA EntityManagerFactory for persistence unit 'default'
2017-10-26 22:46:18,196Stopping service [Tomcat]
2017-10-26 22:46:18,226

Error starting ApplicationContext. To display the auto-configuration report re-run your application with 'debug' enabled.
2017-10-26 22:49:45,350Starting WxSellApplication on AFAAW-705012348 with PID 4616 (G:\eclipse_enviroment\wx_sell\target\classes started by Administrator in G:\eclipse_enviroment\wx_sell)
2017-10-26 22:49:45,373No active profile set, falling back to default profiles: default
2017-10-26 22:49:45,687Refreshing org.springframework.boot.context.embedded.AnnotationConfigEmbeddedWebApplicationContext@37afeb11: startup date [Thu Oct 26 22:49:45 CST 2017]; root of context hierarchy
2017-10-26 22:49:47,179HV000001: Hibernate Validator 5.3.5.Final
2017-10-26 22:49:50,408Tomcat initialized with port(s): 8080 (http)
2017-10-26 22:49:50,435Starting service [Tomcat]
2017-10-26 22:49:50,439Starting Servlet Engine: Apache Tomcat/8.5.23
2017-10-26 22:49:50,657Initializing Spring embedded WebApplicationContext
2017-10-26 22:49:50,658Root WebApplicationContext: initialization completed in 4972 ms
2017-10-26 22:49:50,973Mapping servlet: 'dispatcherServlet' to [/]
2017-10-26 22:49:50,982Mapping filter: 'characterEncodingFilter' to: [/*]
2017-10-26 22:49:50,985Mapping filter: 'hiddenHttpMethodFilter' to: [/*]
2017-10-26 22:49:50,985Mapping filter: 'httpPutFormContentFilter' to: [/*]
2017-10-26 22:49:50,985Mapping filter: 'requestContextFilter' to: [/*]
2017-10-26 22:49:52,002Building JPA container EntityManagerFactory for persistence unit 'default'
2017-10-26 22:49:52,031HHH000204: Processing PersistenceUnitInfo [
	name: default
	...]
2017-10-26 22:49:52,131HHH000412: Hibernate Core {5.0.12.Final}
2017-10-26 22:49:52,133HHH000206: hibernate.properties not found
2017-10-26 22:49:52,135HHH000021: Bytecode provider name : javassist
2017-10-26 22:49:52,196HCANN000001: Hibernate Commons Annotations {5.0.1.Final}
2017-10-26 22:49:52,520HHH000400: Using dialect: org.hibernate.dialect.MySQL5Dialect
2017-10-26 22:49:53,183Initialized JPA EntityManagerFactory for persistence unit 'default'
2017-10-26 22:49:54,238Exception encountered during context initialization - cancelling refresh attempt: org.springframework.beans.factory.UnsatisfiedDependencyException: Error creating bean with name 'wechatController': Unsatisfied dependency expressed through field 'wxMpService'; nested exception is org.springframework.beans.factory.BeanCreationException: Error creating bean with name 'wxMpService' defined in class path resource [com/xiao/wx_order/config/WechatMpConfig.class]: Bean instantiation via factory method failed; nested exception is org.springframework.beans.BeanInstantiationException: Failed to instantiate [me.chanjar.weixin.mp.api.WxMpService]: Factory method 'wxMpService' threw exception; nested exception is java.lang.StackOverflowError
2017-10-26 22:49:54,239Closing JPA EntityManagerFactory for persistence unit 'default'
2017-10-26 22:49:54,246Stopping service [Tomcat]
2017-10-26 22:49:54,265

Error starting ApplicationContext. To display the auto-configuration report re-run your application with 'debug' enabled.
2017-10-26 22:55:28,289Starting WxSellApplication on AFAAW-705012348 with PID 14388 (G:\eclipse_enviroment\wx_sell\target\classes started by Administrator in G:\eclipse_enviroment\wx_sell)
2017-10-26 22:55:28,297No active profile set, falling back to default profiles: default
2017-10-26 22:55:28,462Refreshing org.springframework.boot.context.embedded.AnnotationConfigEmbeddedWebApplicationContext@37afeb11: startup date [Thu Oct 26 22:55:28 CST 2017]; root of context hierarchy
2017-10-26 22:55:29,568HV000001: Hibernate Validator 5.3.5.Final
2017-10-26 22:55:32,201Tomcat initialized with port(s): 8080 (http)
2017-10-26 22:55:32,225Starting service [Tomcat]
2017-10-26 22:55:32,230Starting Servlet Engine: Apache Tomcat/8.5.23
2017-10-26 22:55:32,410Initializing Spring embedded WebApplicationContext
2017-10-26 22:55:32,411Root WebApplicationContext: initialization completed in 3949 ms
2017-10-26 22:55:32,698Mapping servlet: 'dispatcherServlet' to [/]
2017-10-26 22:55:32,708Mapping filter: 'characterEncodingFilter' to: [/*]
2017-10-26 22:55:32,710Mapping filter: 'hiddenHttpMethodFilter' to: [/*]
2017-10-26 22:55:32,711Mapping filter: 'httpPutFormContentFilter' to: [/*]
2017-10-26 22:55:32,714Mapping filter: 'requestContextFilter' to: [/*]
2017-10-26 22:55:33,630Building JPA container EntityManagerFactory for persistence unit 'default'
2017-10-26 22:55:33,659HHH000204: Processing PersistenceUnitInfo [
	name: default
	...]
2017-10-26 22:55:33,757HHH000412: Hibernate Core {5.0.12.Final}
2017-10-26 22:55:33,759HHH000206: hibernate.properties not found
2017-10-26 22:55:33,762HHH000021: Bytecode provider name : javassist
2017-10-26 22:55:33,816HCANN000001: Hibernate Commons Annotations {5.0.1.Final}
2017-10-26 22:55:34,109HHH000400: Using dialect: org.hibernate.dialect.MySQL5Dialect
2017-10-26 22:55:35,564Initialized JPA EntityManagerFactory for persistence unit 'default'
2017-10-26 22:55:38,388Looking for @ControllerAdvice: org.springframework.boot.context.embedded.AnnotationConfigEmbeddedWebApplicationContext@37afeb11: startup date [Thu Oct 26 22:55:28 CST 2017]; root of context hierarchy
2017-10-26 22:55:38,575Mapped "{[/buyer/order/create],methods=[POST]}" onto public com.xiao.wx_order.VO.ResultVO<java.util.Map<java.lang.String, java.lang.String>> com.xiao.wx_order.controller.BuyerOrderController.create(com.xiao.wx_order.form.OrderForm,org.springframework.validation.BindingResult)
2017-10-26 22:55:38,578Mapped "{[/buyer/order/list],methods=[POST]}" onto public com.xiao.wx_order.VO.ResultVO<java.util.List<com.xiao.wx_order.dto.OrderDTO>> com.xiao.wx_order.controller.BuyerOrderController.list(java.lang.String,java.lang.Integer,java.lang.Integer)
2017-10-26 22:55:38,578Mapped "{[/buyer/order/cancel],methods=[POST]}" onto public com.xiao.wx_order.VO.ResultVO com.xiao.wx_order.controller.BuyerOrderController.cancel(java.lang.String,java.lang.String)
2017-10-26 22:55:38,579Mapped "{[/buyer/order/detail],methods=[GET]}" onto public com.xiao.wx_order.VO.ResultVO<com.xiao.wx_order.dto.OrderDTO> com.xiao.wx_order.controller.BuyerOrderController.detail(java.lang.String,java.lang.String)
2017-10-26 22:55:38,594Mapped "{[/buyer/product/list],methods=[GET]}" onto public com.xiao.wx_order.VO.ResultVO com.xiao.wx_order.controller.BuyerProductController.list()
2017-10-26 22:55:38,596Mapped "{[/wechat/userInfo],methods=[GET]}" onto public java.lang.String com.xiao.wx_order.controller.WechatController.userInfo(java.lang.String,java.lang.String)
2017-10-26 22:55:38,610Mapped "{[/wechat/authorize],methods=[GET]}" onto public java.lang.String com.xiao.wx_order.controller.WechatController.authorize(java.lang.String)
2017-10-26 22:55:38,616Mapped "{[/weixin/auth],methods=[GET]}" onto public void com.xiao.wx_order.controller.WeixinController.auth(java.lang.String)
2017-10-26 22:55:38,624Mapped "{[/error]}" onto public org.springframework.http.ResponseEntity<java.util.Map<java.lang.String, java.lang.Object>> org.springframework.boot.autoconfigure.web.BasicErrorController.error(javax.servlet.http.HttpServletRequest)
2017-10-26 22:55:38,628Mapped "{[/error],produces=[text/html]}" onto public org.springframework.web.servlet.ModelAndView org.springframework.boot.autoconfigure.web.BasicErrorController.errorHtml(javax.servlet.http.HttpServletRequest,javax.servlet.http.HttpServletResponse)
2017-10-26 22:55:38,701Mapped URL path [/webjars/**] onto handler of type [class org.springframework.web.servlet.resource.ResourceHttpRequestHandler]
2017-10-26 22:55:38,702Mapped URL path [/**] onto handler of type [class org.springframework.web.servlet.resource.ResourceHttpRequestHandler]
2017-10-26 22:55:38,769Mapped URL path [/**/favicon.ico] onto handler of type [class org.springframework.web.servlet.resource.ResourceHttpRequestHandler]
2017-10-26 22:55:39,147Registering beans for JMX exposure on startup
2017-10-26 22:55:39,174Initializing ProtocolHandler ["http-nio-8080"]
2017-10-26 22:55:39,195Starting ProtocolHandler ["http-nio-8080"]
2017-10-26 22:55:39,217Using a shared selector for servlet write/read
2017-10-26 22:55:39,250Tomcat started on port(s): 8080 (http)
2017-10-26 22:55:39,267Started WxSellApplication in 12.187 seconds (JVM running for 13.956)
2017-10-26 22:58:39,572Initializing Spring FrameworkServlet 'dispatcherServlet'
2017-10-26 22:58:39,573FrameworkServlet 'dispatcherServlet': initialization started
2017-10-26 22:58:39,819FrameworkServlet 'dispatcherServlet': initialization completed in 245 ms
2017-10-26 22:58:39,997【微信网页授权】获取code,result=https://open.weixin.qq.com/connect/oauth2/authorize?appid=wxa5da69153bc4b178&redirect_uri=http%3A%2F%2Fxiao-wxsell.natapp1.cc%2Fsell%2Fwechat%2FuserInfo&response_type=code&scope=snsapi_userinfo&state=http%3A%2F%2Fwww.baidu.com#wechat_redirect
2017-10-26 22:58:48,019【微信网页授权】获取code,result=https://open.weixin.qq.com/connect/oauth2/authorize?appid=wxa5da69153bc4b178&redirect_uri=http%3A%2F%2Fxiao-wxsell.natapp1.cc%2Fsell%2Fwechat%2FuserInfo&response_type=code&scope=snsapi_userinfo&state=http%3A%2F%2Fwww.baidu.com#wechat_redirect
2017-10-26 22:59:35,961【微信网页授权】获取code,result=https://open.weixin.qq.com/connect/oauth2/authorize?appid=wxa5da69153bc4b178&redirect_uri=http%3A%2F%2Fxiao-wxsell.natapp1.cc%2Fsell%2Fwechat%2FuserInfo&response_type=code&scope=snsapi_userinfo&state=http%3A#wechat_redirect
2017-10-26 22:59:44,652【微信网页授权】获取code,result=https://open.weixin.qq.com/connect/oauth2/authorize?appid=wxa5da69153bc4b178&redirect_uri=http%3A%2F%2Fxiao-wxsell.natapp1.cc%2Fsell%2Fwechat%2FuserInfo&response_type=code&scope=snsapi_userinfo&state=http%3A#wechat_redirect
2017-10-26 23:01:36,217Starting WxSellApplication on AFAAW-705012348 with PID 14840 (G:\eclipse_enviroment\wx_sell\target\classes started by Administrator in G:\eclipse_enviroment\wx_sell)
2017-10-26 23:01:36,222No active profile set, falling back to default profiles: default
2017-10-26 23:01:36,422Refreshing org.springframework.boot.context.embedded.AnnotationConfigEmbeddedWebApplicationContext@37afeb11: startup date [Thu Oct 26 23:01:36 CST 2017]; root of context hierarchy
2017-10-26 23:01:37,473HV000001: Hibernate Validator 5.3.5.Final
2017-10-26 23:01:40,615Tomcat initialized with port(s): 8080 (http)
2017-10-26 23:01:40,687Starting service [Tomcat]
2017-10-26 23:01:40,688Starting Servlet Engine: Apache Tomcat/8.5.23
2017-10-26 23:01:41,227Initializing Spring embedded WebApplicationContext
2017-10-26 23:01:41,227Root WebApplicationContext: initialization completed in 4806 ms
2017-10-26 23:01:41,920Mapping servlet: 'dispatcherServlet' to [/]
2017-10-26 23:01:41,930Mapping filter: 'characterEncodingFilter' to: [/*]
2017-10-26 23:01:41,932Mapping filter: 'hiddenHttpMethodFilter' to: [/*]
2017-10-26 23:01:41,932Mapping filter: 'httpPutFormContentFilter' to: [/*]
2017-10-26 23:01:41,933Mapping filter: 'requestContextFilter' to: [/*]
2017-10-26 23:01:42,921Building JPA container EntityManagerFactory for persistence unit 'default'
2017-10-26 23:01:42,937HHH000204: Processing PersistenceUnitInfo [
	name: default
	...]
2017-10-26 23:01:43,030HHH000412: Hibernate Core {5.0.12.Final}
2017-10-26 23:01:43,031HHH000206: hibernate.properties not found
2017-10-26 23:01:43,033HHH000021: Bytecode provider name : javassist
2017-10-26 23:01:43,082HCANN000001: Hibernate Commons Annotations {5.0.1.Final}
2017-10-26 23:01:44,132HHH000400: Using dialect: org.hibernate.dialect.MySQL5Dialect
2017-10-26 23:01:46,489Initialized JPA EntityManagerFactory for persistence unit 'default'
2017-10-26 23:01:49,724Looking for @ControllerAdvice: org.springframework.boot.context.embedded.AnnotationConfigEmbeddedWebApplicationContext@37afeb11: startup date [Thu Oct 26 23:01:36 CST 2017]; root of context hierarchy
2017-10-26 23:01:49,891Mapped "{[/buyer/order/create],methods=[POST]}" onto public com.xiao.wx_order.VO.ResultVO<java.util.Map<java.lang.String, java.lang.String>> com.xiao.wx_order.controller.BuyerOrderController.create(com.xiao.wx_order.form.OrderForm,org.springframework.validation.BindingResult)
2017-10-26 23:01:49,902Mapped "{[/buyer/order/list],methods=[POST]}" onto public com.xiao.wx_order.VO.ResultVO<java.util.List<com.xiao.wx_order.dto.OrderDTO>> com.xiao.wx_order.controller.BuyerOrderController.list(java.lang.String,java.lang.Integer,java.lang.Integer)
2017-10-26 23:01:49,904Mapped "{[/buyer/order/cancel],methods=[POST]}" onto public com.xiao.wx_order.VO.ResultVO com.xiao.wx_order.controller.BuyerOrderController.cancel(java.lang.String,java.lang.String)
2017-10-26 23:01:49,907Mapped "{[/buyer/order/detail],methods=[GET]}" onto public com.xiao.wx_order.VO.ResultVO<com.xiao.wx_order.dto.OrderDTO> com.xiao.wx_order.controller.BuyerOrderController.detail(java.lang.String,java.lang.String)
2017-10-26 23:01:49,910Mapped "{[/buyer/product/list],methods=[GET]}" onto public com.xiao.wx_order.VO.ResultVO com.xiao.wx_order.controller.BuyerProductController.list()
2017-10-26 23:01:49,911Mapped "{[/wechat/userInfo],methods=[GET]}" onto public java.lang.String com.xiao.wx_order.controller.WechatController.userInfo(java.lang.String,java.lang.String)
2017-10-26 23:01:49,912Mapped "{[/wechat/authorize],methods=[GET]}" onto public java.lang.String com.xiao.wx_order.controller.WechatController.authorize(java.lang.String)
2017-10-26 23:01:49,914Mapped "{[/weixin/auth],methods=[GET]}" onto public void com.xiao.wx_order.controller.WeixinController.auth(java.lang.String)
2017-10-26 23:01:49,917Mapped "{[/error]}" onto public org.springframework.http.ResponseEntity<java.util.Map<java.lang.String, java.lang.Object>> org.springframework.boot.autoconfigure.web.BasicErrorController.error(javax.servlet.http.HttpServletRequest)
2017-10-26 23:01:49,919Mapped "{[/error],produces=[text/html]}" onto public org.springframework.web.servlet.ModelAndView org.springframework.boot.autoconfigure.web.BasicErrorController.errorHtml(javax.servlet.http.HttpServletRequest,javax.servlet.http.HttpServletResponse)
2017-10-26 23:01:50,015Mapped URL path [/webjars/**] onto handler of type [class org.springframework.web.servlet.resource.ResourceHttpRequestHandler]
2017-10-26 23:01:50,016Mapped URL path [/**] onto handler of type [class org.springframework.web.servlet.resource.ResourceHttpRequestHandler]
2017-10-26 23:01:50,082Mapped URL path [/**/favicon.ico] onto handler of type [class org.springframework.web.servlet.resource.ResourceHttpRequestHandler]
2017-10-26 23:01:50,502Registering beans for JMX exposure on startup
2017-10-26 23:01:50,539Initializing ProtocolHandler ["http-nio-8080"]
2017-10-26 23:01:50,562Starting ProtocolHandler ["http-nio-8080"]
2017-10-26 23:01:50,600Using a shared selector for servlet write/read
2017-10-26 23:01:50,630Tomcat started on port(s): 8080 (http)
2017-10-26 23:01:50,640Started WxSellApplication in 16.14 seconds (JVM running for 17.373)
2017-10-26 23:02:01,266Initializing Spring FrameworkServlet 'dispatcherServlet'
2017-10-26 23:02:01,267FrameworkServlet 'dispatcherServlet': initialization started
2017-10-26 23:02:01,384FrameworkServlet 'dispatcherServlet': initialization completed in 117 ms
2017-10-26 23:02:01,488【微信网页授权】获取code,result=https://open.weixin.qq.com/connect/oauth2/authorize?appid=wxa5da69153bc4b178&redirect_uri=http%3A%2F%2Fxiao-wxsell.natapp1.cc%2Fsell%2Fwechat%2FuserInfo&response_type=code&scope=snsapi_userinfo&state=http%3A%2F%2Fwww.imooc.com#wechat_redirect
2017-10-26 23:02:10,631【微信网页授权】获取code,result=https://open.weixin.qq.com/connect/oauth2/authorize?appid=wxa5da69153bc4b178&redirect_uri=http%3A%2F%2Fxiao-wxsell.natapp1.cc%2Fsell%2Fwechat%2FuserInfo&response_type=code&scope=snsapi_userinfo&state=http%3A%2F%2Fwww.imooc.com#wechat_redirect
2017-10-26 23:05:39,352Starting WxSellApplication on AFAAW-705012348 with PID 12172 (G:\eclipse_enviroment\wx_sell\target\classes started by Administrator in G:\eclipse_enviroment\wx_sell)
2017-10-26 23:05:39,357No active profile set, falling back to default profiles: default
2017-10-26 23:05:39,482Refreshing org.springframework.boot.context.embedded.AnnotationConfigEmbeddedWebApplicationContext@37afeb11: startup date [Thu Oct 26 23:05:39 CST 2017]; root of context hierarchy
2017-10-26 23:05:40,220HV000001: Hibernate Validator 5.3.5.Final
2017-10-26 23:05:43,010Tomcat initialized with port(s): 8080 (http)
2017-10-26 23:05:43,034Starting service [Tomcat]
2017-10-26 23:05:43,036Starting Servlet Engine: Apache Tomcat/8.5.23
2017-10-26 23:05:43,227Initializing Spring embedded WebApplicationContext
2017-10-26 23:05:43,227Root WebApplicationContext: initialization completed in 3745 ms
2017-10-26 23:05:43,518Mapping servlet: 'dispatcherServlet' to [/]
2017-10-26 23:05:43,530Mapping filter: 'characterEncodingFilter' to: [/*]
2017-10-26 23:05:43,531Mapping filter: 'hiddenHttpMethodFilter' to: [/*]
2017-10-26 23:05:43,531Mapping filter: 'httpPutFormContentFilter' to: [/*]
2017-10-26 23:05:43,531Mapping filter: 'requestContextFilter' to: [/*]
2017-10-26 23:05:44,600Building JPA container EntityManagerFactory for persistence unit 'default'
2017-10-26 23:05:44,635HHH000204: Processing PersistenceUnitInfo [
	name: default
	...]
2017-10-26 23:05:44,744HHH000412: Hibernate Core {5.0.12.Final}
2017-10-26 23:05:44,746HHH000206: hibernate.properties not found
2017-10-26 23:05:44,748HHH000021: Bytecode provider name : javassist
2017-10-26 23:05:44,810HCANN000001: Hibernate Commons Annotations {5.0.1.Final}
2017-10-26 23:05:45,230HHH000400: Using dialect: org.hibernate.dialect.MySQL5Dialect
2017-10-26 23:05:45,909Initialized JPA EntityManagerFactory for persistence unit 'default'
2017-10-26 23:05:47,575Looking for @ControllerAdvice: org.springframework.boot.context.embedded.AnnotationConfigEmbeddedWebApplicationContext@37afeb11: startup date [Thu Oct 26 23:05:39 CST 2017]; root of context hierarchy
2017-10-26 23:05:47,715Mapped "{[/buyer/order/create],methods=[POST]}" onto public com.xiao.wx_order.VO.ResultVO<java.util.Map<java.lang.String, java.lang.String>> com.xiao.wx_order.controller.BuyerOrderController.create(com.xiao.wx_order.form.OrderForm,org.springframework.validation.BindingResult)
2017-10-26 23:05:47,718Mapped "{[/buyer/order/list],methods=[POST]}" onto public com.xiao.wx_order.VO.ResultVO<java.util.List<com.xiao.wx_order.dto.OrderDTO>> com.xiao.wx_order.controller.BuyerOrderController.list(java.lang.String,java.lang.Integer,java.lang.Integer)
2017-10-26 23:05:47,718Mapped "{[/buyer/order/cancel],methods=[POST]}" onto public com.xiao.wx_order.VO.ResultVO com.xiao.wx_order.controller.BuyerOrderController.cancel(java.lang.String,java.lang.String)
2017-10-26 23:05:47,718Mapped "{[/buyer/order/detail],methods=[GET]}" onto public com.xiao.wx_order.VO.ResultVO<com.xiao.wx_order.dto.OrderDTO> com.xiao.wx_order.controller.BuyerOrderController.detail(java.lang.String,java.lang.String)
2017-10-26 23:05:47,720Mapped "{[/buyer/product/list],methods=[GET]}" onto public com.xiao.wx_order.VO.ResultVO com.xiao.wx_order.controller.BuyerProductController.list()
2017-10-26 23:05:47,725Mapped "{[/wechat/userInfo],methods=[GET]}" onto public java.lang.String com.xiao.wx_order.controller.WechatController.userInfo(java.lang.String,java.lang.String)
2017-10-26 23:05:47,725Mapped "{[/wechat/authorize],methods=[GET]}" onto public java.lang.String com.xiao.wx_order.controller.WechatController.authorize(java.lang.String)
2017-10-26 23:05:47,726Mapped "{[/weixin/auth],methods=[GET]}" onto public void com.xiao.wx_order.controller.WeixinController.auth(java.lang.String)
2017-10-26 23:05:47,732Mapped "{[/error]}" onto public org.springframework.http.ResponseEntity<java.util.Map<java.lang.String, java.lang.Object>> org.springframework.boot.autoconfigure.web.BasicErrorController.error(javax.servlet.http.HttpServletRequest)
2017-10-26 23:05:47,734Mapped "{[/error],produces=[text/html]}" onto public org.springframework.web.servlet.ModelAndView org.springframework.boot.autoconfigure.web.BasicErrorController.errorHtml(javax.servlet.http.HttpServletRequest,javax.servlet.http.HttpServletResponse)
2017-10-26 23:05:47,778Mapped URL path [/webjars/**] onto handler of type [class org.springframework.web.servlet.resource.ResourceHttpRequestHandler]
2017-10-26 23:05:47,778Mapped URL path [/**] onto handler of type [class org.springframework.web.servlet.resource.ResourceHttpRequestHandler]
2017-10-26 23:05:47,902Mapped URL path [/**/favicon.ico] onto handler of type [class org.springframework.web.servlet.resource.ResourceHttpRequestHandler]
2017-10-26 23:05:48,315Registering beans for JMX exposure on startup
2017-10-26 23:05:48,334Initializing ProtocolHandler ["http-nio-8080"]
2017-10-26 23:05:48,351Starting ProtocolHandler ["http-nio-8080"]
2017-10-26 23:05:48,368Using a shared selector for servlet write/read
2017-10-26 23:05:48,396Tomcat started on port(s): 8080 (http)
2017-10-26 23:05:48,401Started WxSellApplication in 10.447 seconds (JVM running for 12.066)
2017-10-26 23:06:06,432Initializing Spring FrameworkServlet 'dispatcherServlet'
2017-10-26 23:06:06,433FrameworkServlet 'dispatcherServlet': initialization started
2017-10-26 23:06:06,540FrameworkServlet 'dispatcherServlet': initialization completed in 107 ms
2017-10-26 23:06:06,662【微信网页授权】获取code,result=https://open.weixin.qq.com/connect/oauth2/authorize?appid=wxa5da69153bc4b178&redirect_uri=http%3A%2F%2Fxiao-wxsell.natapp1.cc%2Fsell%2Fwechat%2FuserInfo&response_type=code&scope=snsapi_userinfo&state=http%3A%2F%2Fwww.imooc.com#wechat_redirect
2017-10-26 23:06:06,662【微信网页授权】获取code,result=https://open.weixin.qq.com/connect/oauth2/authorize?appid=wxa5da69153bc4b178&redirect_uri=http%3A%2F%2Fxiao-wxsell.natapp1.cc%2Fsell%2Fwechat%2FuserInfo&response_type=code&scope=snsapi_userinfo&state=http%3A%2F%2Fwww.imooc.com#wechat_redirect
2017-10-26 23:06:49,545【微信网页授权】获取code,result=https://open.weixin.qq.com/connect/oauth2/authorize?appid=wxa5da69153bc4b178&redirect_uri=http%3A%2F%2Fxiao-wxsell.natapp1.cc%2Fsell%2Fwechat%2FuserInfo&response_type=code&scope=snsapi_userinfo&state=http%3A%2F%2Fwww.imooc.com#wechat_redirect
2017-10-26 23:08:18,926Starting WxSellApplication on AFAAW-705012348 with PID 11596 (G:\eclipse_enviroment\wx_sell\target\classes started by Administrator in G:\eclipse_enviroment\wx_sell)
2017-10-26 23:08:18,957No active profile set, falling back to default profiles: default
2017-10-26 23:08:19,234Refreshing org.springframework.boot.context.embedded.AnnotationConfigEmbeddedWebApplicationContext@31ff43be: startup date [Thu Oct 26 23:08:19 CST 2017]; root of context hierarchy
2017-10-26 23:08:20,610HV000001: Hibernate Validator 5.3.5.Final
2017-10-26 23:08:24,099Tomcat initialized with port(s): 8080 (http)
2017-10-26 23:08:24,123Starting service [Tomcat]
2017-10-26 23:08:24,126Starting Servlet Engine: Apache Tomcat/8.5.23
2017-10-26 23:08:24,312Initializing Spring embedded WebApplicationContext
2017-10-26 23:08:24,312Root WebApplicationContext: initialization completed in 5078 ms
2017-10-26 23:08:24,596Mapping servlet: 'dispatcherServlet' to [/]
2017-10-26 23:08:24,605Mapping filter: 'characterEncodingFilter' to: [/*]
2017-10-26 23:08:24,616Mapping filter: 'hiddenHttpMethodFilter' to: [/*]
2017-10-26 23:08:24,617Mapping filter: 'httpPutFormContentFilter' to: [/*]
2017-10-26 23:08:24,618Mapping filter: 'requestContextFilter' to: [/*]
2017-10-26 23:08:25,497Building JPA container EntityManagerFactory for persistence unit 'default'
2017-10-26 23:08:25,515HHH000204: Processing PersistenceUnitInfo [
	name: default
	...]
2017-10-26 23:08:25,596HHH000412: Hibernate Core {5.0.12.Final}
2017-10-26 23:08:25,598HHH000206: hibernate.properties not found
2017-10-26 23:08:25,601HHH000021: Bytecode provider name : javassist
2017-10-26 23:08:25,792HCANN000001: Hibernate Commons Annotations {5.0.1.Final}
2017-10-26 23:08:26,042HHH000400: Using dialect: org.hibernate.dialect.MySQL5Dialect
2017-10-26 23:08:28,093Initialized JPA EntityManagerFactory for persistence unit 'default'
2017-10-26 23:08:30,748Looking for @ControllerAdvice: org.springframework.boot.context.embedded.AnnotationConfigEmbeddedWebApplicationContext@31ff43be: startup date [Thu Oct 26 23:08:19 CST 2017]; root of context hierarchy
2017-10-26 23:08:30,959Mapped "{[/buyer/order/create],methods=[POST]}" onto public com.xiao.wx_order.VO.ResultVO<java.util.Map<java.lang.String, java.lang.String>> com.xiao.wx_order.controller.BuyerOrderController.create(com.xiao.wx_order.form.OrderForm,org.springframework.validation.BindingResult)
2017-10-26 23:08:30,962Mapped "{[/buyer/order/list],methods=[POST]}" onto public com.xiao.wx_order.VO.ResultVO<java.util.List<com.xiao.wx_order.dto.OrderDTO>> com.xiao.wx_order.controller.BuyerOrderController.list(java.lang.String,java.lang.Integer,java.lang.Integer)
2017-10-26 23:08:30,963Mapped "{[/buyer/order/cancel],methods=[POST]}" onto public com.xiao.wx_order.VO.ResultVO com.xiao.wx_order.controller.BuyerOrderController.cancel(java.lang.String,java.lang.String)
2017-10-26 23:08:30,963Mapped "{[/buyer/order/detail],methods=[GET]}" onto public com.xiao.wx_order.VO.ResultVO<com.xiao.wx_order.dto.OrderDTO> com.xiao.wx_order.controller.BuyerOrderController.detail(java.lang.String,java.lang.String)
2017-10-26 23:08:30,967Mapped "{[/buyer/product/list],methods=[GET]}" onto public com.xiao.wx_order.VO.ResultVO com.xiao.wx_order.controller.BuyerProductController.list()
2017-10-26 23:08:30,973Mapped "{[/wechat/userInfo],methods=[GET]}" onto public java.lang.String com.xiao.wx_order.controller.WechatController.userInfo(java.lang.String,java.lang.String)
2017-10-26 23:08:30,975Mapped "{[/wechat/authorize],methods=[GET]}" onto public java.lang.String com.xiao.wx_order.controller.WechatController.authorize(java.lang.String)
2017-10-26 23:08:30,977Mapped "{[/weixin/auth],methods=[GET]}" onto public void com.xiao.wx_order.controller.WeixinController.auth(java.lang.String)
2017-10-26 23:08:30,982Mapped "{[/error]}" onto public org.springframework.http.ResponseEntity<java.util.Map<java.lang.String, java.lang.Object>> org.springframework.boot.autoconfigure.web.BasicErrorController.error(javax.servlet.http.HttpServletRequest)
2017-10-26 23:08:30,985Mapped "{[/error],produces=[text/html]}" onto public org.springframework.web.servlet.ModelAndView org.springframework.boot.autoconfigure.web.BasicErrorController.errorHtml(javax.servlet.http.HttpServletRequest,javax.servlet.http.HttpServletResponse)
2017-10-26 23:08:31,073Mapped URL path [/webjars/**] onto handler of type [class org.springframework.web.servlet.resource.ResourceHttpRequestHandler]
2017-10-26 23:08:31,075Mapped URL path [/**] onto handler of type [class org.springframework.web.servlet.resource.ResourceHttpRequestHandler]
2017-10-26 23:08:31,205Mapped URL path [/**/favicon.ico] onto handler of type [class org.springframework.web.servlet.resource.ResourceHttpRequestHandler]
2017-10-26 23:08:31,978Registering beans for JMX exposure on startup
2017-10-26 23:08:32,004Initializing ProtocolHandler ["http-nio-8080"]
2017-10-26 23:08:32,028Starting ProtocolHandler ["http-nio-8080"]
2017-10-26 23:08:32,045Using a shared selector for servlet write/read
2017-10-26 23:08:32,098Tomcat started on port(s): 8080 (http)
2017-10-26 23:08:32,107Started WxSellApplication in 14.92 seconds (JVM running for 17.719)
2017-10-26 23:10:24,269Initializing Spring FrameworkServlet 'dispatcherServlet'
2017-10-26 23:10:24,270FrameworkServlet 'dispatcherServlet': initialization started
2017-10-26 23:10:24,519FrameworkServlet 'dispatcherServlet': initialization completed in 248 ms
2017-10-26 23:11:17,501【微信网页授权】获取code,result=https://open.weixin.qq.com/connect/oauth2/authorize?appid=wxa5da69153bc4b178&redirect_uri=http%3A%2F%2Fxiao-wxsell.natapp1.cc%2Fsell%2Fwechat%2FuserInfo&response_type=code&scope=snsapi_userinfo&state=http%3A%2F%2Fwww.imooc.com#wechat_redirect
2017-10-26 23:23:14,055Starting WxSellApplication on AFAAW-705012348 with PID 12560 (G:\eclipse_enviroment\wx_sell\target\classes started by Administrator in G:\eclipse_enviroment\wx_sell)
2017-10-26 23:23:14,061No active profile set, falling back to default profiles: default
2017-10-26 23:23:14,194Refreshing org.springframework.boot.context.embedded.AnnotationConfigEmbeddedWebApplicationContext@37afeb11: startup date [Thu Oct 26 23:23:14 CST 2017]; root of context hierarchy
2017-10-26 23:23:15,125HV000001: Hibernate Validator 5.3.5.Final
2017-10-26 23:23:18,304Tomcat initialized with port(s): 8080 (http)
2017-10-26 23:23:18,335Starting service [Tomcat]
2017-10-26 23:23:18,337Starting Servlet Engine: Apache Tomcat/8.5.23
2017-10-26 23:23:18,537Initializing Spring embedded WebApplicationContext
2017-10-26 23:23:18,538Root WebApplicationContext: initialization completed in 4344 ms
2017-10-26 23:23:18,975Mapping servlet: 'dispatcherServlet' to [/]
2017-10-26 23:23:18,985Mapping filter: 'characterEncodingFilter' to: [/*]
2017-10-26 23:23:18,989Mapping filter: 'hiddenHttpMethodFilter' to: [/*]
2017-10-26 23:23:18,990Mapping filter: 'httpPutFormContentFilter' to: [/*]
2017-10-26 23:23:18,991Mapping filter: 'requestContextFilter' to: [/*]
2017-10-26 23:23:20,622Building JPA container EntityManagerFactory for persistence unit 'default'
2017-10-26 23:23:20,711HHH000204: Processing PersistenceUnitInfo [
	name: default
	...]
2017-10-26 23:23:20,938HHH000412: Hibernate Core {5.0.12.Final}
2017-10-26 23:23:20,941HHH000206: hibernate.properties not found
2017-10-26 23:23:20,946HHH000021: Bytecode provider name : javassist
2017-10-26 23:23:21,096HCANN000001: Hibernate Commons Annotations {5.0.1.Final}
2017-10-26 23:23:21,967HHH000400: Using dialect: org.hibernate.dialect.MySQL5Dialect
2017-10-26 23:23:23,345Initialized JPA EntityManagerFactory for persistence unit 'default'
2017-10-26 23:23:25,599Looking for @ControllerAdvice: org.springframework.boot.context.embedded.AnnotationConfigEmbeddedWebApplicationContext@37afeb11: startup date [Thu Oct 26 23:23:14 CST 2017]; root of context hierarchy
2017-10-26 23:23:25,855Mapped "{[/buyer/order/create],methods=[POST]}" onto public com.xiao.wx_order.VO.ResultVO<java.util.Map<java.lang.String, java.lang.String>> com.xiao.wx_order.controller.BuyerOrderController.create(com.xiao.wx_order.form.OrderForm,org.springframework.validation.BindingResult)
2017-10-26 23:23:25,857Mapped "{[/buyer/order/list],methods=[POST]}" onto public com.xiao.wx_order.VO.ResultVO<java.util.List<com.xiao.wx_order.dto.OrderDTO>> com.xiao.wx_order.controller.BuyerOrderController.list(java.lang.String,java.lang.Integer,java.lang.Integer)
2017-10-26 23:23:25,860Mapped "{[/buyer/order/cancel],methods=[POST]}" onto public com.xiao.wx_order.VO.ResultVO com.xiao.wx_order.controller.BuyerOrderController.cancel(java.lang.String,java.lang.String)
2017-10-26 23:23:25,861Mapped "{[/buyer/order/detail],methods=[GET]}" onto public com.xiao.wx_order.VO.ResultVO<com.xiao.wx_order.dto.OrderDTO> com.xiao.wx_order.controller.BuyerOrderController.detail(java.lang.String,java.lang.String)
2017-10-26 23:23:25,863Mapped "{[/buyer/product/list],methods=[GET]}" onto public com.xiao.wx_order.VO.ResultVO com.xiao.wx_order.controller.BuyerProductController.list()
2017-10-26 23:23:25,870Mapped "{[/wechat/userInfo],methods=[GET]}" onto public java.lang.String com.xiao.wx_order.controller.WechatController.userInfo(java.lang.String,java.lang.String)
2017-10-26 23:23:25,872Mapped "{[/wechat/authorize],methods=[GET]}" onto public java.lang.String com.xiao.wx_order.controller.WechatController.authorize(java.lang.String)
2017-10-26 23:23:25,876Mapped "{[/weixin/auth],methods=[GET]}" onto public void com.xiao.wx_order.controller.WeixinController.auth(java.lang.String)
2017-10-26 23:23:25,882Mapped "{[/error]}" onto public org.springframework.http.ResponseEntity<java.util.Map<java.lang.String, java.lang.Object>> org.springframework.boot.autoconfigure.web.BasicErrorController.error(javax.servlet.http.HttpServletRequest)
2017-10-26 23:23:25,885Mapped "{[/error],produces=[text/html]}" onto public org.springframework.web.servlet.ModelAndView org.springframework.boot.autoconfigure.web.BasicErrorController.errorHtml(javax.servlet.http.HttpServletRequest,javax.servlet.http.HttpServletResponse)
2017-10-26 23:23:26,065Mapped URL path [/webjars/**] onto handler of type [class org.springframework.web.servlet.resource.ResourceHttpRequestHandler]
2017-10-26 23:23:26,065Mapped URL path [/**] onto handler of type [class org.springframework.web.servlet.resource.ResourceHttpRequestHandler]
2017-10-26 23:23:26,154Mapped URL path [/**/favicon.ico] onto handler of type [class org.springframework.web.servlet.resource.ResourceHttpRequestHandler]
2017-10-26 23:23:26,559Registering beans for JMX exposure on startup
2017-10-26 23:23:26,583Initializing ProtocolHandler ["http-nio-8080"]
2017-10-26 23:23:26,605Starting ProtocolHandler ["http-nio-8080"]
2017-10-26 23:23:26,622Using a shared selector for servlet write/read
2017-10-26 23:23:26,656Tomcat started on port(s): 8080 (http)
2017-10-26 23:23:26,661Started WxSellApplication in 14.273 seconds (JVM running for 15.581)
