2017-10-27 11:36:35,859Starting WxSellApplication on AFAAW-705012348 with PID 2680 (G:\eclipse_enviroment\wx_sell\target\classes started by Administrator in G:\eclipse_enviroment\wx_sell)
2017-10-27 11:36:35,861No active profile set, falling back to default profiles: default
2017-10-27 11:36:35,950Refreshing org.springframework.boot.context.embedded.AnnotationConfigEmbeddedWebApplicationContext@37afeb11: startup date [Fri Oct 27 11:36:35 CST 2017]; root of context hierarchy
2017-10-27 11:36:36,377HV000001: Hibernate Validator 5.3.5.Final
2017-10-27 11:36:39,154Tomcat initialized with port(s): 8080 (http)
2017-10-27 11:36:39,180Starting service [Tomcat]
2017-10-27 11:36:39,182Starting Servlet Engine: Apache Tomcat/8.5.23
2017-10-27 11:36:39,839Initializing Spring embedded WebApplicationContext
2017-10-27 11:36:39,839Root WebApplicationContext: initialization completed in 3889 ms
2017-10-27 11:36:40,087Mapping servlet: 'dispatcherServlet' to [/]
2017-10-27 11:36:40,093Mapping filter: 'characterEncodingFilter' to: [/*]
2017-10-27 11:36:40,094Mapping filter: 'hiddenHttpMethodFilter' to: [/*]
2017-10-27 11:36:40,094Mapping filter: 'httpPutFormContentFilter' to: [/*]
2017-10-27 11:36:40,094Mapping filter: 'requestContextFilter' to: [/*]
2017-10-27 11:36:41,155Building JPA container EntityManagerFactory for persistence unit 'default'
2017-10-27 11:36:41,184HHH000204: Processing PersistenceUnitInfo [
	name: default
	...]
2017-10-27 11:36:41,298HHH000412: Hibernate Core {5.0.12.Final}
2017-10-27 11:36:41,302HHH000206: hibernate.properties not found
2017-10-27 11:36:41,305HHH000021: Bytecode provider name : javassist
2017-10-27 11:36:41,371HCANN000001: Hibernate Commons Annotations {5.0.1.Final}
2017-10-27 11:36:41,907HHH000400: Using dialect: org.hibernate.dialect.MySQL5Dialect
2017-10-27 11:36:42,937Initialized JPA EntityManagerFactory for persistence unit 'default'
2017-10-27 11:36:47,141Looking for @ControllerAdvice: org.springframework.boot.context.embedded.AnnotationConfigEmbeddedWebApplicationContext@37afeb11: startup date [Fri Oct 27 11:36:35 CST 2017]; root of context hierarchy
2017-10-27 11:36:47,450Mapped "{[/buyer/order/create],methods=[POST]}" onto public com.xiao.wx_order.VO.ResultVO<java.util.Map<java.lang.String, java.lang.String>> com.xiao.wx_order.controller.BuyerOrderController.create(com.xiao.wx_order.form.OrderForm,org.springframework.validation.BindingResult)
2017-10-27 11:36:47,452Mapped "{[/buyer/order/list],methods=[POST]}" onto public com.xiao.wx_order.VO.ResultVO<java.util.List<com.xiao.wx_order.dto.OrderDTO>> com.xiao.wx_order.controller.BuyerOrderController.list(java.lang.String,java.lang.Integer,java.lang.Integer)
2017-10-27 11:36:47,456Mapped "{[/buyer/order/cancel],methods=[POST]}" onto public com.xiao.wx_order.VO.ResultVO com.xiao.wx_order.controller.BuyerOrderController.cancel(java.lang.String,java.lang.String)
2017-10-27 11:36:47,457Mapped "{[/buyer/order/detail],methods=[GET]}" onto public com.xiao.wx_order.VO.ResultVO<com.xiao.wx_order.dto.OrderDTO> com.xiao.wx_order.controller.BuyerOrderController.detail(java.lang.String,java.lang.String)
2017-10-27 11:36:47,459Mapped "{[/buyer/product/list],methods=[GET]}" onto public com.xiao.wx_order.VO.ResultVO com.xiao.wx_order.controller.BuyerProductController.list()
2017-10-27 11:36:47,462Mapped "{[/wechat/userInfo],methods=[GET]}" onto public java.lang.String com.xiao.wx_order.controller.WechatController.userInfo(java.lang.String,java.lang.String)
2017-10-27 11:36:47,462Mapped "{[/wechat/authorize],methods=[GET]}" onto public java.lang.String com.xiao.wx_order.controller.WechatController.authorize(java.lang.String)
2017-10-27 11:36:47,465Mapped "{[/weixin/auth],methods=[GET]}" onto public void com.xiao.wx_order.controller.WeixinController.auth(java.lang.String)
2017-10-27 11:36:47,471Mapped "{[/error]}" onto public org.springframework.http.ResponseEntity<java.util.Map<java.lang.String, java.lang.Object>> org.springframework.boot.autoconfigure.web.BasicErrorController.error(javax.servlet.http.HttpServletRequest)
2017-10-27 11:36:47,474Mapped "{[/error],produces=[text/html]}" onto public org.springframework.web.servlet.ModelAndView org.springframework.boot.autoconfigure.web.BasicErrorController.errorHtml(javax.servlet.http.HttpServletRequest,javax.servlet.http.HttpServletResponse)
2017-10-27 11:36:47,726Mapped URL path [/webjars/**] onto handler of type [class org.springframework.web.servlet.resource.ResourceHttpRequestHandler]
2017-10-27 11:36:47,726Mapped URL path [/**] onto handler of type [class org.springframework.web.servlet.resource.ResourceHttpRequestHandler]
2017-10-27 11:36:47,923Mapped URL path [/**/favicon.ico] onto handler of type [class org.springframework.web.servlet.resource.ResourceHttpRequestHandler]
2017-10-27 11:36:49,119Registering beans for JMX exposure on startup
2017-10-27 11:36:49,250Initializing ProtocolHandler ["http-nio-8080"]
2017-10-27 11:36:49,325Starting ProtocolHandler ["http-nio-8080"]
2017-10-27 11:36:49,404Using a shared selector for servlet write/read
2017-10-27 11:36:49,558Tomcat started on port(s): 8080 (http)
2017-10-27 11:36:49,566Started WxSellApplication in 14.496 seconds (JVM running for 18.56)
2017-10-27 11:45:25,632Initializing Spring FrameworkServlet 'dispatcherServlet'
2017-10-27 11:45:25,633FrameworkServlet 'dispatcherServlet': initialization started
2017-10-27 11:45:25,855FrameworkServlet 'dispatcherServlet': initialization completed in 221 ms
2017-10-27 11:45:26,224HHH000397: Using ASTQueryTranslatorFactory
2017-10-27 13:34:40,059Starting WxSellApplication on AFAAW-705012348 with PID 3108 (G:\eclipse_enviroment\wx_sell\target\classes started by Administrator in G:\eclipse_enviroment\wx_sell)
2017-10-27 13:34:40,064No active profile set, falling back to default profiles: default
2017-10-27 13:34:40,161Refreshing org.springframework.boot.context.embedded.AnnotationConfigEmbeddedWebApplicationContext@37afeb11: startup date [Fri Oct 27 13:34:40 CST 2017]; root of context hierarchy
2017-10-27 13:34:40,836HV000001: Hibernate Validator 5.3.5.Final
2017-10-27 13:34:43,897Tomcat initialized with port(s): 8080 (http)
2017-10-27 13:34:43,926Starting service [Tomcat]
2017-10-27 13:34:43,927Starting Servlet Engine: Apache Tomcat/8.5.23
2017-10-27 13:34:44,100Initializing Spring embedded WebApplicationContext
2017-10-27 13:34:44,100Root WebApplicationContext: initialization completed in 3940 ms
2017-10-27 13:34:44,309Mapping servlet: 'dispatcherServlet' to [/]
2017-10-27 13:34:44,315Mapping filter: 'characterEncodingFilter' to: [/*]
2017-10-27 13:34:44,316Mapping filter: 'hiddenHttpMethodFilter' to: [/*]
2017-10-27 13:34:44,316Mapping filter: 'httpPutFormContentFilter' to: [/*]
2017-10-27 13:34:44,316Mapping filter: 'requestContextFilter' to: [/*]
2017-10-27 13:34:45,099Building JPA container EntityManagerFactory for persistence unit 'default'
2017-10-27 13:34:45,126HHH000204: Processing PersistenceUnitInfo [
	name: default
	...]
2017-10-27 13:34:45,209HHH000412: Hibernate Core {5.0.12.Final}
2017-10-27 13:34:45,210HHH000206: hibernate.properties not found
2017-10-27 13:34:45,212HHH000021: Bytecode provider name : javassist
2017-10-27 13:34:45,254HCANN000001: Hibernate Commons Annotations {5.0.1.Final}
2017-10-27 13:34:45,524HHH000400: Using dialect: org.hibernate.dialect.MySQL5Dialect
2017-10-27 13:34:46,083Initialized JPA EntityManagerFactory for persistence unit 'default'
2017-10-27 13:34:47,336Looking for @ControllerAdvice: org.springframework.boot.context.embedded.AnnotationConfigEmbeddedWebApplicationContext@37afeb11: startup date [Fri Oct 27 13:34:40 CST 2017]; root of context hierarchy
2017-10-27 13:34:47,465Mapped "{[/buyer/order/create],methods=[POST]}" onto public com.xiao.wx_order.VO.ResultVO<java.util.Map<java.lang.String, java.lang.String>> com.xiao.wx_order.controller.BuyerOrderController.create(com.xiao.wx_order.form.OrderForm,org.springframework.validation.BindingResult)
2017-10-27 13:34:47,467Mapped "{[/buyer/order/list],methods=[POST]}" onto public com.xiao.wx_order.VO.ResultVO<java.util.List<com.xiao.wx_order.dto.OrderDTO>> com.xiao.wx_order.controller.BuyerOrderController.list(java.lang.String,java.lang.Integer,java.lang.Integer)
2017-10-27 13:34:47,467Mapped "{[/buyer/order/cancel],methods=[POST]}" onto public com.xiao.wx_order.VO.ResultVO com.xiao.wx_order.controller.BuyerOrderController.cancel(java.lang.String,java.lang.String)
2017-10-27 13:34:47,468Mapped "{[/buyer/order/detail],methods=[GET]}" onto public com.xiao.wx_order.VO.ResultVO<com.xiao.wx_order.dto.OrderDTO> com.xiao.wx_order.controller.BuyerOrderController.detail(java.lang.String,java.lang.String)
2017-10-27 13:34:47,469Mapped "{[/buyer/product/list],methods=[GET]}" onto public com.xiao.wx_order.VO.ResultVO com.xiao.wx_order.controller.BuyerProductController.list()
2017-10-27 13:34:47,470Mapped "{[/wechat/userInfo],methods=[GET]}" onto public java.lang.String com.xiao.wx_order.controller.WechatController.userInfo(java.lang.String,java.lang.String)
2017-10-27 13:34:47,471Mapped "{[/wechat/authorize],methods=[GET]}" onto public java.lang.String com.xiao.wx_order.controller.WechatController.authorize(java.lang.String)
2017-10-27 13:34:47,472Mapped "{[/weixin/auth],methods=[GET]}" onto public void com.xiao.wx_order.controller.WeixinController.auth(java.lang.String)
2017-10-27 13:34:47,478Mapped "{[/error]}" onto public org.springframework.http.ResponseEntity<java.util.Map<java.lang.String, java.lang.Object>> org.springframework.boot.autoconfigure.web.BasicErrorController.error(javax.servlet.http.HttpServletRequest)
2017-10-27 13:34:47,479Mapped "{[/error],produces=[text/html]}" onto public org.springframework.web.servlet.ModelAndView org.springframework.boot.autoconfigure.web.BasicErrorController.errorHtml(javax.servlet.http.HttpServletRequest,javax.servlet.http.HttpServletResponse)
2017-10-27 13:34:47,521Mapped URL path [/webjars/**] onto handler of type [class org.springframework.web.servlet.resource.ResourceHttpRequestHandler]
2017-10-27 13:34:47,522Mapped URL path [/**] onto handler of type [class org.springframework.web.servlet.resource.ResourceHttpRequestHandler]
2017-10-27 13:34:47,582Mapped URL path [/**/favicon.ico] onto handler of type [class org.springframework.web.servlet.resource.ResourceHttpRequestHandler]
2017-10-27 13:34:47,974Registering beans for JMX exposure on startup
2017-10-27 13:34:47,999Initializing ProtocolHandler ["http-nio-8080"]
2017-10-27 13:34:48,014Starting ProtocolHandler ["http-nio-8080"]
2017-10-27 13:34:48,031Using a shared selector for servlet write/read
2017-10-27 13:34:48,058Tomcat started on port(s): 8080 (http)
2017-10-27 13:34:48,067Started WxSellApplication in 8.919 seconds (JVM running for 9.517)
2017-10-27 13:36:11,758Starting WxSellApplication on AFAAW-705012348 with PID 1892 (G:\eclipse_enviroment\wx_sell\target\classes started by Administrator in G:\eclipse_enviroment\wx_sell)
2017-10-27 13:36:11,763No active profile set, falling back to default profiles: default
2017-10-27 13:36:11,989Refreshing org.springframework.boot.context.embedded.AnnotationConfigEmbeddedWebApplicationContext@37afeb11: startup date [Fri Oct 27 13:36:11 CST 2017]; root of context hierarchy
2017-10-27 13:36:13,264HV000001: Hibernate Validator 5.3.5.Final
2017-10-27 13:36:16,244Tomcat initialized with port(s): 8080 (http)
2017-10-27 13:36:16,279Starting service [Tomcat]
2017-10-27 13:36:16,281Starting Servlet Engine: Apache Tomcat/8.5.23
2017-10-27 13:36:16,584Initializing Spring embedded WebApplicationContext
2017-10-27 13:36:16,584Root WebApplicationContext: initialization completed in 4595 ms
2017-10-27 13:36:17,082Mapping servlet: 'dispatcherServlet' to [/]
2017-10-27 13:36:17,088Mapping filter: 'characterEncodingFilter' to: [/*]
2017-10-27 13:36:17,089Mapping filter: 'hiddenHttpMethodFilter' to: [/*]
2017-10-27 13:36:17,089Mapping filter: 'httpPutFormContentFilter' to: [/*]
2017-10-27 13:36:17,089Mapping filter: 'requestContextFilter' to: [/*]
2017-10-27 13:36:18,425Building JPA container EntityManagerFactory for persistence unit 'default'
2017-10-27 13:36:18,488HHH000204: Processing PersistenceUnitInfo [
	name: default
	...]
2017-10-27 13:36:18,877HHH000412: Hibernate Core {5.0.12.Final}
2017-10-27 13:36:18,884HHH000206: hibernate.properties not found
2017-10-27 13:36:18,896HHH000021: Bytecode provider name : javassist
2017-10-27 13:36:19,328HCANN000001: Hibernate Commons Annotations {5.0.1.Final}
2017-10-27 13:36:20,644HHH000400: Using dialect: org.hibernate.dialect.MySQL5Dialect
2017-10-27 13:36:21,941Initialized JPA EntityManagerFactory for persistence unit 'default'
2017-10-27 13:36:24,091Looking for @ControllerAdvice: org.springframework.boot.context.embedded.AnnotationConfigEmbeddedWebApplicationContext@37afeb11: startup date [Fri Oct 27 13:36:11 CST 2017]; root of context hierarchy
2017-10-27 13:36:24,224Mapped "{[/buyer/order/create],methods=[POST]}" onto public com.xiao.wx_order.VO.ResultVO<java.util.Map<java.lang.String, java.lang.String>> com.xiao.wx_order.controller.BuyerOrderController.create(com.xiao.wx_order.form.OrderForm,org.springframework.validation.BindingResult)
2017-10-27 13:36:24,225Mapped "{[/buyer/order/list],methods=[POST]}" onto public com.xiao.wx_order.VO.ResultVO<java.util.List<com.xiao.wx_order.dto.OrderDTO>> com.xiao.wx_order.controller.BuyerOrderController.list(java.lang.String,java.lang.Integer,java.lang.Integer)
2017-10-27 13:36:24,226Mapped "{[/buyer/order/cancel],methods=[POST]}" onto public com.xiao.wx_order.VO.ResultVO com.xiao.wx_order.controller.BuyerOrderController.cancel(java.lang.String,java.lang.String)
2017-10-27 13:36:24,226Mapped "{[/buyer/order/detail],methods=[GET]}" onto public com.xiao.wx_order.VO.ResultVO<com.xiao.wx_order.dto.OrderDTO> com.xiao.wx_order.controller.BuyerOrderController.detail(java.lang.String,java.lang.String)
2017-10-27 13:36:24,228Mapped "{[/buyer/product/list],methods=[GET]}" onto public com.xiao.wx_order.VO.ResultVO com.xiao.wx_order.controller.BuyerProductController.list()
2017-10-27 13:36:24,230Mapped "{[/wechat/userInfo],methods=[GET]}" onto public java.lang.String com.xiao.wx_order.controller.WechatController.userInfo(java.lang.String,java.lang.String)
2017-10-27 13:36:24,231Mapped "{[/wechat/authorize],methods=[GET]}" onto public java.lang.String com.xiao.wx_order.controller.WechatController.authorize(java.lang.String)
2017-10-27 13:36:24,232Mapped "{[/weixin/auth],methods=[GET]}" onto public void com.xiao.wx_order.controller.WeixinController.auth(java.lang.String)
2017-10-27 13:36:24,238Mapped "{[/error]}" onto public org.springframework.http.ResponseEntity<java.util.Map<java.lang.String, java.lang.Object>> org.springframework.boot.autoconfigure.web.BasicErrorController.error(javax.servlet.http.HttpServletRequest)
2017-10-27 13:36:24,239Mapped "{[/error],produces=[text/html]}" onto public org.springframework.web.servlet.ModelAndView org.springframework.boot.autoconfigure.web.BasicErrorController.errorHtml(javax.servlet.http.HttpServletRequest,javax.servlet.http.HttpServletResponse)
2017-10-27 13:36:24,305Mapped URL path [/webjars/**] onto handler of type [class org.springframework.web.servlet.resource.ResourceHttpRequestHandler]
2017-10-27 13:36:24,306Mapped URL path [/**] onto handler of type [class org.springframework.web.servlet.resource.ResourceHttpRequestHandler]
2017-10-27 13:36:24,384Mapped URL path [/**/favicon.ico] onto handler of type [class org.springframework.web.servlet.resource.ResourceHttpRequestHandler]
2017-10-27 13:36:24,998Registering beans for JMX exposure on startup
2017-10-27 13:36:25,035Initializing ProtocolHandler ["http-nio-8080"]
2017-10-27 13:36:25,062Starting ProtocolHandler ["http-nio-8080"]
2017-10-27 13:36:25,088Using a shared selector for servlet write/read
2017-10-27 13:36:25,124Tomcat started on port(s): 8080 (http)
2017-10-27 13:36:25,135Started WxSellApplication in 15.002 seconds (JVM running for 16.295)
2017-10-27 13:37:08,238Starting WxSellApplication on AFAAW-705012348 with PID 13428 (G:\eclipse_enviroment\wx_sell\target\classes started by Administrator in G:\eclipse_enviroment\wx_sell)
2017-10-27 13:37:08,246No active profile set, falling back to default profiles: default
2017-10-27 13:37:08,344Refreshing org.springframework.boot.context.embedded.AnnotationConfigEmbeddedWebApplicationContext@5876a9af: startup date [Fri Oct 27 13:37:08 CST 2017]; root of context hierarchy
2017-10-27 13:37:09,283HV000001: Hibernate Validator 5.3.5.Final
2017-10-27 13:37:11,853Tomcat initialized with port(s): 8080 (http)
2017-10-27 13:37:11,873Starting service [Tomcat]
2017-10-27 13:37:11,875Starting Servlet Engine: Apache Tomcat/8.5.23
2017-10-27 13:37:12,034Initializing Spring embedded WebApplicationContext
2017-10-27 13:37:12,034Root WebApplicationContext: initialization completed in 3690 ms
2017-10-27 13:37:12,339Mapping servlet: 'dispatcherServlet' to [/]
2017-10-27 13:37:12,346Mapping filter: 'characterEncodingFilter' to: [/*]
2017-10-27 13:37:12,355Mapping filter: 'hiddenHttpMethodFilter' to: [/*]
2017-10-27 13:37:12,355Mapping filter: 'httpPutFormContentFilter' to: [/*]
2017-10-27 13:37:12,356Mapping filter: 'requestContextFilter' to: [/*]
2017-10-27 13:37:13,558Building JPA container EntityManagerFactory for persistence unit 'default'
2017-10-27 13:37:13,578HHH000204: Processing PersistenceUnitInfo [
	name: default
	...]
2017-10-27 13:37:13,711HHH000412: Hibernate Core {5.0.12.Final}
2017-10-27 13:37:13,724HHH000206: hibernate.properties not found
2017-10-27 13:37:13,726HHH000021: Bytecode provider name : javassist
2017-10-27 13:37:13,792HCANN000001: Hibernate Commons Annotations {5.0.1.Final}
2017-10-27 13:37:14,120HHH000400: Using dialect: org.hibernate.dialect.MySQL5Dialect
2017-10-27 13:37:14,728Initialized JPA EntityManagerFactory for persistence unit 'default'
2017-10-27 13:37:16,048Looking for @ControllerAdvice: org.springframework.boot.context.embedded.AnnotationConfigEmbeddedWebApplicationContext@5876a9af: startup date [Fri Oct 27 13:37:08 CST 2017]; root of context hierarchy
2017-10-27 13:37:16,175Mapped "{[/buyer/order/create],methods=[POST]}" onto public com.xiao.wx_order.VO.ResultVO<java.util.Map<java.lang.String, java.lang.String>> com.xiao.wx_order.controller.BuyerOrderController.create(com.xiao.wx_order.form.OrderForm,org.springframework.validation.BindingResult)
2017-10-27 13:37:16,176Mapped "{[/buyer/order/list],methods=[POST]}" onto public com.xiao.wx_order.VO.ResultVO<java.util.List<com.xiao.wx_order.dto.OrderDTO>> com.xiao.wx_order.controller.BuyerOrderController.list(java.lang.String,java.lang.Integer,java.lang.Integer)
2017-10-27 13:37:16,177Mapped "{[/buyer/order/cancel],methods=[POST]}" onto public com.xiao.wx_order.VO.ResultVO com.xiao.wx_order.controller.BuyerOrderController.cancel(java.lang.String,java.lang.String)
2017-10-27 13:37:16,177Mapped "{[/buyer/order/detail],methods=[GET]}" onto public com.xiao.wx_order.VO.ResultVO<com.xiao.wx_order.dto.OrderDTO> com.xiao.wx_order.controller.BuyerOrderController.detail(java.lang.String,java.lang.String)
2017-10-27 13:37:16,179Mapped "{[/buyer/product/list],methods=[GET]}" onto public com.xiao.wx_order.VO.ResultVO com.xiao.wx_order.controller.BuyerProductController.list()
2017-10-27 13:37:16,181Mapped "{[/wechat/userInfo],methods=[GET]}" onto public java.lang.String com.xiao.wx_order.controller.WechatController.userInfo(java.lang.String,java.lang.String)
2017-10-27 13:37:16,182Mapped "{[/wechat/authorize],methods=[GET]}" onto public java.lang.String com.xiao.wx_order.controller.WechatController.authorize(java.lang.String)
2017-10-27 13:37:16,185Mapped "{[/weixin/auth],methods=[GET]}" onto public void com.xiao.wx_order.controller.WeixinController.auth(java.lang.String)
2017-10-27 13:37:16,189Mapped "{[/error]}" onto public org.springframework.http.ResponseEntity<java.util.Map<java.lang.String, java.lang.Object>> org.springframework.boot.autoconfigure.web.BasicErrorController.error(javax.servlet.http.HttpServletRequest)
2017-10-27 13:37:16,192Mapped "{[/error],produces=[text/html]}" onto public org.springframework.web.servlet.ModelAndView org.springframework.boot.autoconfigure.web.BasicErrorController.errorHtml(javax.servlet.http.HttpServletRequest,javax.servlet.http.HttpServletResponse)
2017-10-27 13:37:16,271Mapped URL path [/webjars/**] onto handler of type [class org.springframework.web.servlet.resource.ResourceHttpRequestHandler]
2017-10-27 13:37:16,272Mapped URL path [/**] onto handler of type [class org.springframework.web.servlet.resource.ResourceHttpRequestHandler]
2017-10-27 13:37:16,323Mapped URL path [/**/favicon.ico] onto handler of type [class org.springframework.web.servlet.resource.ResourceHttpRequestHandler]
2017-10-27 13:37:16,709Registering beans for JMX exposure on startup
2017-10-27 13:37:16,737Initializing ProtocolHandler ["http-nio-8080"]
2017-10-27 13:37:16,756Starting ProtocolHandler ["http-nio-8080"]
2017-10-27 13:37:16,775Using a shared selector for servlet write/read
2017-10-27 13:37:16,803Tomcat started on port(s): 8080 (http)
2017-10-27 13:37:16,810Started WxSellApplication in 9.641 seconds (JVM running for 11.434)
2017-10-27 13:37:17,282Initializing Spring FrameworkServlet 'dispatcherServlet'
2017-10-27 13:37:17,282FrameworkServlet 'dispatcherServlet': initialization started
2017-10-27 13:37:17,328FrameworkServlet 'dispatcherServlet': initialization completed in 44 ms
2017-10-27 13:37:37,446HHH000397: Using ASTQueryTranslatorFactory
2017-10-27 13:38:32,601Starting WxSellApplication on AFAAW-705012348 with PID 5348 (G:\eclipse_enviroment\wx_sell\target\classes started by Administrator in G:\eclipse_enviroment\wx_sell)
2017-10-27 13:38:32,608No active profile set, falling back to default profiles: default
2017-10-27 13:38:32,750Refreshing org.springframework.boot.context.embedded.AnnotationConfigEmbeddedWebApplicationContext@37afeb11: startup date [Fri Oct 27 13:38:32 CST 2017]; root of context hierarchy
2017-10-27 13:38:33,569HV000001: Hibernate Validator 5.3.5.Final
2017-10-27 13:38:38,618Tomcat initialized with port(s): 8080 (http)
2017-10-27 13:38:38,679Starting service [Tomcat]
2017-10-27 13:38:38,691Starting Servlet Engine: Apache Tomcat/8.5.23
2017-10-27 13:38:39,059Initializing Spring embedded WebApplicationContext
2017-10-27 13:38:39,060Root WebApplicationContext: initialization completed in 6311 ms
2017-10-27 13:38:39,434Mapping servlet: 'dispatcherServlet' to [/]
2017-10-27 13:38:39,441Mapping filter: 'characterEncodingFilter' to: [/*]
2017-10-27 13:38:39,442Mapping filter: 'hiddenHttpMethodFilter' to: [/*]
2017-10-27 13:38:39,443Mapping filter: 'httpPutFormContentFilter' to: [/*]
2017-10-27 13:38:39,443Mapping filter: 'requestContextFilter' to: [/*]
2017-10-27 13:38:40,720Building JPA container EntityManagerFactory for persistence unit 'default'
2017-10-27 13:38:40,756HHH000204: Processing PersistenceUnitInfo [
	name: default
	...]
2017-10-27 13:38:40,908HHH000412: Hibernate Core {5.0.12.Final}
2017-10-27 13:38:40,913HHH000206: hibernate.properties not found
2017-10-27 13:38:40,917HHH000021: Bytecode provider name : javassist
2017-10-27 13:38:40,991HCANN000001: Hibernate Commons Annotations {5.0.1.Final}
2017-10-27 13:38:41,329HHH000400: Using dialect: org.hibernate.dialect.MySQL5Dialect
2017-10-27 13:38:42,131Initialized JPA EntityManagerFactory for persistence unit 'default'
2017-10-27 13:38:44,160Looking for @ControllerAdvice: org.springframework.boot.context.embedded.AnnotationConfigEmbeddedWebApplicationContext@37afeb11: startup date [Fri Oct 27 13:38:32 CST 2017]; root of context hierarchy
2017-10-27 13:38:44,297Mapped "{[/buyer/order/create],methods=[POST]}" onto public com.xiao.wx_order.VO.ResultVO<java.util.Map<java.lang.String, java.lang.String>> com.xiao.wx_order.controller.BuyerOrderController.create(com.xiao.wx_order.form.OrderForm,org.springframework.validation.BindingResult)
2017-10-27 13:38:44,298Mapped "{[/buyer/order/list],methods=[POST]}" onto public com.xiao.wx_order.VO.ResultVO<java.util.List<com.xiao.wx_order.dto.OrderDTO>> com.xiao.wx_order.controller.BuyerOrderController.list(java.lang.String,java.lang.Integer,java.lang.Integer)
2017-10-27 13:38:44,299Mapped "{[/buyer/order/cancel],methods=[POST]}" onto public com.xiao.wx_order.VO.ResultVO com.xiao.wx_order.controller.BuyerOrderController.cancel(java.lang.String,java.lang.String)
2017-10-27 13:38:44,299Mapped "{[/buyer/order/detail],methods=[GET]}" onto public com.xiao.wx_order.VO.ResultVO<com.xiao.wx_order.dto.OrderDTO> com.xiao.wx_order.controller.BuyerOrderController.detail(java.lang.String,java.lang.String)
2017-10-27 13:38:44,300Mapped "{[/buyer/product/list],methods=[GET]}" onto public com.xiao.wx_order.VO.ResultVO com.xiao.wx_order.controller.BuyerProductController.list()
2017-10-27 13:38:44,307Mapped "{[/wechat/userInfo],methods=[GET]}" onto public java.lang.String com.xiao.wx_order.controller.WechatController.userInfo(java.lang.String,java.lang.String)
2017-10-27 13:38:44,308Mapped "{[/wechat/authorize],methods=[GET]}" onto public java.lang.String com.xiao.wx_order.controller.WechatController.authorize(java.lang.String)
2017-10-27 13:38:44,311Mapped "{[/weixin/auth],methods=[GET]}" onto public void com.xiao.wx_order.controller.WeixinController.auth(java.lang.String)
2017-10-27 13:38:44,315Mapped "{[/error]}" onto public org.springframework.http.ResponseEntity<java.util.Map<java.lang.String, java.lang.Object>> org.springframework.boot.autoconfigure.web.BasicErrorController.error(javax.servlet.http.HttpServletRequest)
2017-10-27 13:38:44,317Mapped "{[/error],produces=[text/html]}" onto public org.springframework.web.servlet.ModelAndView org.springframework.boot.autoconfigure.web.BasicErrorController.errorHtml(javax.servlet.http.HttpServletRequest,javax.servlet.http.HttpServletResponse)
2017-10-27 13:38:44,371Mapped URL path [/webjars/**] onto handler of type [class org.springframework.web.servlet.resource.ResourceHttpRequestHandler]
2017-10-27 13:38:44,371Mapped URL path [/**] onto handler of type [class org.springframework.web.servlet.resource.ResourceHttpRequestHandler]
2017-10-27 13:38:44,426Mapped URL path [/**/favicon.ico] onto handler of type [class org.springframework.web.servlet.resource.ResourceHttpRequestHandler]
2017-10-27 13:38:44,846Registering beans for JMX exposure on startup
2017-10-27 13:38:44,873Initializing ProtocolHandler ["http-nio-8080"]
2017-10-27 13:38:44,909Starting ProtocolHandler ["http-nio-8080"]
2017-10-27 13:38:44,930Using a shared selector for servlet write/read
2017-10-27 13:38:44,960Tomcat started on port(s): 8080 (http)
2017-10-27 13:38:44,968Started WxSellApplication in 13.868 seconds (JVM running for 15.517)
2017-10-27 13:40:48,720Starting WxSellApplication on AFAAW-705012348 with PID 2148 (G:\eclipse_enviroment\wx_sell\target\classes started by Administrator in G:\eclipse_enviroment\wx_sell)
2017-10-27 13:40:48,727No active profile set, falling back to default profiles: default
2017-10-27 13:40:48,842Refreshing org.springframework.boot.context.embedded.AnnotationConfigEmbeddedWebApplicationContext@37afeb11: startup date [Fri Oct 27 13:40:48 CST 2017]; root of context hierarchy
2017-10-27 13:40:49,767HV000001: Hibernate Validator 5.3.5.Final
2017-10-27 13:40:52,127Tomcat initialized with port(s): 8080 (http)
2017-10-27 13:40:52,149Starting service [Tomcat]
2017-10-27 13:40:52,152Starting Servlet Engine: Apache Tomcat/8.5.23
2017-10-27 13:40:52,347Initializing Spring embedded WebApplicationContext
2017-10-27 13:40:52,348Root WebApplicationContext: initialization completed in 3506 ms
2017-10-27 13:40:52,797Mapping servlet: 'dispatcherServlet' to [/]
2017-10-27 13:40:52,818Mapping filter: 'characterEncodingFilter' to: [/*]
2017-10-27 13:40:52,819Mapping filter: 'hiddenHttpMethodFilter' to: [/*]
2017-10-27 13:40:52,819Mapping filter: 'httpPutFormContentFilter' to: [/*]
2017-10-27 13:40:52,819Mapping filter: 'requestContextFilter' to: [/*]
2017-10-27 13:40:53,903Building JPA container EntityManagerFactory for persistence unit 'default'
2017-10-27 13:40:53,945HHH000204: Processing PersistenceUnitInfo [
	name: default
	...]
2017-10-27 13:40:54,215HHH000412: Hibernate Core {5.0.12.Final}
2017-10-27 13:40:54,218HHH000206: hibernate.properties not found
2017-10-27 13:40:54,232HHH000021: Bytecode provider name : javassist
2017-10-27 13:40:54,304HCANN000001: Hibernate Commons Annotations {5.0.1.Final}
2017-10-27 13:40:54,543HHH000400: Using dialect: org.hibernate.dialect.MySQL5Dialect
2017-10-27 13:40:56,005Initialized JPA EntityManagerFactory for persistence unit 'default'
2017-10-27 13:40:58,189Looking for @ControllerAdvice: org.springframework.boot.context.embedded.AnnotationConfigEmbeddedWebApplicationContext@37afeb11: startup date [Fri Oct 27 13:40:48 CST 2017]; root of context hierarchy
2017-10-27 13:40:58,425Mapped "{[/buyer/order/create],methods=[POST]}" onto public com.xiao.wx_order.VO.ResultVO<java.util.Map<java.lang.String, java.lang.String>> com.xiao.wx_order.controller.BuyerOrderController.create(com.xiao.wx_order.form.OrderForm,org.springframework.validation.BindingResult)
2017-10-27 13:40:58,427Mapped "{[/buyer/order/list],methods=[POST]}" onto public com.xiao.wx_order.VO.ResultVO<java.util.List<com.xiao.wx_order.dto.OrderDTO>> com.xiao.wx_order.controller.BuyerOrderController.list(java.lang.String,java.lang.Integer,java.lang.Integer)
2017-10-27 13:40:58,429Mapped "{[/buyer/order/cancel],methods=[POST]}" onto public com.xiao.wx_order.VO.ResultVO com.xiao.wx_order.controller.BuyerOrderController.cancel(java.lang.String,java.lang.String)
2017-10-27 13:40:58,429Mapped "{[/buyer/order/detail],methods=[GET]}" onto public com.xiao.wx_order.VO.ResultVO<com.xiao.wx_order.dto.OrderDTO> com.xiao.wx_order.controller.BuyerOrderController.detail(java.lang.String,java.lang.String)
2017-10-27 13:40:58,432Mapped "{[/buyer/product/list],methods=[GET]}" onto public com.xiao.wx_order.VO.ResultVO com.xiao.wx_order.controller.BuyerProductController.list()
2017-10-27 13:40:58,435Mapped "{[/wechat/userInfo],methods=[GET]}" onto public java.lang.String com.xiao.wx_order.controller.WechatController.userInfo(java.lang.String,java.lang.String)
2017-10-27 13:40:58,435Mapped "{[/wechat/authorize],methods=[GET]}" onto public java.lang.String com.xiao.wx_order.controller.WechatController.authorize(java.lang.String)
2017-10-27 13:40:58,436Mapped "{[/weixin/auth],methods=[GET]}" onto public void com.xiao.wx_order.controller.WeixinController.auth(java.lang.String)
2017-10-27 13:40:58,441Mapped "{[/error]}" onto public org.springframework.http.ResponseEntity<java.util.Map<java.lang.String, java.lang.Object>> org.springframework.boot.autoconfigure.web.BasicErrorController.error(javax.servlet.http.HttpServletRequest)
2017-10-27 13:40:58,444Mapped "{[/error],produces=[text/html]}" onto public org.springframework.web.servlet.ModelAndView org.springframework.boot.autoconfigure.web.BasicErrorController.errorHtml(javax.servlet.http.HttpServletRequest,javax.servlet.http.HttpServletResponse)
2017-10-27 13:40:58,498Mapped URL path [/webjars/**] onto handler of type [class org.springframework.web.servlet.resource.ResourceHttpRequestHandler]
2017-10-27 13:40:58,509Mapped URL path [/**] onto handler of type [class org.springframework.web.servlet.resource.ResourceHttpRequestHandler]
2017-10-27 13:40:58,590Mapped URL path [/**/favicon.ico] onto handler of type [class org.springframework.web.servlet.resource.ResourceHttpRequestHandler]
2017-10-27 13:40:58,971Registering beans for JMX exposure on startup
2017-10-27 13:40:58,996Initializing ProtocolHandler ["http-nio-8080"]
2017-10-27 13:40:59,022Starting ProtocolHandler ["http-nio-8080"]
2017-10-27 13:40:59,042Using a shared selector for servlet write/read
2017-10-27 13:40:59,079Tomcat started on port(s): 8080 (http)
2017-10-27 13:40:59,089Started WxSellApplication in 12.054 seconds (JVM running for 13.6)
2017-10-27 14:04:37,347Initializing Spring FrameworkServlet 'dispatcherServlet'
2017-10-27 14:04:37,348FrameworkServlet 'dispatcherServlet': initialization started
2017-10-27 14:04:37,465FrameworkServlet 'dispatcherServlet': initialization completed in 116 ms
2017-10-27 14:04:37,733【微信网页授权】获取code,result=https://open.weixin.qq.com/connect/oauth2/authorize?appid=wxaf836b36c8321757&redirect_uri=http%3A%2F%2Fxiao-wxsell.natapp1.cc%2Fsell%2Fwechat%2FuserInfo&response_type=code&scope=snsapi_userinfo&state=http%3A%2F%2Fsell.com%2F%23%2F#wechat_redirect
2017-10-27 14:35:22,034【微信网页授权】获取code,result=https://open.weixin.qq.com/connect/oauth2/authorize?appid=wxaf836b36c8321757&redirect_uri=http%3A%2F%2Fxiao-wxsell.natapp1.cc%2Fsell%2Fwechat%2FuserInfo&response_type=code&scope=snsapi_userinfo&state=http%3A%2F%2Fsell.com%2F%23%2F#wechat_redirect
2017-10-27 14:38:14,636Starting WxSellApplication on AFAAW-705012348 with PID 2848 (G:\eclipse_enviroment\wx_sell\target\classes started by Administrator in G:\eclipse_enviroment\wx_sell)
2017-10-27 14:38:14,648No active profile set, falling back to default profiles: default
2017-10-27 14:38:14,906Refreshing org.springframework.boot.context.embedded.AnnotationConfigEmbeddedWebApplicationContext@37afeb11: startup date [Fri Oct 27 14:38:14 CST 2017]; root of context hierarchy
2017-10-27 14:38:16,546HV000001: Hibernate Validator 5.3.5.Final
2017-10-27 14:38:19,233Tomcat initialized with port(s): 8080 (http)
2017-10-27 14:38:19,250Starting service [Tomcat]
2017-10-27 14:38:19,251Starting Servlet Engine: Apache Tomcat/8.5.23
2017-10-27 14:38:19,404Initializing Spring embedded WebApplicationContext
2017-10-27 14:38:19,405Root WebApplicationContext: initialization completed in 4499 ms
2017-10-27 14:38:19,676Mapping servlet: 'dispatcherServlet' to [/]
2017-10-27 14:38:19,686Mapping filter: 'characterEncodingFilter' to: [/*]
2017-10-27 14:38:19,688Mapping filter: 'hiddenHttpMethodFilter' to: [/*]
2017-10-27 14:38:19,689Mapping filter: 'httpPutFormContentFilter' to: [/*]
2017-10-27 14:38:19,689Mapping filter: 'requestContextFilter' to: [/*]
2017-10-27 14:38:20,500Building JPA container EntityManagerFactory for persistence unit 'default'
2017-10-27 14:38:20,529HHH000204: Processing PersistenceUnitInfo [
	name: default
	...]
2017-10-27 14:38:20,611HHH000412: Hibernate Core {5.0.12.Final}
2017-10-27 14:38:20,614HHH000206: hibernate.properties not found
2017-10-27 14:38:20,617HHH000021: Bytecode provider name : javassist
2017-10-27 14:38:20,674HCANN000001: Hibernate Commons Annotations {5.0.1.Final}
2017-10-27 14:38:20,925HHH000400: Using dialect: org.hibernate.dialect.MySQL5Dialect
2017-10-27 14:38:22,868Initialized JPA EntityManagerFactory for persistence unit 'default'
2017-10-27 14:38:24,859Looking for @ControllerAdvice: org.springframework.boot.context.embedded.AnnotationConfigEmbeddedWebApplicationContext@37afeb11: startup date [Fri Oct 27 14:38:14 CST 2017]; root of context hierarchy
2017-10-27 14:38:25,013Mapped "{[/buyer/order/create],methods=[POST]}" onto public com.xiao.wx_order.VO.ResultVO<java.util.Map<java.lang.String, java.lang.String>> com.xiao.wx_order.controller.BuyerOrderController.create(com.xiao.wx_order.form.OrderForm,org.springframework.validation.BindingResult)
2017-10-27 14:38:25,015Mapped "{[/buyer/order/list],methods=[POST]}" onto public com.xiao.wx_order.VO.ResultVO<java.util.List<com.xiao.wx_order.dto.OrderDTO>> com.xiao.wx_order.controller.BuyerOrderController.list(java.lang.String,java.lang.Integer,java.lang.Integer)
2017-10-27 14:38:25,016Mapped "{[/buyer/order/cancel],methods=[POST]}" onto public com.xiao.wx_order.VO.ResultVO com.xiao.wx_order.controller.BuyerOrderController.cancel(java.lang.String,java.lang.String)
2017-10-27 14:38:25,016Mapped "{[/buyer/order/detail],methods=[GET]}" onto public com.xiao.wx_order.VO.ResultVO<com.xiao.wx_order.dto.OrderDTO> com.xiao.wx_order.controller.BuyerOrderController.detail(java.lang.String,java.lang.String)
2017-10-27 14:38:25,021Mapped "{[/buyer/product/list],methods=[GET]}" onto public com.xiao.wx_order.VO.ResultVO com.xiao.wx_order.controller.BuyerProductController.list()
2017-10-27 14:38:25,025Mapped "{[/wechat/userInfo],methods=[GET]}" onto public java.lang.String com.xiao.wx_order.controller.WechatController.userInfo(java.lang.String,java.lang.String)
2017-10-27 14:38:25,028Mapped "{[/wechat/authorize],methods=[GET]}" onto public java.lang.String com.xiao.wx_order.controller.WechatController.authorize(java.lang.String)
2017-10-27 14:38:25,031Mapped "{[/weixin/auth],methods=[GET]}" onto public void com.xiao.wx_order.controller.WeixinController.auth(java.lang.String)
2017-10-27 14:38:25,034Mapped "{[/error]}" onto public org.springframework.http.ResponseEntity<java.util.Map<java.lang.String, java.lang.Object>> org.springframework.boot.autoconfigure.web.BasicErrorController.error(javax.servlet.http.HttpServletRequest)
2017-10-27 14:38:25,036Mapped "{[/error],produces=[text/html]}" onto public org.springframework.web.servlet.ModelAndView org.springframework.boot.autoconfigure.web.BasicErrorController.errorHtml(javax.servlet.http.HttpServletRequest,javax.servlet.http.HttpServletResponse)
2017-10-27 14:38:25,081Mapped URL path [/webjars/**] onto handler of type [class org.springframework.web.servlet.resource.ResourceHttpRequestHandler]
2017-10-27 14:38:25,081Mapped URL path [/**] onto handler of type [class org.springframework.web.servlet.resource.ResourceHttpRequestHandler]
2017-10-27 14:38:25,184Mapped URL path [/**/favicon.ico] onto handler of type [class org.springframework.web.servlet.resource.ResourceHttpRequestHandler]
2017-10-27 14:38:25,687Registering beans for JMX exposure on startup
2017-10-27 14:38:25,720Initializing ProtocolHandler ["http-nio-8080"]
2017-10-27 14:38:25,743Starting ProtocolHandler ["http-nio-8080"]
2017-10-27 14:38:25,806Using a shared selector for servlet write/read
2017-10-27 14:38:25,839Tomcat started on port(s): 8080 (http)
2017-10-27 14:38:25,850Started WxSellApplication in 12.93 seconds (JVM running for 14.473)
2017-10-27 14:38:59,947Initializing Spring FrameworkServlet 'dispatcherServlet'
2017-10-27 14:38:59,948FrameworkServlet 'dispatcherServlet': initialization started
2017-10-27 14:39:00,136FrameworkServlet 'dispatcherServlet': initialization completed in 188 ms
2017-10-27 14:39:00,317【微信网页授权】获取code,result=https://open.weixin.qq.com/connect/oauth2/authorize?appid=wxa5da69153bc4b178&redirect_uri=http%3A%2F%2Fxiao-wxsell.natapp1.cc%2Fsell%2Fwechat%2FuserInfo&response_type=code&scope=snsapi_userinfo&state=http%3A%2F%2Fsell.com%2F%23%2F#wechat_redirect
2017-10-27 14:47:30,387Starting WxSellApplication on AFAAW-705012348 with PID 10480 (G:\eclipse_enviroment\wx_sell\target\classes started by Administrator in G:\eclipse_enviroment\wx_sell)
2017-10-27 14:47:30,392No active profile set, falling back to default profiles: default
2017-10-27 14:47:30,560Refreshing org.springframework.boot.context.embedded.AnnotationConfigEmbeddedWebApplicationContext@37afeb11: startup date [Fri Oct 27 14:47:30 CST 2017]; root of context hierarchy
2017-10-27 14:47:31,341HV000001: Hibernate Validator 5.3.5.Final
2017-10-27 14:47:33,826Tomcat initialized with port(s): 8080 (http)
2017-10-27 14:47:33,847Starting service [Tomcat]
2017-10-27 14:47:33,848Starting Servlet Engine: Apache Tomcat/8.5.23
2017-10-27 14:47:34,135Initializing Spring embedded WebApplicationContext
2017-10-27 14:47:34,135Root WebApplicationContext: initialization completed in 3575 ms
2017-10-27 14:47:34,404Mapping servlet: 'dispatcherServlet' to [/]
2017-10-27 14:47:34,411Mapping filter: 'characterEncodingFilter' to: [/*]
2017-10-27 14:47:34,412Mapping filter: 'hiddenHttpMethodFilter' to: [/*]
2017-10-27 14:47:34,412Mapping filter: 'httpPutFormContentFilter' to: [/*]
2017-10-27 14:47:34,412Mapping filter: 'requestContextFilter' to: [/*]
2017-10-27 14:47:35,792Building JPA container EntityManagerFactory for persistence unit 'default'
2017-10-27 14:47:35,821HHH000204: Processing PersistenceUnitInfo [
	name: default
	...]
2017-10-27 14:47:35,992HHH000412: Hibernate Core {5.0.12.Final}
2017-10-27 14:47:35,996HHH000206: hibernate.properties not found
2017-10-27 14:47:35,999HHH000021: Bytecode provider name : javassist
2017-10-27 14:47:36,134HCANN000001: Hibernate Commons Annotations {5.0.1.Final}
2017-10-27 14:47:36,385HHH000400: Using dialect: org.hibernate.dialect.MySQL5Dialect
2017-10-27 14:47:37,040Initialized JPA EntityManagerFactory for persistence unit 'default'
2017-10-27 14:47:38,243Looking for @ControllerAdvice: org.springframework.boot.context.embedded.AnnotationConfigEmbeddedWebApplicationContext@37afeb11: startup date [Fri Oct 27 14:47:30 CST 2017]; root of context hierarchy
2017-10-27 14:47:38,350Mapped "{[/buyer/order/create],methods=[POST]}" onto public com.xiao.wx_order.VO.ResultVO<java.util.Map<java.lang.String, java.lang.String>> com.xiao.wx_order.controller.BuyerOrderController.create(com.xiao.wx_order.form.OrderForm,org.springframework.validation.BindingResult)
2017-10-27 14:47:38,351Mapped "{[/buyer/order/list],methods=[POST]}" onto public com.xiao.wx_order.VO.ResultVO<java.util.List<com.xiao.wx_order.dto.OrderDTO>> com.xiao.wx_order.controller.BuyerOrderController.list(java.lang.String,java.lang.Integer,java.lang.Integer)
2017-10-27 14:47:38,351Mapped "{[/buyer/order/cancel],methods=[POST]}" onto public com.xiao.wx_order.VO.ResultVO com.xiao.wx_order.controller.BuyerOrderController.cancel(java.lang.String,java.lang.String)
2017-10-27 14:47:38,352Mapped "{[/buyer/order/detail],methods=[GET]}" onto public com.xiao.wx_order.VO.ResultVO<com.xiao.wx_order.dto.OrderDTO> com.xiao.wx_order.controller.BuyerOrderController.detail(java.lang.String,java.lang.String)
2017-10-27 14:47:38,353Mapped "{[/buyer/product/list],methods=[GET]}" onto public com.xiao.wx_order.VO.ResultVO com.xiao.wx_order.controller.BuyerProductController.list()
2017-10-27 14:47:38,354Mapped "{[/wechat/userInfo],methods=[GET]}" onto public java.lang.String com.xiao.wx_order.controller.WechatController.userInfo(java.lang.String,java.lang.String)
2017-10-27 14:47:38,355Mapped "{[/wechat/authorize],methods=[GET]}" onto public java.lang.String com.xiao.wx_order.controller.WechatController.authorize(java.lang.String)
2017-10-27 14:47:38,358Mapped "{[/weixin/auth],methods=[GET]}" onto public void com.xiao.wx_order.controller.WeixinController.auth(java.lang.String)
2017-10-27 14:47:38,363Mapped "{[/error]}" onto public org.springframework.http.ResponseEntity<java.util.Map<java.lang.String, java.lang.Object>> org.springframework.boot.autoconfigure.web.BasicErrorController.error(javax.servlet.http.HttpServletRequest)
2017-10-27 14:47:38,365Mapped "{[/error],produces=[text/html]}" onto public org.springframework.web.servlet.ModelAndView org.springframework.boot.autoconfigure.web.BasicErrorController.errorHtml(javax.servlet.http.HttpServletRequest,javax.servlet.http.HttpServletResponse)
2017-10-27 14:47:38,409Mapped URL path [/webjars/**] onto handler of type [class org.springframework.web.servlet.resource.ResourceHttpRequestHandler]
2017-10-27 14:47:38,410Mapped URL path [/**] onto handler of type [class org.springframework.web.servlet.resource.ResourceHttpRequestHandler]
2017-10-27 14:47:38,494Mapped URL path [/**/favicon.ico] onto handler of type [class org.springframework.web.servlet.resource.ResourceHttpRequestHandler]
2017-10-27 14:47:38,817Registering beans for JMX exposure on startup
2017-10-27 14:47:38,836Initializing ProtocolHandler ["http-nio-8080"]
2017-10-27 14:47:38,854Starting ProtocolHandler ["http-nio-8080"]
2017-10-27 14:47:38,869Using a shared selector for servlet write/read
2017-10-27 14:47:38,893Tomcat started on port(s): 8080 (http)
2017-10-27 14:47:38,898Started WxSellApplication in 10.206 seconds (JVM running for 12.014)
2017-10-27 14:47:54,374Initializing Spring FrameworkServlet 'dispatcherServlet'
2017-10-27 14:47:54,374FrameworkServlet 'dispatcherServlet': initialization started
2017-10-27 14:47:54,495FrameworkServlet 'dispatcherServlet': initialization completed in 120 ms
2017-10-27 14:47:54,771HHH000397: Using ASTQueryTranslatorFactory
2017-10-27 14:56:28,642Starting WxSellApplication on AFAAW-705012348 with PID 12620 (G:\eclipse_enviroment\wx_sell\target\classes started by Administrator in G:\eclipse_enviroment\wx_sell)
2017-10-27 14:56:28,647No active profile set, falling back to default profiles: default
2017-10-27 14:56:28,798Refreshing org.springframework.boot.context.embedded.AnnotationConfigEmbeddedWebApplicationContext@37afeb11: startup date [Fri Oct 27 14:56:28 CST 2017]; root of context hierarchy
2017-10-27 14:56:29,789HV000001: Hibernate Validator 5.3.5.Final
2017-10-27 14:56:32,068Tomcat initialized with port(s): 8080 (http)
2017-10-27 14:56:32,090Starting service [Tomcat]
2017-10-27 14:56:32,094Starting Servlet Engine: Apache Tomcat/8.5.23
2017-10-27 14:56:32,312Initializing Spring embedded WebApplicationContext
2017-10-27 14:56:32,312Root WebApplicationContext: initialization completed in 3514 ms
2017-10-27 14:56:32,519Mapping servlet: 'dispatcherServlet' to [/]
2017-10-27 14:56:32,524Mapping filter: 'characterEncodingFilter' to: [/*]
2017-10-27 14:56:32,525Mapping filter: 'hiddenHttpMethodFilter' to: [/*]
2017-10-27 14:56:32,525Mapping filter: 'httpPutFormContentFilter' to: [/*]
2017-10-27 14:56:32,525Mapping filter: 'requestContextFilter' to: [/*]
2017-10-27 14:56:33,453Building JPA container EntityManagerFactory for persistence unit 'default'
2017-10-27 14:56:33,470HHH000204: Processing PersistenceUnitInfo [
	name: default
	...]
2017-10-27 14:56:33,577HHH000412: Hibernate Core {5.0.12.Final}
2017-10-27 14:56:33,581HHH000206: hibernate.properties not found
2017-10-27 14:56:33,583HHH000021: Bytecode provider name : javassist
2017-10-27 14:56:33,643HCANN000001: Hibernate Commons Annotations {5.0.1.Final}
2017-10-27 14:56:33,891HHH000400: Using dialect: org.hibernate.dialect.MySQL5Dialect
2017-10-27 14:56:34,406Initialized JPA EntityManagerFactory for persistence unit 'default'
2017-10-27 14:56:35,571Looking for @ControllerAdvice: org.springframework.boot.context.embedded.AnnotationConfigEmbeddedWebApplicationContext@37afeb11: startup date [Fri Oct 27 14:56:28 CST 2017]; root of context hierarchy
2017-10-27 14:56:35,767Mapped "{[/buyer/order/create],methods=[POST]}" onto public com.xiao.wx_order.VO.ResultVO<java.util.Map<java.lang.String, java.lang.String>> com.xiao.wx_order.controller.BuyerOrderController.create(com.xiao.wx_order.form.OrderForm,org.springframework.validation.BindingResult)
2017-10-27 14:56:35,771Mapped "{[/buyer/order/list],methods=[POST]}" onto public com.xiao.wx_order.VO.ResultVO<java.util.List<com.xiao.wx_order.dto.OrderDTO>> com.xiao.wx_order.controller.BuyerOrderController.list(java.lang.String,java.lang.Integer,java.lang.Integer)
2017-10-27 14:56:35,773Mapped "{[/buyer/order/cancel],methods=[POST]}" onto public com.xiao.wx_order.VO.ResultVO com.xiao.wx_order.controller.BuyerOrderController.cancel(java.lang.String,java.lang.String)
2017-10-27 14:56:35,774Mapped "{[/buyer/order/detail],methods=[GET]}" onto public com.xiao.wx_order.VO.ResultVO<com.xiao.wx_order.dto.OrderDTO> com.xiao.wx_order.controller.BuyerOrderController.detail(java.lang.String,java.lang.String)
2017-10-27 14:56:35,776Mapped "{[/buyer/product/list],methods=[GET]}" onto public com.xiao.wx_order.VO.ResultVO com.xiao.wx_order.controller.BuyerProductController.list()
2017-10-27 14:56:35,779Mapped "{[/wechat/userInfo],methods=[GET]}" onto public java.lang.String com.xiao.wx_order.controller.WechatController.userInfo(java.lang.String,java.lang.String)
2017-10-27 14:56:35,789Mapped "{[/wechat/authorize],methods=[GET]}" onto public java.lang.String com.xiao.wx_order.controller.WechatController.authorize(java.lang.String)
2017-10-27 14:56:35,791Mapped "{[/weixin/auth],methods=[GET]}" onto public void com.xiao.wx_order.controller.WeixinController.auth(java.lang.String)
2017-10-27 14:56:35,794Mapped "{[/error]}" onto public org.springframework.http.ResponseEntity<java.util.Map<java.lang.String, java.lang.Object>> org.springframework.boot.autoconfigure.web.BasicErrorController.error(javax.servlet.http.HttpServletRequest)
2017-10-27 14:56:35,796Mapped "{[/error],produces=[text/html]}" onto public org.springframework.web.servlet.ModelAndView org.springframework.boot.autoconfigure.web.BasicErrorController.errorHtml(javax.servlet.http.HttpServletRequest,javax.servlet.http.HttpServletResponse)
2017-10-27 14:56:35,847Mapped URL path [/webjars/**] onto handler of type [class org.springframework.web.servlet.resource.ResourceHttpRequestHandler]
2017-10-27 14:56:35,851Mapped URL path [/**] onto handler of type [class org.springframework.web.servlet.resource.ResourceHttpRequestHandler]
2017-10-27 14:56:35,929Mapped URL path [/**/favicon.ico] onto handler of type [class org.springframework.web.servlet.resource.ResourceHttpRequestHandler]
2017-10-27 14:56:36,539Registering beans for JMX exposure on startup
2017-10-27 14:56:36,565Initializing ProtocolHandler ["http-nio-8080"]
2017-10-27 14:56:36,579Starting ProtocolHandler ["http-nio-8080"]
2017-10-27 14:56:36,595Using a shared selector for servlet write/read
2017-10-27 14:56:36,623Tomcat started on port(s): 8080 (http)
2017-10-27 14:56:36,630Started WxSellApplication in 9.066 seconds (JVM running for 10.162)
2017-10-27 14:56:49,066Initializing Spring FrameworkServlet 'dispatcherServlet'
2017-10-27 14:56:49,067FrameworkServlet 'dispatcherServlet': initialization started
2017-10-27 14:56:49,254FrameworkServlet 'dispatcherServlet': initialization completed in 186 ms
2017-10-27 15:26:41,960HHH000397: Using ASTQueryTranslatorFactory
2017-10-27 15:54:41,652【微信网页授权】获取code,redirectUrl=https://open.weixin.qq.com/connect/oauth2/authorize?appid=wxa5da69153bc4b178&redirect_uri=http%3A%2F%2Fxiao-wxsell.natapp1.cc%2Fsell%2Fwechat%2FuserInfo&response_type=code&scope=snsapi_userinfo&state=http%3A%2F%2Fsell.com%2F%23%2F#wechat_redirect
2017-10-27 15:57:55,418Request method 'GET' not supported
2017-10-27 16:03:50,820Starting WxOrderApplicationTests on AFAAW-705012348 with PID 14440 (started by Administrator in G:\eclipse_enviroment\wx_sell)
2017-10-27 16:03:50,828No active profile set, falling back to default profiles: default
2017-10-27 16:03:50,924Refreshing org.springframework.web.context.support.GenericWebApplicationContext@2d901eb0: startup date [Fri Oct 27 16:03:50 CST 2017]; root of context hierarchy
2017-10-27 16:03:52,054HV000001: Hibernate Validator 5.3.5.Final
2017-10-27 16:03:55,394Building JPA container EntityManagerFactory for persistence unit 'default'
2017-10-27 16:03:55,458HHH000204: Processing PersistenceUnitInfo [
	name: default
	...]
2017-10-27 16:03:55,846HHH000412: Hibernate Core {5.0.12.Final}
2017-10-27 16:03:55,853HHH000206: hibernate.properties not found
2017-10-27 16:03:55,861HHH000021: Bytecode provider name : javassist
2017-10-27 16:03:56,030HCANN000001: Hibernate Commons Annotations {5.0.1.Final}
2017-10-27 16:03:56,612HHH000400: Using dialect: org.hibernate.dialect.MySQL5Dialect
2017-10-27 16:03:59,130Initialized JPA EntityManagerFactory for persistence unit 'default'
2017-10-27 16:04:06,233Looking for @ControllerAdvice: org.springframework.web.context.support.GenericWebApplicationContext@2d901eb0: startup date [Fri Oct 27 16:03:50 CST 2017]; root of context hierarchy
2017-10-27 16:04:06,632Mapped "{[/buyer/order/create],methods=[POST]}" onto public com.xiao.wx_order.VO.ResultVO<java.util.Map<java.lang.String, java.lang.String>> com.xiao.wx_order.controller.BuyerOrderController.create(com.xiao.wx_order.form.OrderForm,org.springframework.validation.BindingResult)
2017-10-27 16:04:06,637Mapped "{[/buyer/order/list],methods=[POST]}" onto public com.xiao.wx_order.VO.ResultVO<java.util.List<com.xiao.wx_order.dto.OrderDTO>> com.xiao.wx_order.controller.BuyerOrderController.list(java.lang.String,java.lang.Integer,java.lang.Integer)
2017-10-27 16:04:06,639Mapped "{[/buyer/order/cancel],methods=[POST]}" onto public com.xiao.wx_order.VO.ResultVO com.xiao.wx_order.controller.BuyerOrderController.cancel(java.lang.String,java.lang.String)
2017-10-27 16:04:06,642Mapped "{[/buyer/order/detail],methods=[GET]}" onto public com.xiao.wx_order.VO.ResultVO<com.xiao.wx_order.dto.OrderDTO> com.xiao.wx_order.controller.BuyerOrderController.detail(java.lang.String,java.lang.String)
2017-10-27 16:04:06,649Mapped "{[/buyer/product/list],methods=[GET]}" onto public com.xiao.wx_order.VO.ResultVO com.xiao.wx_order.controller.BuyerProductController.list()
2017-10-27 16:04:06,658Mapped "{[/wechat/userInfo],methods=[GET]}" onto public java.lang.String com.xiao.wx_order.controller.WechatController.userInfo(java.lang.String,java.lang.String)
2017-10-27 16:04:06,663Mapped "{[/wechat/authorize],methods=[GET]}" onto public java.lang.String com.xiao.wx_order.controller.WechatController.authorize(java.lang.String)
2017-10-27 16:04:06,670Mapped "{[/weixin/auth],methods=[GET]}" onto public void com.xiao.wx_order.controller.WeixinController.auth(java.lang.String)
2017-10-27 16:04:06,688Mapped "{[/error]}" onto public org.springframework.http.ResponseEntity<java.util.Map<java.lang.String, java.lang.Object>> org.springframework.boot.autoconfigure.web.BasicErrorController.error(javax.servlet.http.HttpServletRequest)
2017-10-27 16:04:06,693Mapped "{[/error],produces=[text/html]}" onto public org.springframework.web.servlet.ModelAndView org.springframework.boot.autoconfigure.web.BasicErrorController.errorHtml(javax.servlet.http.HttpServletRequest,javax.servlet.http.HttpServletResponse)
2017-10-27 16:04:06,867Mapped URL path [/webjars/**] onto handler of type [class org.springframework.web.servlet.resource.ResourceHttpRequestHandler]
2017-10-27 16:04:06,869Mapped URL path [/**] onto handler of type [class org.springframework.web.servlet.resource.ResourceHttpRequestHandler]
2017-10-27 16:04:07,012Mapped URL path [/**/favicon.ico] onto handler of type [class org.springframework.web.servlet.resource.ResourceHttpRequestHandler]
2017-10-27 16:04:07,929Started WxOrderApplicationTests in 19.025 seconds (JVM running for 23.018)
2017-10-27 16:04:13,850Closing org.springframework.web.context.support.GenericWebApplicationContext@2d901eb0: startup date [Fri Oct 27 16:03:50 CST 2017]; root of context hierarchy
2017-10-27 16:04:13,912Closing JPA EntityManagerFactory for persistence unit 'default'
2017-10-27 16:04:33,408Starting WxSellApplication on AFAAW-705012348 with PID 828 (G:\eclipse_enviroment\wx_sell\target\classes started by Administrator in G:\eclipse_enviroment\wx_sell)
2017-10-27 16:04:33,411No active profile set, falling back to default profiles: default
2017-10-27 16:04:33,529Refreshing org.springframework.boot.context.embedded.AnnotationConfigEmbeddedWebApplicationContext@37afeb11: startup date [Fri Oct 27 16:04:33 CST 2017]; root of context hierarchy
2017-10-27 16:04:34,315HV000001: Hibernate Validator 5.3.5.Final
2017-10-27 16:04:37,024Tomcat initialized with port(s): 8080 (http)
2017-10-27 16:04:37,061Starting service [Tomcat]
2017-10-27 16:04:37,063Starting Servlet Engine: Apache Tomcat/8.5.23
2017-10-27 16:04:37,316Initializing Spring embedded WebApplicationContext
2017-10-27 16:04:37,317Root WebApplicationContext: initialization completed in 3787 ms
2017-10-27 16:04:37,543Mapping servlet: 'dispatcherServlet' to [/]
2017-10-27 16:04:37,549Mapping filter: 'characterEncodingFilter' to: [/*]
2017-10-27 16:04:37,550Mapping filter: 'hiddenHttpMethodFilter' to: [/*]
2017-10-27 16:04:37,551Mapping filter: 'httpPutFormContentFilter' to: [/*]
2017-10-27 16:04:37,551Mapping filter: 'requestContextFilter' to: [/*]
2017-10-27 16:04:38,458Building JPA container EntityManagerFactory for persistence unit 'default'
2017-10-27 16:04:38,479HHH000204: Processing PersistenceUnitInfo [
	name: default
	...]
2017-10-27 16:04:38,565HHH000412: Hibernate Core {5.0.12.Final}
2017-10-27 16:04:38,566HHH000206: hibernate.properties not found
2017-10-27 16:04:38,567HHH000021: Bytecode provider name : javassist
2017-10-27 16:04:38,614HCANN000001: Hibernate Commons Annotations {5.0.1.Final}
2017-10-27 16:04:38,881HHH000400: Using dialect: org.hibernate.dialect.MySQL5Dialect
2017-10-27 16:04:39,503Initialized JPA EntityManagerFactory for persistence unit 'default'
2017-10-27 16:04:41,051Looking for @ControllerAdvice: org.springframework.boot.context.embedded.AnnotationConfigEmbeddedWebApplicationContext@37afeb11: startup date [Fri Oct 27 16:04:33 CST 2017]; root of context hierarchy
2017-10-27 16:04:41,202Mapped "{[/buyer/order/create],methods=[POST]}" onto public com.xiao.wx_order.VO.ResultVO<java.util.Map<java.lang.String, java.lang.String>> com.xiao.wx_order.controller.BuyerOrderController.create(com.xiao.wx_order.form.OrderForm,org.springframework.validation.BindingResult)
2017-10-27 16:04:41,204Mapped "{[/buyer/order/list],methods=[POST]}" onto public com.xiao.wx_order.VO.ResultVO<java.util.List<com.xiao.wx_order.dto.OrderDTO>> com.xiao.wx_order.controller.BuyerOrderController.list(java.lang.String,java.lang.Integer,java.lang.Integer)
2017-10-27 16:04:41,206Mapped "{[/buyer/order/cancel],methods=[POST]}" onto public com.xiao.wx_order.VO.ResultVO com.xiao.wx_order.controller.BuyerOrderController.cancel(java.lang.String,java.lang.String)
2017-10-27 16:04:41,207Mapped "{[/buyer/order/detail],methods=[GET]}" onto public com.xiao.wx_order.VO.ResultVO<com.xiao.wx_order.dto.OrderDTO> com.xiao.wx_order.controller.BuyerOrderController.detail(java.lang.String,java.lang.String)
2017-10-27 16:04:41,209Mapped "{[/buyer/product/list],methods=[GET]}" onto public com.xiao.wx_order.VO.ResultVO com.xiao.wx_order.controller.BuyerProductController.list()
2017-10-27 16:04:41,212Mapped "{[/wechat/userInfo],methods=[GET]}" onto public java.lang.String com.xiao.wx_order.controller.WechatController.userInfo(java.lang.String,java.lang.String)
2017-10-27 16:04:41,212Mapped "{[/wechat/authorize],methods=[GET]}" onto public java.lang.String com.xiao.wx_order.controller.WechatController.authorize(java.lang.String)
2017-10-27 16:04:41,213Mapped "{[/weixin/auth],methods=[GET]}" onto public void com.xiao.wx_order.controller.WeixinController.auth(java.lang.String)
2017-10-27 16:04:41,216Mapped "{[/error]}" onto public org.springframework.http.ResponseEntity<java.util.Map<java.lang.String, java.lang.Object>> org.springframework.boot.autoconfigure.web.BasicErrorController.error(javax.servlet.http.HttpServletRequest)
2017-10-27 16:04:41,218Mapped "{[/error],produces=[text/html]}" onto public org.springframework.web.servlet.ModelAndView org.springframework.boot.autoconfigure.web.BasicErrorController.errorHtml(javax.servlet.http.HttpServletRequest,javax.servlet.http.HttpServletResponse)
2017-10-27 16:04:41,264Mapped URL path [/webjars/**] onto handler of type [class org.springframework.web.servlet.resource.ResourceHttpRequestHandler]
2017-10-27 16:04:41,274Mapped URL path [/**] onto handler of type [class org.springframework.web.servlet.resource.ResourceHttpRequestHandler]
2017-10-27 16:04:41,329Mapped URL path [/**/favicon.ico] onto handler of type [class org.springframework.web.servlet.resource.ResourceHttpRequestHandler]
2017-10-27 16:04:41,727Registering beans for JMX exposure on startup
2017-10-27 16:04:41,752Initializing ProtocolHandler ["http-nio-8080"]
2017-10-27 16:04:41,770Starting ProtocolHandler ["http-nio-8080"]
2017-10-27 16:04:41,809Using a shared selector for servlet write/read
2017-10-27 16:04:41,833Tomcat started on port(s): 8080 (http)
2017-10-27 16:04:41,839Started WxSellApplication in 9.338 seconds (JVM running for 10.322)
2017-10-27 16:04:49,815Initializing Spring FrameworkServlet 'dispatcherServlet'
2017-10-27 16:04:49,815FrameworkServlet 'dispatcherServlet': initialization started
2017-10-27 16:04:49,971FrameworkServlet 'dispatcherServlet': initialization completed in 154 ms
2017-10-27 16:19:10,036HHH000397: Using ASTQueryTranslatorFactory
2017-10-27 16:30:43,069Starting WxSellApplication on AFAAW-705012348 with PID 12864 (G:\eclipse_enviroment\wx_sell\target\classes started by Administrator in G:\eclipse_enviroment\wx_sell)
2017-10-27 16:30:43,074No active profile set, falling back to default profiles: default
2017-10-27 16:30:43,171Refreshing org.springframework.boot.context.embedded.AnnotationConfigEmbeddedWebApplicationContext@37afeb11: startup date [Fri Oct 27 16:30:43 CST 2017]; root of context hierarchy
2017-10-27 16:30:43,913HV000001: Hibernate Validator 5.3.5.Final
2017-10-27 16:30:46,041Tomcat initialized with port(s): 8080 (http)
2017-10-27 16:30:46,061Starting service [Tomcat]
2017-10-27 16:30:46,063Starting Servlet Engine: Apache Tomcat/8.5.23
2017-10-27 16:30:46,227Initializing Spring embedded WebApplicationContext
2017-10-27 16:30:46,228Root WebApplicationContext: initialization completed in 3057 ms
2017-10-27 16:30:46,463Mapping servlet: 'dispatcherServlet' to [/]
2017-10-27 16:30:46,471Mapping filter: 'characterEncodingFilter' to: [/*]
2017-10-27 16:30:46,473Mapping filter: 'hiddenHttpMethodFilter' to: [/*]
2017-10-27 16:30:46,474Mapping filter: 'httpPutFormContentFilter' to: [/*]
2017-10-27 16:30:46,475Mapping filter: 'requestContextFilter' to: [/*]
2017-10-27 16:30:47,267Building JPA container EntityManagerFactory for persistence unit 'default'
2017-10-27 16:30:47,291HHH000204: Processing PersistenceUnitInfo [
	name: default
	...]
2017-10-27 16:30:47,468HHH000412: Hibernate Core {5.0.12.Final}
2017-10-27 16:30:47,473HHH000206: hibernate.properties not found
2017-10-27 16:30:47,476HHH000021: Bytecode provider name : javassist
2017-10-27 16:30:47,589HCANN000001: Hibernate Commons Annotations {5.0.1.Final}
2017-10-27 16:30:47,886HHH000400: Using dialect: org.hibernate.dialect.MySQL5Dialect
2017-10-27 16:30:48,908Initialized JPA EntityManagerFactory for persistence unit 'default'
2017-10-27 16:30:50,997Looking for @ControllerAdvice: org.springframework.boot.context.embedded.AnnotationConfigEmbeddedWebApplicationContext@37afeb11: startup date [Fri Oct 27 16:30:43 CST 2017]; root of context hierarchy
2017-10-27 16:30:51,159Mapped "{[/buyer/order/create],methods=[POST]}" onto public com.xiao.wx_order.VO.ResultVO<java.util.Map<java.lang.String, java.lang.String>> com.xiao.wx_order.controller.BuyerOrderController.create(com.xiao.wx_order.form.OrderForm,org.springframework.validation.BindingResult)
2017-10-27 16:30:51,162Mapped "{[/buyer/order/list],methods=[POST]}" onto public com.xiao.wx_order.VO.ResultVO<java.util.List<com.xiao.wx_order.dto.OrderDTO>> com.xiao.wx_order.controller.BuyerOrderController.list(java.lang.String,java.lang.Integer,java.lang.Integer)
2017-10-27 16:30:51,162Mapped "{[/buyer/order/cancel],methods=[POST]}" onto public com.xiao.wx_order.VO.ResultVO com.xiao.wx_order.controller.BuyerOrderController.cancel(java.lang.String,java.lang.String)
2017-10-27 16:30:51,163Mapped "{[/buyer/order/detail],methods=[GET]}" onto public com.xiao.wx_order.VO.ResultVO<com.xiao.wx_order.dto.OrderDTO> com.xiao.wx_order.controller.BuyerOrderController.detail(java.lang.String,java.lang.String)
2017-10-27 16:30:51,167Mapped "{[/buyer/product/list],methods=[GET]}" onto public com.xiao.wx_order.VO.ResultVO com.xiao.wx_order.controller.BuyerProductController.list()
2017-10-27 16:30:51,169Mapped "{[/wechat/userInfo],methods=[GET]}" onto public java.lang.String com.xiao.wx_order.controller.WechatController.userInfo(java.lang.String,java.lang.String)
2017-10-27 16:30:51,174Mapped "{[/wechat/authorize],methods=[GET]}" onto public java.lang.String com.xiao.wx_order.controller.WechatController.authorize(java.lang.String)
2017-10-27 16:30:51,177Mapped "{[/weixin/auth],methods=[GET]}" onto public void com.xiao.wx_order.controller.WeixinController.auth(java.lang.String)
2017-10-27 16:30:51,182Mapped "{[/error]}" onto public org.springframework.http.ResponseEntity<java.util.Map<java.lang.String, java.lang.Object>> org.springframework.boot.autoconfigure.web.BasicErrorController.error(javax.servlet.http.HttpServletRequest)
2017-10-27 16:30:51,187Mapped "{[/error],produces=[text/html]}" onto public org.springframework.web.servlet.ModelAndView org.springframework.boot.autoconfigure.web.BasicErrorController.errorHtml(javax.servlet.http.HttpServletRequest,javax.servlet.http.HttpServletResponse)
2017-10-27 16:30:51,249Mapped URL path [/webjars/**] onto handler of type [class org.springframework.web.servlet.resource.ResourceHttpRequestHandler]
2017-10-27 16:30:51,249Mapped URL path [/**] onto handler of type [class org.springframework.web.servlet.resource.ResourceHttpRequestHandler]
2017-10-27 16:30:51,327Mapped URL path [/**/favicon.ico] onto handler of type [class org.springframework.web.servlet.resource.ResourceHttpRequestHandler]
2017-10-27 16:30:51,795Registering beans for JMX exposure on startup
2017-10-27 16:30:51,823Initializing ProtocolHandler ["http-nio-8080"]
2017-10-27 16:30:51,843Starting ProtocolHandler ["http-nio-8080"]
2017-10-27 16:30:51,866Using a shared selector for servlet write/read
2017-10-27 16:30:51,912Tomcat started on port(s): 8080 (http)
2017-10-27 16:30:51,920Started WxSellApplication in 9.944 seconds (JVM running for 12.349)
2017-10-27 16:32:43,505Initializing Spring FrameworkServlet 'dispatcherServlet'
2017-10-27 16:32:43,506FrameworkServlet 'dispatcherServlet': initialization started
2017-10-27 16:32:43,716FrameworkServlet 'dispatcherServlet': initialization completed in 210 ms
2017-10-27 16:33:54,457HHH000397: Using ASTQueryTranslatorFactory
