2017-10-28 12:56:20,017Starting PayServiceImplTest on AFAAW-705012348 with PID 4836 (started by Administrator in G:\eclipse_enviroment\wx_sell)
2017-10-28 12:56:20,019No active profile set, falling back to default profiles: default
2017-10-28 12:56:20,115Refreshing org.springframework.web.context.support.GenericWebApplicationContext@73db4768: startup date [Sat Oct 28 12:56:20 CST 2017]; root of context hierarchy
2017-10-28 12:56:21,005HV000001: Hibernate Validator 5.3.5.Final
2017-10-28 12:56:23,512JSR-330 'javax.inject.Inject' annotation found and supported for autowiring
2017-10-28 12:56:25,167Building JPA container EntityManagerFactory for persistence unit 'default'
2017-10-28 12:56:25,194HHH000204: Processing PersistenceUnitInfo [
	name: default
	...]
2017-10-28 12:56:25,327HHH000412: Hibernate Core {5.0.12.Final}
2017-10-28 12:56:25,330HHH000206: hibernate.properties not found
2017-10-28 12:56:25,335HHH000021: Bytecode provider name : javassist
2017-10-28 12:56:25,424HCANN000001: Hibernate Commons Annotations {5.0.1.Final}
2017-10-28 12:56:25,742HHH000400: Using dialect: org.hibernate.dialect.MySQL5Dialect
2017-10-28 12:56:27,070Initialized JPA EntityManagerFactory for persistence unit 'default'
2017-10-28 12:56:29,635Exception encountered during context initialization - cancelling refresh attempt: org.springframework.beans.factory.UnsatisfiedDependencyException: Error creating bean with name 'wechatController': Unsatisfied dependency expressed through field 'wxMpService'; nested exception is org.springframework.beans.factory.NoSuchBeanDefinitionException: No qualifying bean of type 'me.chanjar.weixin.mp.api.WxMpService' available: expected at least 1 bean which qualifies as autowire candidate. Dependency annotations: {@org.springframework.beans.factory.annotation.Autowired(required=true)}
2017-10-28 12:56:29,642Closing JPA EntityManagerFactory for persistence unit 'default'
2017-10-28 12:56:29,684

Error starting ApplicationContext. To display the auto-configuration report re-run your application with 'debug' enabled.
2017-10-28 13:01:12,472Starting PayServiceImplTest on AFAAW-705012348 with PID 14488 (started by Administrator in G:\eclipse_enviroment\wx_sell)
2017-10-28 13:01:12,487No active profile set, falling back to default profiles: default
2017-10-28 13:01:12,558Refreshing org.springframework.web.context.support.GenericWebApplicationContext@7a7471ce: startup date [Sat Oct 28 13:01:12 CST 2017]; root of context hierarchy
2017-10-28 13:01:13,150HV000001: Hibernate Validator 5.3.5.Final
2017-10-28 13:01:14,538JSR-330 'javax.inject.Inject' annotation found and supported for autowiring
2017-10-28 13:01:16,521Building JPA container EntityManagerFactory for persistence unit 'default'
2017-10-28 13:01:16,714HHH000204: Processing PersistenceUnitInfo [
	name: default
	...]
2017-10-28 13:01:17,274HHH000412: Hibernate Core {5.0.12.Final}
2017-10-28 13:01:17,284HHH000206: hibernate.properties not found
2017-10-28 13:01:17,291HHH000021: Bytecode provider name : javassist
2017-10-28 13:01:17,463HCANN000001: Hibernate Commons Annotations {5.0.1.Final}
2017-10-28 13:01:17,929HHH000400: Using dialect: org.hibernate.dialect.MySQL5Dialect
2017-10-28 13:01:20,074Initialized JPA EntityManagerFactory for persistence unit 'default'
2017-10-28 13:01:21,767Exception encountered during context initialization - cancelling refresh attempt: org.springframework.beans.factory.UnsatisfiedDependencyException: Error creating bean with name 'wechatController': Unsatisfied dependency expressed through field 'wxMpService'; nested exception is org.springframework.beans.factory.NoSuchBeanDefinitionException: No qualifying bean of type 'me.chanjar.weixin.mp.api.WxMpService' available: expected at least 1 bean which qualifies as autowire candidate. Dependency annotations: {@org.springframework.beans.factory.annotation.Autowired(required=true)}
2017-10-28 13:01:21,772Closing JPA EntityManagerFactory for persistence unit 'default'
2017-10-28 13:01:21,812

Error starting ApplicationContext. To display the auto-configuration report re-run your application with 'debug' enabled.
2017-10-28 13:06:14,766Starting PayServiceImplTest on AFAAW-705012348 with PID 7924 (started by Administrator in G:\eclipse_enviroment\wx_sell)
2017-10-28 13:06:14,768No active profile set, falling back to default profiles: default
2017-10-28 13:06:14,854Refreshing org.springframework.web.context.support.GenericWebApplicationContext@73db4768: startup date [Sat Oct 28 13:06:14 CST 2017]; root of context hierarchy
2017-10-28 13:06:15,731HV000001: Hibernate Validator 5.3.5.Final
2017-10-28 13:06:17,188JSR-330 'javax.inject.Inject' annotation found and supported for autowiring
2017-10-28 13:06:18,731Building JPA container EntityManagerFactory for persistence unit 'default'
2017-10-28 13:06:18,767HHH000204: Processing PersistenceUnitInfo [
	name: default
	...]
2017-10-28 13:06:18,983HHH000412: Hibernate Core {5.0.12.Final}
2017-10-28 13:06:18,986HHH000206: hibernate.properties not found
2017-10-28 13:06:18,988HHH000021: Bytecode provider name : javassist
2017-10-28 13:06:19,065HCANN000001: Hibernate Commons Annotations {5.0.1.Final}
2017-10-28 13:06:19,271HHH000400: Using dialect: org.hibernate.dialect.MySQL5Dialect
2017-10-28 13:06:20,257Initialized JPA EntityManagerFactory for persistence unit 'default'
2017-10-28 13:06:20,945Exception encountered during context initialization - cancelling refresh attempt: org.springframework.beans.factory.UnsatisfiedDependencyException: Error creating bean with name 'wechatController': Unsatisfied dependency expressed through field 'wxMpService'; nested exception is org.springframework.beans.factory.NoSuchBeanDefinitionException: No qualifying bean of type 'me.chanjar.weixin.mp.api.WxMpService' available: expected at least 1 bean which qualifies as autowire candidate. Dependency annotations: {@org.springframework.beans.factory.annotation.Autowired(required=true)}
2017-10-28 13:06:20,948Closing JPA EntityManagerFactory for persistence unit 'default'
2017-10-28 13:06:20,968

Error starting ApplicationContext. To display the auto-configuration report re-run your application with 'debug' enabled.
2017-10-28 13:06:54,714Starting PayServiceImplTest on AFAAW-705012348 with PID 1600 (started by Administrator in G:\eclipse_enviroment\wx_sell)
2017-10-28 13:06:54,732No active profile set, falling back to default profiles: default
2017-10-28 13:06:54,797Refreshing org.springframework.web.context.support.GenericWebApplicationContext@4bdeaabb: startup date [Sat Oct 28 13:06:54 CST 2017]; root of context hierarchy
2017-10-28 13:06:55,896HV000001: Hibernate Validator 5.3.5.Final
2017-10-28 13:06:56,958JSR-330 'javax.inject.Inject' annotation found and supported for autowiring
2017-10-28 13:06:58,180Building JPA container EntityManagerFactory for persistence unit 'default'
2017-10-28 13:06:58,203HHH000204: Processing PersistenceUnitInfo [
	name: default
	...]
2017-10-28 13:06:58,336HHH000412: Hibernate Core {5.0.12.Final}
2017-10-28 13:06:58,343HHH000206: hibernate.properties not found
2017-10-28 13:06:58,348HHH000021: Bytecode provider name : javassist
2017-10-28 13:06:58,423HCANN000001: Hibernate Commons Annotations {5.0.1.Final}
2017-10-28 13:06:58,619HHH000400: Using dialect: org.hibernate.dialect.MySQL5Dialect
2017-10-28 13:06:59,672Initialized JPA EntityManagerFactory for persistence unit 'default'
2017-10-28 13:07:00,177Exception encountered during context initialization - cancelling refresh attempt: org.springframework.beans.factory.UnsatisfiedDependencyException: Error creating bean with name 'wechatController': Unsatisfied dependency expressed through field 'wxMpService'; nested exception is org.springframework.beans.factory.NoSuchBeanDefinitionException: No qualifying bean of type 'me.chanjar.weixin.mp.api.WxMpService' available: expected at least 1 bean which qualifies as autowire candidate. Dependency annotations: {@org.springframework.beans.factory.annotation.Autowired(required=true)}
2017-10-28 13:07:00,180Closing JPA EntityManagerFactory for persistence unit 'default'
2017-10-28 13:07:00,201

Error starting ApplicationContext. To display the auto-configuration report re-run your application with 'debug' enabled.
2017-10-28 13:15:46,442Starting PayServiceImplTest on AFAAW-705012348 with PID 4856 (started by Administrator in G:\eclipse_enviroment\wx_sell)
2017-10-28 13:15:46,446No active profile set, falling back to default profiles: default
2017-10-28 13:15:46,538Refreshing org.springframework.web.context.support.GenericWebApplicationContext@7a7471ce: startup date [Sat Oct 28 13:15:46 CST 2017]; root of context hierarchy
2017-10-28 13:15:47,706HV000001: Hibernate Validator 5.3.5.Final
2017-10-28 13:15:49,245JSR-330 'javax.inject.Inject' annotation found and supported for autowiring
2017-10-28 13:15:50,572Building JPA container EntityManagerFactory for persistence unit 'default'
2017-10-28 13:15:50,594HHH000204: Processing PersistenceUnitInfo [
	name: default
	...]
2017-10-28 13:15:50,738HHH000412: Hibernate Core {5.0.12.Final}
2017-10-28 13:15:50,741HHH000206: hibernate.properties not found
2017-10-28 13:15:50,744HHH000021: Bytecode provider name : javassist
2017-10-28 13:15:50,815HCANN000001: Hibernate Commons Annotations {5.0.1.Final}
2017-10-28 13:15:51,021HHH000400: Using dialect: org.hibernate.dialect.MySQL5Dialect
2017-10-28 13:15:52,154Initialized JPA EntityManagerFactory for persistence unit 'default'
2017-10-28 13:15:54,241Exception encountered during context initialization - cancelling refresh attempt: org.springframework.beans.factory.UnsatisfiedDependencyException: Error creating bean with name 'wechatController': Unsatisfied dependency expressed through field 'wxMpService'; nested exception is org.springframework.beans.factory.NoSuchBeanDefinitionException: No qualifying bean of type 'me.chanjar.weixin.mp.api.WxMpService' available: expected at least 1 bean which qualifies as autowire candidate. Dependency annotations: {@org.springframework.beans.factory.annotation.Autowired(required=true)}
2017-10-28 13:15:54,249Closing JPA EntityManagerFactory for persistence unit 'default'
2017-10-28 13:15:54,302

Error starting ApplicationContext. To display the auto-configuration report re-run your application with 'debug' enabled.
2017-10-28 13:20:15,384Starting WxSellApplication on AFAAW-705012348 with PID 9308 (G:\eclipse_enviroment\wx_sell\target\classes started by Administrator in G:\eclipse_enviroment\wx_sell)
2017-10-28 13:20:15,412No active profile set, falling back to default profiles: default
2017-10-28 13:20:15,692Refreshing org.springframework.boot.context.embedded.AnnotationConfigEmbeddedWebApplicationContext@35e2d654: startup date [Sat Oct 28 13:20:15 CST 2017]; root of context hierarchy
2017-10-28 13:20:17,216HV000001: Hibernate Validator 5.3.5.Final
2017-10-28 13:20:19,434JSR-330 'javax.inject.Inject' annotation found and supported for autowiring
2017-10-28 13:20:20,812Tomcat initialized with port(s): 8080 (http)
2017-10-28 13:20:20,855Starting service [Tomcat]
2017-10-28 13:20:20,857Starting Servlet Engine: Apache Tomcat/8.5.23
2017-10-28 13:20:21,142Initializing Spring embedded WebApplicationContext
2017-10-28 13:20:21,143Root WebApplicationContext: initialization completed in 5452 ms
2017-10-28 13:20:21,479Mapping servlet: 'dispatcherServlet' to [/]
2017-10-28 13:20:21,485Mapping filter: 'characterEncodingFilter' to: [/*]
2017-10-28 13:20:21,486Mapping filter: 'hiddenHttpMethodFilter' to: [/*]
2017-10-28 13:20:21,486Mapping filter: 'httpPutFormContentFilter' to: [/*]
2017-10-28 13:20:21,486Mapping filter: 'requestContextFilter' to: [/*]
2017-10-28 13:20:22,297Building JPA container EntityManagerFactory for persistence unit 'default'
2017-10-28 13:20:22,319HHH000204: Processing PersistenceUnitInfo [
	name: default
	...]
2017-10-28 13:20:22,399HHH000412: Hibernate Core {5.0.12.Final}
2017-10-28 13:20:22,402HHH000206: hibernate.properties not found
2017-10-28 13:20:22,404HHH000021: Bytecode provider name : javassist
2017-10-28 13:20:22,567HCANN000001: Hibernate Commons Annotations {5.0.1.Final}
2017-10-28 13:20:22,708HHH000400: Using dialect: org.hibernate.dialect.MySQL5Dialect
2017-10-28 13:20:23,511Initialized JPA EntityManagerFactory for persistence unit 'default'
2017-10-28 13:20:24,081Exception encountered during context initialization - cancelling refresh attempt: org.springframework.beans.factory.UnsatisfiedDependencyException: Error creating bean with name 'wechatController': Unsatisfied dependency expressed through field 'wxMpService'; nested exception is org.springframework.beans.factory.NoSuchBeanDefinitionException: No qualifying bean of type 'me.chanjar.weixin.mp.api.WxMpService' available: expected at least 1 bean which qualifies as autowire candidate. Dependency annotations: {@org.springframework.beans.factory.annotation.Autowired(required=true)}
2017-10-28 13:20:24,084Closing JPA EntityManagerFactory for persistence unit 'default'
2017-10-28 13:20:24,094Stopping service [Tomcat]
2017-10-28 13:20:24,163

Error starting ApplicationContext. To display the auto-configuration report re-run your application with 'debug' enabled.
2017-10-28 13:34:14,573Starting WxSellApplication on AFAAW-705012348 with PID 7360 (G:\eclipse_enviroment\wx_sell\target\classes started by Administrator in G:\eclipse_enviroment\wx_sell)
2017-10-28 13:34:14,607No active profile set, falling back to default profiles: default
2017-10-28 13:34:14,788Refreshing org.springframework.boot.context.embedded.AnnotationConfigEmbeddedWebApplicationContext@72967906: startup date [Sat Oct 28 13:34:14 CST 2017]; root of context hierarchy
2017-10-28 13:34:15,647HV000001: Hibernate Validator 5.3.5.Final
2017-10-28 13:34:17,411JSR-330 'javax.inject.Inject' annotation found and supported for autowiring
2017-10-28 13:34:18,771Tomcat initialized with port(s): 8080 (http)
2017-10-28 13:34:18,797Starting service [Tomcat]
2017-10-28 13:34:18,800Starting Servlet Engine: Apache Tomcat/8.5.23
2017-10-28 13:34:19,002Initializing Spring embedded WebApplicationContext
2017-10-28 13:34:19,003Root WebApplicationContext: initialization completed in 4215 ms
2017-10-28 13:34:19,257Mapping servlet: 'dispatcherServlet' to [/]
2017-10-28 13:34:19,263Mapping filter: 'characterEncodingFilter' to: [/*]
2017-10-28 13:34:19,265Mapping filter: 'hiddenHttpMethodFilter' to: [/*]
2017-10-28 13:34:19,265Mapping filter: 'httpPutFormContentFilter' to: [/*]
2017-10-28 13:34:19,265Mapping filter: 'requestContextFilter' to: [/*]
2017-10-28 13:34:20,204Building JPA container EntityManagerFactory for persistence unit 'default'
2017-10-28 13:34:20,227HHH000204: Processing PersistenceUnitInfo [
	name: default
	...]
2017-10-28 13:34:20,335HHH000412: Hibernate Core {5.0.12.Final}
2017-10-28 13:34:20,338HHH000206: hibernate.properties not found
2017-10-28 13:34:20,340HHH000021: Bytecode provider name : javassist
2017-10-28 13:34:20,560HCANN000001: Hibernate Commons Annotations {5.0.1.Final}
2017-10-28 13:34:20,737HHH000400: Using dialect: org.hibernate.dialect.MySQL5Dialect
2017-10-28 13:34:21,332Initialized JPA EntityManagerFactory for persistence unit 'default'
2017-10-28 13:34:21,877Exception encountered during context initialization - cancelling refresh attempt: org.springframework.beans.factory.UnsatisfiedDependencyException: Error creating bean with name 'wechatController': Unsatisfied dependency expressed through field 'wxMpService'; nested exception is org.springframework.beans.factory.NoSuchBeanDefinitionException: No qualifying bean of type 'me.chanjar.weixin.mp.api.WxMpService' available: expected at least 1 bean which qualifies as autowire candidate. Dependency annotations: {@org.springframework.beans.factory.annotation.Autowired(required=true)}
2017-10-28 13:34:21,879Closing JPA EntityManagerFactory for persistence unit 'default'
2017-10-28 13:34:21,890Stopping service [Tomcat]
2017-10-28 13:34:21,912

Error starting ApplicationContext. To display the auto-configuration report re-run your application with 'debug' enabled.
2017-10-28 13:40:07,461Starting WxSellApplication on AFAAW-705012348 with PID 8820 (G:\eclipse_enviroment\wx_sell\target\classes started by Administrator in G:\eclipse_enviroment\wx_sell)
2017-10-28 13:40:07,473No active profile set, falling back to default profiles: default
2017-10-28 13:40:07,700Refreshing org.springframework.boot.context.embedded.AnnotationConfigEmbeddedWebApplicationContext@72967906: startup date [Sat Oct 28 13:40:07 CST 2017]; root of context hierarchy
2017-10-28 13:40:09,081HV000001: Hibernate Validator 5.3.5.Final
2017-10-28 13:40:10,940JSR-330 'javax.inject.Inject' annotation found and supported for autowiring
2017-10-28 13:40:12,527Tomcat initialized with port(s): 8080 (http)
2017-10-28 13:40:12,550Starting service [Tomcat]
2017-10-28 13:40:12,553Starting Servlet Engine: Apache Tomcat/8.5.23
2017-10-28 13:40:12,737Initializing Spring embedded WebApplicationContext
2017-10-28 13:40:12,738Root WebApplicationContext: initialization completed in 5038 ms
2017-10-28 13:40:13,014Mapping servlet: 'dispatcherServlet' to [/]
2017-10-28 13:40:13,022Mapping filter: 'characterEncodingFilter' to: [/*]
2017-10-28 13:40:13,023Mapping filter: 'hiddenHttpMethodFilter' to: [/*]
2017-10-28 13:40:13,023Mapping filter: 'httpPutFormContentFilter' to: [/*]
2017-10-28 13:40:13,023Mapping filter: 'requestContextFilter' to: [/*]
2017-10-28 13:40:13,729Building JPA container EntityManagerFactory for persistence unit 'default'
2017-10-28 13:40:13,745HHH000204: Processing PersistenceUnitInfo [
	name: default
	...]
2017-10-28 13:40:13,815HHH000412: Hibernate Core {5.0.12.Final}
2017-10-28 13:40:13,817HHH000206: hibernate.properties not found
2017-10-28 13:40:13,820HHH000021: Bytecode provider name : javassist
2017-10-28 13:40:14,264HCANN000001: Hibernate Commons Annotations {5.0.1.Final}
2017-10-28 13:40:14,814HHH000400: Using dialect: org.hibernate.dialect.MySQL5Dialect
2017-10-28 13:40:16,410Initialized JPA EntityManagerFactory for persistence unit 'default'
2017-10-28 13:40:17,645Exception encountered during context initialization - cancelling refresh attempt: org.springframework.beans.factory.UnsatisfiedDependencyException: Error creating bean with name 'wechatController': Unsatisfied dependency expressed through field 'wxService'; nested exception is org.springframework.beans.factory.NoSuchBeanDefinitionException: No qualifying bean of type 'me.chanjar.weixin.mp.api.WxMpService' available: expected at least 1 bean which qualifies as autowire candidate. Dependency annotations: {@org.springframework.beans.factory.annotation.Autowired(required=true)}
2017-10-28 13:40:17,659Closing JPA EntityManagerFactory for persistence unit 'default'
2017-10-28 13:40:17,687Stopping service [Tomcat]
2017-10-28 13:40:17,731

Error starting ApplicationContext. To display the auto-configuration report re-run your application with 'debug' enabled.
2017-10-28 13:48:48,158Starting PayServiceImplTest on AFAAW-705012348 with PID 10444 (started by Administrator in G:\eclipse_enviroment\wx_sell)
2017-10-28 13:48:48,189No active profile set, falling back to default profiles: default
2017-10-28 13:48:48,275Refreshing org.springframework.web.context.support.GenericWebApplicationContext@72bc6553: startup date [Sat Oct 28 13:48:48 CST 2017]; root of context hierarchy
2017-10-28 13:48:48,969HV000001: Hibernate Validator 5.3.5.Final
2017-10-28 13:48:50,307JSR-330 'javax.inject.Inject' annotation found and supported for autowiring
2017-10-28 13:48:51,761Building JPA container EntityManagerFactory for persistence unit 'default'
2017-10-28 13:48:51,777HHH000204: Processing PersistenceUnitInfo [
	name: default
	...]
2017-10-28 13:48:51,876HHH000412: Hibernate Core {5.0.12.Final}
2017-10-28 13:48:51,878HHH000206: hibernate.properties not found
2017-10-28 13:48:51,881HHH000021: Bytecode provider name : javassist
2017-10-28 13:48:52,025HCANN000001: Hibernate Commons Annotations {5.0.1.Final}
2017-10-28 13:48:52,611HHH000400: Using dialect: org.hibernate.dialect.MySQL5Dialect
2017-10-28 13:48:54,777Initialized JPA EntityManagerFactory for persistence unit 'default'
2017-10-28 13:48:59,656Looking for @ControllerAdvice: org.springframework.web.context.support.GenericWebApplicationContext@72bc6553: startup date [Sat Oct 28 13:48:48 CST 2017]; root of context hierarchy
2017-10-28 13:48:59,894Mapped "{[/buyer/order/create],methods=[POST]}" onto public com.xiao.wx_order.VO.ResultVO<java.util.Map<java.lang.String, java.lang.String>> com.xiao.wx_order.controller.BuyerOrderController.create(com.xiao.wx_order.form.OrderForm,org.springframework.validation.BindingResult)
2017-10-28 13:48:59,898Mapped "{[/buyer/order/list],methods=[POST]}" onto public com.xiao.wx_order.VO.ResultVO<java.util.List<com.xiao.wx_order.dto.OrderDTO>> com.xiao.wx_order.controller.BuyerOrderController.list(java.lang.String,java.lang.Integer,java.lang.Integer)
2017-10-28 13:48:59,904Mapped "{[/buyer/order/cancel],methods=[POST]}" onto public com.xiao.wx_order.VO.ResultVO com.xiao.wx_order.controller.BuyerOrderController.cancel(java.lang.String,java.lang.String)
2017-10-28 13:48:59,907Mapped "{[/buyer/order/detail],methods=[GET]}" onto public com.xiao.wx_order.VO.ResultVO<com.xiao.wx_order.dto.OrderDTO> com.xiao.wx_order.controller.BuyerOrderController.detail(java.lang.String,java.lang.String)
2017-10-28 13:48:59,919Mapped "{[/buyer/product/list],methods=[GET]}" onto public com.xiao.wx_order.VO.ResultVO com.xiao.wx_order.controller.BuyerProductController.list()
2017-10-28 13:48:59,924Mapped "{[/pay/create],methods=[GET]}" onto public void com.xiao.wx_order.controller.PayController.create(java.lang.String,java.lang.String)
2017-10-28 13:48:59,941Mapped "{[/wechat/userInfo],methods=[GET]}" onto public java.lang.String com.xiao.wx_order.controller.WechatController.userInfo(java.lang.String,java.lang.String)
2017-10-28 13:48:59,964Mapped "{[/wechat/authorize],methods=[GET]}" onto public java.lang.String com.xiao.wx_order.controller.WechatController.authorize(java.lang.String)
2017-10-28 13:48:59,966Mapped "{[/weixin/auth],methods=[GET]}" onto public void com.xiao.wx_order.controller.WeixinController.auth(java.lang.String)
2017-10-28 13:48:59,972Mapped "{[/error]}" onto public org.springframework.http.ResponseEntity<java.util.Map<java.lang.String, java.lang.Object>> org.springframework.boot.autoconfigure.web.BasicErrorController.error(javax.servlet.http.HttpServletRequest)
2017-10-28 13:48:59,974Mapped "{[/error],produces=[text/html]}" onto public org.springframework.web.servlet.ModelAndView org.springframework.boot.autoconfigure.web.BasicErrorController.errorHtml(javax.servlet.http.HttpServletRequest,javax.servlet.http.HttpServletResponse)
2017-10-28 13:49:00,113Mapped URL path [/webjars/**] onto handler of type [class org.springframework.web.servlet.resource.ResourceHttpRequestHandler]
2017-10-28 13:49:00,117Mapped URL path [/**] onto handler of type [class org.springframework.web.servlet.resource.ResourceHttpRequestHandler]
2017-10-28 13:49:00,242Mapped URL path [/**/favicon.ico] onto handler of type [class org.springframework.web.servlet.resource.ResourceHttpRequestHandler]
2017-10-28 13:49:00,957Started PayServiceImplTest in 13.662 seconds (JVM running for 16.051)
2017-10-28 13:49:01,478Closing org.springframework.web.context.support.GenericWebApplicationContext@72bc6553: startup date [Sat Oct 28 13:48:48 CST 2017]; root of context hierarchy
2017-10-28 13:49:01,502Closing JPA EntityManagerFactory for persistence unit 'default'
2017-10-28 13:49:38,258Starting PayServiceImplTest on AFAAW-705012348 with PID 5156 (started by Administrator in G:\eclipse_enviroment\wx_sell)
2017-10-28 13:49:38,260No active profile set, falling back to default profiles: default
2017-10-28 13:49:38,352Refreshing org.springframework.web.context.support.GenericWebApplicationContext@34a75079: startup date [Sat Oct 28 13:49:38 CST 2017]; root of context hierarchy
2017-10-28 13:49:39,161HV000001: Hibernate Validator 5.3.5.Final
2017-10-28 13:49:40,655JSR-330 'javax.inject.Inject' annotation found and supported for autowiring
2017-10-28 13:49:42,127Building JPA container EntityManagerFactory for persistence unit 'default'
2017-10-28 13:49:42,153HHH000204: Processing PersistenceUnitInfo [
	name: default
	...]
2017-10-28 13:49:42,281HHH000412: Hibernate Core {5.0.12.Final}
2017-10-28 13:49:42,285HHH000206: hibernate.properties not found
2017-10-28 13:49:42,288HHH000021: Bytecode provider name : javassist
2017-10-28 13:49:42,366HCANN000001: Hibernate Commons Annotations {5.0.1.Final}
2017-10-28 13:49:42,603HHH000400: Using dialect: org.hibernate.dialect.MySQL5Dialect
2017-10-28 13:49:43,654Initialized JPA EntityManagerFactory for persistence unit 'default'
2017-10-28 13:49:46,111Looking for @ControllerAdvice: org.springframework.web.context.support.GenericWebApplicationContext@34a75079: startup date [Sat Oct 28 13:49:38 CST 2017]; root of context hierarchy
2017-10-28 13:49:46,270Mapped "{[/buyer/order/create],methods=[POST]}" onto public com.xiao.wx_order.VO.ResultVO<java.util.Map<java.lang.String, java.lang.String>> com.xiao.wx_order.controller.BuyerOrderController.create(com.xiao.wx_order.form.OrderForm,org.springframework.validation.BindingResult)
2017-10-28 13:49:46,273Mapped "{[/buyer/order/list],methods=[POST]}" onto public com.xiao.wx_order.VO.ResultVO<java.util.List<com.xiao.wx_order.dto.OrderDTO>> com.xiao.wx_order.controller.BuyerOrderController.list(java.lang.String,java.lang.Integer,java.lang.Integer)
2017-10-28 13:49:46,275Mapped "{[/buyer/order/cancel],methods=[POST]}" onto public com.xiao.wx_order.VO.ResultVO com.xiao.wx_order.controller.BuyerOrderController.cancel(java.lang.String,java.lang.String)
2017-10-28 13:49:46,275Mapped "{[/buyer/order/detail],methods=[GET]}" onto public com.xiao.wx_order.VO.ResultVO<com.xiao.wx_order.dto.OrderDTO> com.xiao.wx_order.controller.BuyerOrderController.detail(java.lang.String,java.lang.String)
2017-10-28 13:49:46,277Mapped "{[/buyer/product/list],methods=[GET]}" onto public com.xiao.wx_order.VO.ResultVO com.xiao.wx_order.controller.BuyerProductController.list()
2017-10-28 13:49:46,278Mapped "{[/pay/create],methods=[GET]}" onto public void com.xiao.wx_order.controller.PayController.create(java.lang.String,java.lang.String)
2017-10-28 13:49:46,281Mapped "{[/wechat/userInfo],methods=[GET]}" onto public java.lang.String com.xiao.wx_order.controller.WechatController.userInfo(java.lang.String,java.lang.String)
2017-10-28 13:49:46,283Mapped "{[/wechat/authorize],methods=[GET]}" onto public java.lang.String com.xiao.wx_order.controller.WechatController.authorize(java.lang.String)
2017-10-28 13:49:46,285Mapped "{[/weixin/auth],methods=[GET]}" onto public void com.xiao.wx_order.controller.WeixinController.auth(java.lang.String)
2017-10-28 13:49:46,290Mapped "{[/error]}" onto public org.springframework.http.ResponseEntity<java.util.Map<java.lang.String, java.lang.Object>> org.springframework.boot.autoconfigure.web.BasicErrorController.error(javax.servlet.http.HttpServletRequest)
2017-10-28 13:49:46,292Mapped "{[/error],produces=[text/html]}" onto public org.springframework.web.servlet.ModelAndView org.springframework.boot.autoconfigure.web.BasicErrorController.errorHtml(javax.servlet.http.HttpServletRequest,javax.servlet.http.HttpServletResponse)
2017-10-28 13:49:46,365Mapped URL path [/webjars/**] onto handler of type [class org.springframework.web.servlet.resource.ResourceHttpRequestHandler]
2017-10-28 13:49:46,366Mapped URL path [/**] onto handler of type [class org.springframework.web.servlet.resource.ResourceHttpRequestHandler]
2017-10-28 13:49:46,452Mapped URL path [/**/favicon.ico] onto handler of type [class org.springframework.web.servlet.resource.ResourceHttpRequestHandler]
2017-10-28 13:49:47,217Started PayServiceImplTest in 10.138 seconds (JVM running for 12.609)
2017-10-28 13:53:03,982Starting PayServiceImplTest on AFAAW-705012348 with PID 12968 (started by Administrator in G:\eclipse_enviroment\wx_sell)
2017-10-28 13:53:03,983No active profile set, falling back to default profiles: default
2017-10-28 13:53:04,136Refreshing org.springframework.web.context.support.GenericWebApplicationContext@4f2c9ba6: startup date [Sat Oct 28 13:53:04 CST 2017]; root of context hierarchy
2017-10-28 13:53:05,059HV000001: Hibernate Validator 5.3.5.Final
2017-10-28 13:53:06,920JSR-330 'javax.inject.Inject' annotation found and supported for autowiring
2017-10-28 13:53:08,422Building JPA container EntityManagerFactory for persistence unit 'default'
2017-10-28 13:53:08,590HHH000204: Processing PersistenceUnitInfo [
	name: default
	...]
2017-10-28 13:53:09,007HHH000412: Hibernate Core {5.0.12.Final}
2017-10-28 13:53:09,013HHH000206: hibernate.properties not found
2017-10-28 13:53:09,018HHH000021: Bytecode provider name : javassist
2017-10-28 13:53:09,190HCANN000001: Hibernate Commons Annotations {5.0.1.Final}
2017-10-28 13:53:09,752HHH000400: Using dialect: org.hibernate.dialect.MySQL5Dialect
2017-10-28 13:53:12,549Initialized JPA EntityManagerFactory for persistence unit 'default'
2017-10-28 13:53:16,367Looking for @ControllerAdvice: org.springframework.web.context.support.GenericWebApplicationContext@4f2c9ba6: startup date [Sat Oct 28 13:53:04 CST 2017]; root of context hierarchy
2017-10-28 13:53:16,553Mapped "{[/buyer/order/create],methods=[POST]}" onto public com.xiao.wx_order.VO.ResultVO<java.util.Map<java.lang.String, java.lang.String>> com.xiao.wx_order.controller.BuyerOrderController.create(com.xiao.wx_order.form.OrderForm,org.springframework.validation.BindingResult)
2017-10-28 13:53:16,557Mapped "{[/buyer/order/list],methods=[POST]}" onto public com.xiao.wx_order.VO.ResultVO<java.util.List<com.xiao.wx_order.dto.OrderDTO>> com.xiao.wx_order.controller.BuyerOrderController.list(java.lang.String,java.lang.Integer,java.lang.Integer)
2017-10-28 13:53:16,558Mapped "{[/buyer/order/cancel],methods=[POST]}" onto public com.xiao.wx_order.VO.ResultVO com.xiao.wx_order.controller.BuyerOrderController.cancel(java.lang.String,java.lang.String)
2017-10-28 13:53:16,559Mapped "{[/buyer/order/detail],methods=[GET]}" onto public com.xiao.wx_order.VO.ResultVO<com.xiao.wx_order.dto.OrderDTO> com.xiao.wx_order.controller.BuyerOrderController.detail(java.lang.String,java.lang.String)
2017-10-28 13:53:16,560Mapped "{[/buyer/product/list],methods=[GET]}" onto public com.xiao.wx_order.VO.ResultVO com.xiao.wx_order.controller.BuyerProductController.list()
2017-10-28 13:53:16,561Mapped "{[/pay/create],methods=[GET]}" onto public void com.xiao.wx_order.controller.PayController.create(java.lang.String,java.lang.String)
2017-10-28 13:53:16,567Mapped "{[/wechat/userInfo],methods=[GET]}" onto public java.lang.String com.xiao.wx_order.controller.WechatController.userInfo(java.lang.String,java.lang.String)
2017-10-28 13:53:16,570Mapped "{[/wechat/authorize],methods=[GET]}" onto public java.lang.String com.xiao.wx_order.controller.WechatController.authorize(java.lang.String)
2017-10-28 13:53:16,575Mapped "{[/weixin/auth],methods=[GET]}" onto public void com.xiao.wx_order.controller.WeixinController.auth(java.lang.String)
2017-10-28 13:53:16,578Mapped "{[/error]}" onto public org.springframework.http.ResponseEntity<java.util.Map<java.lang.String, java.lang.Object>> org.springframework.boot.autoconfigure.web.BasicErrorController.error(javax.servlet.http.HttpServletRequest)
2017-10-28 13:53:16,579Mapped "{[/error],produces=[text/html]}" onto public org.springframework.web.servlet.ModelAndView org.springframework.boot.autoconfigure.web.BasicErrorController.errorHtml(javax.servlet.http.HttpServletRequest,javax.servlet.http.HttpServletResponse)
2017-10-28 13:53:16,655Mapped URL path [/webjars/**] onto handler of type [class org.springframework.web.servlet.resource.ResourceHttpRequestHandler]
2017-10-28 13:53:16,655Mapped URL path [/**] onto handler of type [class org.springframework.web.servlet.resource.ResourceHttpRequestHandler]
2017-10-28 13:53:16,756Mapped URL path [/**/favicon.ico] onto handler of type [class org.springframework.web.servlet.resource.ResourceHttpRequestHandler]
2017-10-28 13:53:17,543Started PayServiceImplTest in 14.977 seconds (JVM running for 18.033)
2017-10-28 14:13:45,569Starting PayServiceImplTest on AFAAW-705012348 with PID 7420 (started by Administrator in G:\eclipse_enviroment\wx_sell)
2017-10-28 14:13:45,573No active profile set, falling back to default profiles: default
2017-10-28 14:13:45,651Refreshing org.springframework.web.context.support.GenericWebApplicationContext@4c163e3: startup date [Sat Oct 28 14:13:45 CST 2017]; root of context hierarchy
2017-10-28 14:13:46,396HV000001: Hibernate Validator 5.3.5.Final
2017-10-28 14:13:48,525JSR-330 'javax.inject.Inject' annotation found and supported for autowiring
2017-10-28 14:13:50,125Building JPA container EntityManagerFactory for persistence unit 'default'
2017-10-28 14:13:50,150HHH000204: Processing PersistenceUnitInfo [
	name: default
	...]
2017-10-28 14:13:50,316HHH000412: Hibernate Core {5.0.12.Final}
2017-10-28 14:13:50,321HHH000206: hibernate.properties not found
2017-10-28 14:13:50,324HHH000021: Bytecode provider name : javassist
2017-10-28 14:13:50,392HCANN000001: Hibernate Commons Annotations {5.0.1.Final}
2017-10-28 14:13:50,564HHH000400: Using dialect: org.hibernate.dialect.MySQL5Dialect
2017-10-28 14:13:51,639Initialized JPA EntityManagerFactory for persistence unit 'default'
2017-10-28 14:13:54,351Looking for @ControllerAdvice: org.springframework.web.context.support.GenericWebApplicationContext@4c163e3: startup date [Sat Oct 28 14:13:45 CST 2017]; root of context hierarchy
2017-10-28 14:13:54,527Mapped "{[/buyer/order/create],methods=[POST]}" onto public com.xiao.wx_order.VO.ResultVO<java.util.Map<java.lang.String, java.lang.String>> com.xiao.wx_order.controller.BuyerOrderController.create(com.xiao.wx_order.form.OrderForm,org.springframework.validation.BindingResult)
2017-10-28 14:13:54,530Mapped "{[/buyer/order/list],methods=[POST]}" onto public com.xiao.wx_order.VO.ResultVO<java.util.List<com.xiao.wx_order.dto.OrderDTO>> com.xiao.wx_order.controller.BuyerOrderController.list(java.lang.String,java.lang.Integer,java.lang.Integer)
2017-10-28 14:13:54,530Mapped "{[/buyer/order/cancel],methods=[POST]}" onto public com.xiao.wx_order.VO.ResultVO com.xiao.wx_order.controller.BuyerOrderController.cancel(java.lang.String,java.lang.String)
2017-10-28 14:13:54,531Mapped "{[/buyer/order/detail],methods=[GET]}" onto public com.xiao.wx_order.VO.ResultVO<com.xiao.wx_order.dto.OrderDTO> com.xiao.wx_order.controller.BuyerOrderController.detail(java.lang.String,java.lang.String)
2017-10-28 14:13:54,532Mapped "{[/buyer/product/list],methods=[GET]}" onto public com.xiao.wx_order.VO.ResultVO com.xiao.wx_order.controller.BuyerProductController.list()
2017-10-28 14:13:54,533Mapped "{[/pay/create],methods=[GET]}" onto public void com.xiao.wx_order.controller.PayController.create(java.lang.String,java.lang.String)
2017-10-28 14:13:54,541Mapped "{[/wechat/userInfo],methods=[GET]}" onto public java.lang.String com.xiao.wx_order.controller.WechatController.userInfo(java.lang.String,java.lang.String)
2017-10-28 14:13:54,543Mapped "{[/wechat/authorize],methods=[GET]}" onto public java.lang.String com.xiao.wx_order.controller.WechatController.authorize(java.lang.String)
2017-10-28 14:13:54,545Mapped "{[/weixin/auth],methods=[GET]}" onto public void com.xiao.wx_order.controller.WeixinController.auth(java.lang.String)
2017-10-28 14:13:54,549Mapped "{[/error]}" onto public org.springframework.http.ResponseEntity<java.util.Map<java.lang.String, java.lang.Object>> org.springframework.boot.autoconfigure.web.BasicErrorController.error(javax.servlet.http.HttpServletRequest)
2017-10-28 14:13:54,550Mapped "{[/error],produces=[text/html]}" onto public org.springframework.web.servlet.ModelAndView org.springframework.boot.autoconfigure.web.BasicErrorController.errorHtml(javax.servlet.http.HttpServletRequest,javax.servlet.http.HttpServletResponse)
2017-10-28 14:13:54,663Mapped URL path [/webjars/**] onto handler of type [class org.springframework.web.servlet.resource.ResourceHttpRequestHandler]
2017-10-28 14:13:54,664Mapped URL path [/**] onto handler of type [class org.springframework.web.servlet.resource.ResourceHttpRequestHandler]
2017-10-28 14:13:54,762Mapped URL path [/**/favicon.ico] onto handler of type [class org.springframework.web.servlet.resource.ResourceHttpRequestHandler]
2017-10-28 14:13:55,422Started PayServiceImplTest in 11.25 seconds (JVM running for 14.311)
2017-10-28 14:13:55,917HHH000397: Using ASTQueryTranslatorFactory
2017-10-28 14:13:56,465【微信支付】request=PayRequest(payTypeEnum=WXPAY_H5, orderId=1508943088595690209, orderAmount=40.8, orderName=微信点餐订单, openid=ew3euwhd7sjw9diwkq)
2017-10-28 14:13:56,789Closing org.springframework.web.context.support.GenericWebApplicationContext@4c163e3: startup date [Sat Oct 28 14:13:45 CST 2017]; root of context hierarchy
2017-10-28 14:13:56,799Closing JPA EntityManagerFactory for persistence unit 'default'
2017-10-28 14:20:55,290Starting PayServiceImplTest on AFAAW-705012348 with PID 7912 (started by Administrator in G:\eclipse_enviroment\wx_sell)
2017-10-28 14:20:55,296No active profile set, falling back to default profiles: default
2017-10-28 14:20:55,361Refreshing org.springframework.web.context.support.GenericWebApplicationContext@312aa7c: startup date [Sat Oct 28 14:20:55 CST 2017]; root of context hierarchy
2017-10-28 14:20:56,095HV000001: Hibernate Validator 5.3.5.Final
2017-10-28 14:20:57,586JSR-330 'javax.inject.Inject' annotation found and supported for autowiring
2017-10-28 14:20:59,640Building JPA container EntityManagerFactory for persistence unit 'default'
2017-10-28 14:20:59,803HHH000204: Processing PersistenceUnitInfo [
	name: default
	...]
2017-10-28 14:21:00,617HHH000412: Hibernate Core {5.0.12.Final}
2017-10-28 14:21:00,636HHH000206: hibernate.properties not found
2017-10-28 14:21:00,656HHH000021: Bytecode provider name : javassist
2017-10-28 14:21:00,959HCANN000001: Hibernate Commons Annotations {5.0.1.Final}
2017-10-28 14:21:01,380HHH000400: Using dialect: org.hibernate.dialect.MySQL5Dialect
2017-10-28 14:21:03,130Initialized JPA EntityManagerFactory for persistence unit 'default'
2017-10-28 14:21:06,484Looking for @ControllerAdvice: org.springframework.web.context.support.GenericWebApplicationContext@312aa7c: startup date [Sat Oct 28 14:20:55 CST 2017]; root of context hierarchy
2017-10-28 14:21:06,788Mapped "{[/buyer/order/create],methods=[POST]}" onto public com.xiao.wx_order.VO.ResultVO<java.util.Map<java.lang.String, java.lang.String>> com.xiao.wx_order.controller.BuyerOrderController.create(com.xiao.wx_order.form.OrderForm,org.springframework.validation.BindingResult)
2017-10-28 14:21:06,791Mapped "{[/buyer/order/list],methods=[POST]}" onto public com.xiao.wx_order.VO.ResultVO<java.util.List<com.xiao.wx_order.dto.OrderDTO>> com.xiao.wx_order.controller.BuyerOrderController.list(java.lang.String,java.lang.Integer,java.lang.Integer)
2017-10-28 14:21:06,792Mapped "{[/buyer/order/cancel],methods=[POST]}" onto public com.xiao.wx_order.VO.ResultVO com.xiao.wx_order.controller.BuyerOrderController.cancel(java.lang.String,java.lang.String)
2017-10-28 14:21:06,793Mapped "{[/buyer/order/detail],methods=[GET]}" onto public com.xiao.wx_order.VO.ResultVO<com.xiao.wx_order.dto.OrderDTO> com.xiao.wx_order.controller.BuyerOrderController.detail(java.lang.String,java.lang.String)
2017-10-28 14:21:06,795Mapped "{[/buyer/product/list],methods=[GET]}" onto public com.xiao.wx_order.VO.ResultVO com.xiao.wx_order.controller.BuyerProductController.list()
2017-10-28 14:21:06,796Mapped "{[/pay/create],methods=[GET]}" onto public void com.xiao.wx_order.controller.PayController.create(java.lang.String,java.lang.String)
2017-10-28 14:21:06,803Mapped "{[/wechat/userInfo],methods=[GET]}" onto public java.lang.String com.xiao.wx_order.controller.WechatController.userInfo(java.lang.String,java.lang.String)
2017-10-28 14:21:06,806Mapped "{[/wechat/authorize],methods=[GET]}" onto public java.lang.String com.xiao.wx_order.controller.WechatController.authorize(java.lang.String)
2017-10-28 14:21:06,809Mapped "{[/weixin/auth],methods=[GET]}" onto public void com.xiao.wx_order.controller.WeixinController.auth(java.lang.String)
2017-10-28 14:21:06,848Mapped "{[/error]}" onto public org.springframework.http.ResponseEntity<java.util.Map<java.lang.String, java.lang.Object>> org.springframework.boot.autoconfigure.web.BasicErrorController.error(javax.servlet.http.HttpServletRequest)
2017-10-28 14:21:06,850Mapped "{[/error],produces=[text/html]}" onto public org.springframework.web.servlet.ModelAndView org.springframework.boot.autoconfigure.web.BasicErrorController.errorHtml(javax.servlet.http.HttpServletRequest,javax.servlet.http.HttpServletResponse)
2017-10-28 14:21:06,972Mapped URL path [/webjars/**] onto handler of type [class org.springframework.web.servlet.resource.ResourceHttpRequestHandler]
2017-10-28 14:21:06,974Mapped URL path [/**] onto handler of type [class org.springframework.web.servlet.resource.ResourceHttpRequestHandler]
2017-10-28 14:21:07,094Mapped URL path [/**/favicon.ico] onto handler of type [class org.springframework.web.servlet.resource.ResourceHttpRequestHandler]
2017-10-28 14:21:08,255Started PayServiceImplTest in 14.12 seconds (JVM running for 17.31)
2017-10-28 14:21:08,570HHH000397: Using ASTQueryTranslatorFactory
2017-10-28 14:21:08,864【微信支付】request=PayRequest(payTypeEnum=WXPAY_H5, orderId=1508943088595690209, orderAmount=40.8, orderName=微信点餐订单, openid=ew3euwhd7sjw9diwkq)
2017-10-28 14:21:09,160Closing org.springframework.web.context.support.GenericWebApplicationContext@312aa7c: startup date [Sat Oct 28 14:20:55 CST 2017]; root of context hierarchy
2017-10-28 14:21:09,181Closing JPA EntityManagerFactory for persistence unit 'default'
2017-10-28 14:42:20,409Starting PayServiceImplTest on AFAAW-705012348 with PID 3488 (started by Administrator in G:\eclipse_enviroment\wx_sell)
2017-10-28 14:42:20,411No active profile set, falling back to default profiles: default
2017-10-28 14:42:20,465Refreshing org.springframework.web.context.support.GenericWebApplicationContext@312aa7c: startup date [Sat Oct 28 14:42:20 CST 2017]; root of context hierarchy
2017-10-28 14:42:21,072HV000001: Hibernate Validator 5.3.5.Final
2017-10-28 14:42:22,652JSR-330 'javax.inject.Inject' annotation found and supported for autowiring
2017-10-28 14:42:24,149Building JPA container EntityManagerFactory for persistence unit 'default'
2017-10-28 14:42:24,170HHH000204: Processing PersistenceUnitInfo [
	name: default
	...]
2017-10-28 14:42:24,273HHH000412: Hibernate Core {5.0.12.Final}
2017-10-28 14:42:24,275HHH000206: hibernate.properties not found
2017-10-28 14:42:24,278HHH000021: Bytecode provider name : javassist
2017-10-28 14:42:24,321HCANN000001: Hibernate Commons Annotations {5.0.1.Final}
2017-10-28 14:42:24,567HHH000400: Using dialect: org.hibernate.dialect.MySQL5Dialect
2017-10-28 14:42:25,834Initialized JPA EntityManagerFactory for persistence unit 'default'
2017-10-28 14:42:27,665Looking for @ControllerAdvice: org.springframework.web.context.support.GenericWebApplicationContext@312aa7c: startup date [Sat Oct 28 14:42:20 CST 2017]; root of context hierarchy
2017-10-28 14:42:27,815Mapped "{[/buyer/order/create],methods=[POST]}" onto public com.xiao.wx_order.VO.ResultVO<java.util.Map<java.lang.String, java.lang.String>> com.xiao.wx_order.controller.BuyerOrderController.create(com.xiao.wx_order.form.OrderForm,org.springframework.validation.BindingResult)
2017-10-28 14:42:27,818Mapped "{[/buyer/order/list],methods=[POST]}" onto public com.xiao.wx_order.VO.ResultVO<java.util.List<com.xiao.wx_order.dto.OrderDTO>> com.xiao.wx_order.controller.BuyerOrderController.list(java.lang.String,java.lang.Integer,java.lang.Integer)
2017-10-28 14:42:27,819Mapped "{[/buyer/order/cancel],methods=[POST]}" onto public com.xiao.wx_order.VO.ResultVO com.xiao.wx_order.controller.BuyerOrderController.cancel(java.lang.String,java.lang.String)
2017-10-28 14:42:27,820Mapped "{[/buyer/order/detail],methods=[GET]}" onto public com.xiao.wx_order.VO.ResultVO<com.xiao.wx_order.dto.OrderDTO> com.xiao.wx_order.controller.BuyerOrderController.detail(java.lang.String,java.lang.String)
2017-10-28 14:42:27,821Mapped "{[/buyer/product/list],methods=[GET]}" onto public com.xiao.wx_order.VO.ResultVO com.xiao.wx_order.controller.BuyerProductController.list()
2017-10-28 14:42:27,823Mapped "{[/pay/create],methods=[GET]}" onto public void com.xiao.wx_order.controller.PayController.create(java.lang.String,java.lang.String)
2017-10-28 14:42:27,829Mapped "{[/wechat/userInfo],methods=[GET]}" onto public java.lang.String com.xiao.wx_order.controller.WechatController.userInfo(java.lang.String,java.lang.String)
2017-10-28 14:42:27,830Mapped "{[/wechat/authorize],methods=[GET]}" onto public java.lang.String com.xiao.wx_order.controller.WechatController.authorize(java.lang.String)
2017-10-28 14:42:27,832Mapped "{[/weixin/auth],methods=[GET]}" onto public void com.xiao.wx_order.controller.WeixinController.auth(java.lang.String)
2017-10-28 14:42:27,835Mapped "{[/error]}" onto public org.springframework.http.ResponseEntity<java.util.Map<java.lang.String, java.lang.Object>> org.springframework.boot.autoconfigure.web.BasicErrorController.error(javax.servlet.http.HttpServletRequest)
2017-10-28 14:42:27,836Mapped "{[/error],produces=[text/html]}" onto public org.springframework.web.servlet.ModelAndView org.springframework.boot.autoconfigure.web.BasicErrorController.errorHtml(javax.servlet.http.HttpServletRequest,javax.servlet.http.HttpServletResponse)
2017-10-28 14:42:27,898Mapped URL path [/webjars/**] onto handler of type [class org.springframework.web.servlet.resource.ResourceHttpRequestHandler]
2017-10-28 14:42:27,899Mapped URL path [/**] onto handler of type [class org.springframework.web.servlet.resource.ResourceHttpRequestHandler]
2017-10-28 14:42:27,965Mapped URL path [/**/favicon.ico] onto handler of type [class org.springframework.web.servlet.resource.ResourceHttpRequestHandler]
2017-10-28 14:42:28,398Started PayServiceImplTest in 9.093 seconds (JVM running for 12.024)
2017-10-28 14:42:28,647HHH000397: Using ASTQueryTranslatorFactory
2017-10-28 14:42:28,973【微信支付】request=PayRequest(payTypeEnum=WXPAY_H5, orderId=1508943088595690209, orderAmount=40.8, orderName=微信点餐订单, openid=ew3euwhd7sjw9diwkq)
2017-10-28 14:42:31,119Closing org.springframework.web.context.support.GenericWebApplicationContext@312aa7c: startup date [Sat Oct 28 14:42:20 CST 2017]; root of context hierarchy
2017-10-28 14:42:31,137Closing JPA EntityManagerFactory for persistence unit 'default'
2017-10-28 14:44:05,892Starting PayServiceImplTest on AFAAW-705012348 with PID 10268 (started by Administrator in G:\eclipse_enviroment\wx_sell)
2017-10-28 14:44:05,893No active profile set, falling back to default profiles: default
2017-10-28 14:44:05,943Refreshing org.springframework.web.context.support.GenericWebApplicationContext@312aa7c: startup date [Sat Oct 28 14:44:05 CST 2017]; root of context hierarchy
2017-10-28 14:44:06,705HV000001: Hibernate Validator 5.3.5.Final
2017-10-28 14:44:08,911JSR-330 'javax.inject.Inject' annotation found and supported for autowiring
2017-10-28 14:44:10,634Building JPA container EntityManagerFactory for persistence unit 'default'
2017-10-28 14:44:10,681HHH000204: Processing PersistenceUnitInfo [
	name: default
	...]
2017-10-28 14:44:10,785HHH000412: Hibernate Core {5.0.12.Final}
2017-10-28 14:44:10,787HHH000206: hibernate.properties not found
2017-10-28 14:44:10,788HHH000021: Bytecode provider name : javassist
2017-10-28 14:44:10,842HCANN000001: Hibernate Commons Annotations {5.0.1.Final}
2017-10-28 14:44:11,416HHH000400: Using dialect: org.hibernate.dialect.MySQL5Dialect
2017-10-28 14:44:14,438Initialized JPA EntityManagerFactory for persistence unit 'default'
2017-10-28 14:44:19,212Looking for @ControllerAdvice: org.springframework.web.context.support.GenericWebApplicationContext@312aa7c: startup date [Sat Oct 28 14:44:05 CST 2017]; root of context hierarchy
2017-10-28 14:44:19,472Mapped "{[/buyer/order/create],methods=[POST]}" onto public com.xiao.wx_order.VO.ResultVO<java.util.Map<java.lang.String, java.lang.String>> com.xiao.wx_order.controller.BuyerOrderController.create(com.xiao.wx_order.form.OrderForm,org.springframework.validation.BindingResult)
2017-10-28 14:44:19,475Mapped "{[/buyer/order/list],methods=[POST]}" onto public com.xiao.wx_order.VO.ResultVO<java.util.List<com.xiao.wx_order.dto.OrderDTO>> com.xiao.wx_order.controller.BuyerOrderController.list(java.lang.String,java.lang.Integer,java.lang.Integer)
2017-10-28 14:44:19,476Mapped "{[/buyer/order/cancel],methods=[POST]}" onto public com.xiao.wx_order.VO.ResultVO com.xiao.wx_order.controller.BuyerOrderController.cancel(java.lang.String,java.lang.String)
2017-10-28 14:44:19,486Mapped "{[/buyer/order/detail],methods=[GET]}" onto public com.xiao.wx_order.VO.ResultVO<com.xiao.wx_order.dto.OrderDTO> com.xiao.wx_order.controller.BuyerOrderController.detail(java.lang.String,java.lang.String)
2017-10-28 14:44:19,491Mapped "{[/buyer/product/list],methods=[GET]}" onto public com.xiao.wx_order.VO.ResultVO com.xiao.wx_order.controller.BuyerProductController.list()
2017-10-28 14:44:19,496Mapped "{[/pay/create],methods=[GET]}" onto public void com.xiao.wx_order.controller.PayController.create(java.lang.String,java.lang.String)
2017-10-28 14:44:19,507Mapped "{[/wechat/userInfo],methods=[GET]}" onto public java.lang.String com.xiao.wx_order.controller.WechatController.userInfo(java.lang.String,java.lang.String)
2017-10-28 14:44:19,509Mapped "{[/wechat/authorize],methods=[GET]}" onto public java.lang.String com.xiao.wx_order.controller.WechatController.authorize(java.lang.String)
2017-10-28 14:44:19,511Mapped "{[/weixin/auth],methods=[GET]}" onto public void com.xiao.wx_order.controller.WeixinController.auth(java.lang.String)
2017-10-28 14:44:19,520Mapped "{[/error]}" onto public org.springframework.http.ResponseEntity<java.util.Map<java.lang.String, java.lang.Object>> org.springframework.boot.autoconfigure.web.BasicErrorController.error(javax.servlet.http.HttpServletRequest)
2017-10-28 14:44:19,521Mapped "{[/error],produces=[text/html]}" onto public org.springframework.web.servlet.ModelAndView org.springframework.boot.autoconfigure.web.BasicErrorController.errorHtml(javax.servlet.http.HttpServletRequest,javax.servlet.http.HttpServletResponse)
2017-10-28 14:44:19,625Mapped URL path [/webjars/**] onto handler of type [class org.springframework.web.servlet.resource.ResourceHttpRequestHandler]
2017-10-28 14:44:19,625Mapped URL path [/**] onto handler of type [class org.springframework.web.servlet.resource.ResourceHttpRequestHandler]
2017-10-28 14:44:19,751Mapped URL path [/**/favicon.ico] onto handler of type [class org.springframework.web.servlet.resource.ResourceHttpRequestHandler]
2017-10-28 14:44:20,706Started PayServiceImplTest in 15.82 seconds (JVM running for 17.66)
2017-10-28 14:44:21,164HHH000397: Using ASTQueryTranslatorFactory
2017-10-28 14:44:21,613【微信支付】request=PayRequest(payTypeEnum=WXPAY_H5, orderId=1508943088595690209, orderAmount=40.8, orderName=微信点餐订单, openid=oTgZpwZxD5oi6mLb-ZJJA7OPwSrA)
2017-10-28 14:44:23,448【微信支付】response=PayResponse(prePayParams=null, payUri=null, appId=wxd898fcb01713c658, timeStamp=1509173063, nonceStr=zYwDUHlEpxurQV2E, packAge=prepay_id=wx20171028144421e993ceceb90913874638, signType=MD5, paySign=0B064905053DEC6DC6CEB8A92FBD9EE2, orderAmount=null, orderId=null, outTradeNo=null)
2017-10-28 14:44:23,474Closing org.springframework.web.context.support.GenericWebApplicationContext@312aa7c: startup date [Sat Oct 28 14:44:05 CST 2017]; root of context hierarchy
2017-10-28 14:44:23,498Closing JPA EntityManagerFactory for persistence unit 'default'
2017-10-28 14:49:37,840Starting PayServiceImplTest on AFAAW-705012348 with PID 16660 (started by Administrator in G:\eclipse_enviroment\wx_sell)
2017-10-28 14:49:37,858No active profile set, falling back to default profiles: default
2017-10-28 14:49:37,944Refreshing org.springframework.web.context.support.GenericWebApplicationContext@312aa7c: startup date [Sat Oct 28 14:49:37 CST 2017]; root of context hierarchy
2017-10-28 14:49:38,644HV000001: Hibernate Validator 5.3.5.Final
2017-10-28 14:49:40,671JSR-330 'javax.inject.Inject' annotation found and supported for autowiring
2017-10-28 14:49:42,651Building JPA container EntityManagerFactory for persistence unit 'default'
2017-10-28 14:49:42,709HHH000204: Processing PersistenceUnitInfo [
	name: default
	...]
2017-10-28 14:49:42,846HHH000412: Hibernate Core {5.0.12.Final}
2017-10-28 14:49:42,850HHH000206: hibernate.properties not found
2017-10-28 14:49:42,854HHH000021: Bytecode provider name : javassist
2017-10-28 14:49:42,935HCANN000001: Hibernate Commons Annotations {5.0.1.Final}
2017-10-28 14:49:43,179HHH000400: Using dialect: org.hibernate.dialect.MySQL5Dialect
2017-10-28 14:49:44,481Initialized JPA EntityManagerFactory for persistence unit 'default'
2017-10-28 14:49:47,004Looking for @ControllerAdvice: org.springframework.web.context.support.GenericWebApplicationContext@312aa7c: startup date [Sat Oct 28 14:49:37 CST 2017]; root of context hierarchy
2017-10-28 14:49:47,319Mapped "{[/buyer/order/create],methods=[POST]}" onto public com.xiao.wx_order.VO.ResultVO<java.util.Map<java.lang.String, java.lang.String>> com.xiao.wx_order.controller.BuyerOrderController.create(com.xiao.wx_order.form.OrderForm,org.springframework.validation.BindingResult)
2017-10-28 14:49:47,328Mapped "{[/buyer/order/list],methods=[POST]}" onto public com.xiao.wx_order.VO.ResultVO<java.util.List<com.xiao.wx_order.dto.OrderDTO>> com.xiao.wx_order.controller.BuyerOrderController.list(java.lang.String,java.lang.Integer,java.lang.Integer)
2017-10-28 14:49:47,330Mapped "{[/buyer/order/cancel],methods=[POST]}" onto public com.xiao.wx_order.VO.ResultVO com.xiao.wx_order.controller.BuyerOrderController.cancel(java.lang.String,java.lang.String)
2017-10-28 14:49:47,331Mapped "{[/buyer/order/detail],methods=[GET]}" onto public com.xiao.wx_order.VO.ResultVO<com.xiao.wx_order.dto.OrderDTO> com.xiao.wx_order.controller.BuyerOrderController.detail(java.lang.String,java.lang.String)
2017-10-28 14:49:47,334Mapped "{[/buyer/product/list],methods=[GET]}" onto public com.xiao.wx_order.VO.ResultVO com.xiao.wx_order.controller.BuyerProductController.list()
2017-10-28 14:49:47,336Mapped "{[/pay/create],methods=[GET]}" onto public void com.xiao.wx_order.controller.PayController.create(java.lang.String,java.lang.String)
2017-10-28 14:49:47,345Mapped "{[/wechat/userInfo],methods=[GET]}" onto public java.lang.String com.xiao.wx_order.controller.WechatController.userInfo(java.lang.String,java.lang.String)
2017-10-28 14:49:47,346Mapped "{[/wechat/authorize],methods=[GET]}" onto public java.lang.String com.xiao.wx_order.controller.WechatController.authorize(java.lang.String)
2017-10-28 14:49:47,347Mapped "{[/weixin/auth],methods=[GET]}" onto public void com.xiao.wx_order.controller.WeixinController.auth(java.lang.String)
2017-10-28 14:49:47,371Mapped "{[/error]}" onto public org.springframework.http.ResponseEntity<java.util.Map<java.lang.String, java.lang.Object>> org.springframework.boot.autoconfigure.web.BasicErrorController.error(javax.servlet.http.HttpServletRequest)
2017-10-28 14:49:47,379Mapped "{[/error],produces=[text/html]}" onto public org.springframework.web.servlet.ModelAndView org.springframework.boot.autoconfigure.web.BasicErrorController.errorHtml(javax.servlet.http.HttpServletRequest,javax.servlet.http.HttpServletResponse)
2017-10-28 14:49:47,502Mapped URL path [/webjars/**] onto handler of type [class org.springframework.web.servlet.resource.ResourceHttpRequestHandler]
2017-10-28 14:49:47,503Mapped URL path [/**] onto handler of type [class org.springframework.web.servlet.resource.ResourceHttpRequestHandler]
2017-10-28 14:49:47,646Mapped URL path [/**/favicon.ico] onto handler of type [class org.springframework.web.servlet.resource.ResourceHttpRequestHandler]
2017-10-28 14:49:48,235Started PayServiceImplTest in 11.356 seconds (JVM running for 14.192)
2017-10-28 14:49:48,500HHH000397: Using ASTQueryTranslatorFactory
2017-10-28 14:49:48,781【微信支付】request={
  "payTypeEnum": "WXPAY_H5",
  "orderId": "1508943088595690209",
  "orderAmount": 40.8,
  "orderName": "微信点餐订单",
  "openid": "oTgZpwZxD5oi6mLb-ZJJA7OPwSrA"
}
2017-10-28 14:49:50,107【微信支付】response={
  "appId": "wxd898fcb01713c658",
  "timeStamp": "1509173390",
  "nonceStr": "pAqa10ZcXaNCLEi8",
  "packAge": "prepay_id\u003dwx20171028144947ddaaea37500315939073",
  "signType": "MD5",
  "paySign": "A6D5A9A6D48944DAD844C44BECF1FE4A"
}
2017-10-28 14:49:50,141Closing org.springframework.web.context.support.GenericWebApplicationContext@312aa7c: startup date [Sat Oct 28 14:49:37 CST 2017]; root of context hierarchy
2017-10-28 14:49:50,172Closing JPA EntityManagerFactory for persistence unit 'default'
2017-10-28 14:57:59,427Starting WxSellApplication on AFAAW-705012348 with PID 7812 (G:\eclipse_enviroment\wx_sell\target\classes started by Administrator in G:\eclipse_enviroment\wx_sell)
2017-10-28 14:57:59,437No active profile set, falling back to default profiles: default
2017-10-28 14:57:59,637Refreshing org.springframework.boot.context.embedded.AnnotationConfigEmbeddedWebApplicationContext@6cf0e0ba: startup date [Sat Oct 28 14:57:59 CST 2017]; root of context hierarchy
2017-10-28 14:58:00,813HV000001: Hibernate Validator 5.3.5.Final
2017-10-28 14:58:02,260JSR-330 'javax.inject.Inject' annotation found and supported for autowiring
2017-10-28 14:58:04,185Tomcat initialized with port(s): 8080 (http)
2017-10-28 14:58:04,216Starting service [Tomcat]
2017-10-28 14:58:04,218Starting Servlet Engine: Apache Tomcat/8.5.23
2017-10-28 14:58:04,530Initializing Spring embedded WebApplicationContext
2017-10-28 14:58:04,531Root WebApplicationContext: initialization completed in 4893 ms
2017-10-28 14:58:04,899Mapping servlet: 'dispatcherServlet' to [/]
2017-10-28 14:58:04,909Mapping filter: 'characterEncodingFilter' to: [/*]
2017-10-28 14:58:04,913Mapping filter: 'hiddenHttpMethodFilter' to: [/*]
2017-10-28 14:58:04,913Mapping filter: 'httpPutFormContentFilter' to: [/*]
2017-10-28 14:58:04,914Mapping filter: 'requestContextFilter' to: [/*]
2017-10-28 14:58:05,821Building JPA container EntityManagerFactory for persistence unit 'default'
2017-10-28 14:58:05,864HHH000204: Processing PersistenceUnitInfo [
	name: default
	...]
2017-10-28 14:58:06,006HHH000412: Hibernate Core {5.0.12.Final}
2017-10-28 14:58:06,009HHH000206: hibernate.properties not found
2017-10-28 14:58:06,016HHH000021: Bytecode provider name : javassist
2017-10-28 14:58:06,244HCANN000001: Hibernate Commons Annotations {5.0.1.Final}
2017-10-28 14:58:06,491HHH000400: Using dialect: org.hibernate.dialect.MySQL5Dialect
2017-10-28 14:58:07,189Initialized JPA EntityManagerFactory for persistence unit 'default'
2017-10-28 14:58:08,945Looking for @ControllerAdvice: org.springframework.boot.context.embedded.AnnotationConfigEmbeddedWebApplicationContext@6cf0e0ba: startup date [Sat Oct 28 14:57:59 CST 2017]; root of context hierarchy
2017-10-28 14:58:09,210Mapped "{[/buyer/order/create],methods=[POST]}" onto public com.xiao.wx_order.VO.ResultVO<java.util.Map<java.lang.String, java.lang.String>> com.xiao.wx_order.controller.BuyerOrderController.create(com.xiao.wx_order.form.OrderForm,org.springframework.validation.BindingResult)
2017-10-28 14:58:09,218Mapped "{[/buyer/order/list],methods=[POST]}" onto public com.xiao.wx_order.VO.ResultVO<java.util.List<com.xiao.wx_order.dto.OrderDTO>> com.xiao.wx_order.controller.BuyerOrderController.list(java.lang.String,java.lang.Integer,java.lang.Integer)
2017-10-28 14:58:09,220Mapped "{[/buyer/order/cancel],methods=[POST]}" onto public com.xiao.wx_order.VO.ResultVO com.xiao.wx_order.controller.BuyerOrderController.cancel(java.lang.String,java.lang.String)
2017-10-28 14:58:09,220Mapped "{[/buyer/order/detail],methods=[GET]}" onto public com.xiao.wx_order.VO.ResultVO<com.xiao.wx_order.dto.OrderDTO> com.xiao.wx_order.controller.BuyerOrderController.detail(java.lang.String,java.lang.String)
2017-10-28 14:58:09,222Mapped "{[/buyer/product/list],methods=[GET]}" onto public com.xiao.wx_order.VO.ResultVO com.xiao.wx_order.controller.BuyerProductController.list()
2017-10-28 14:58:09,223Mapped "{[/pay/create],methods=[GET]}" onto public void com.xiao.wx_order.controller.PayController.create(java.lang.String,java.lang.String)
2017-10-28 14:58:09,257Mapped "{[/wechat/userInfo],methods=[GET]}" onto public java.lang.String com.xiao.wx_order.controller.WechatController.userInfo(java.lang.String,java.lang.String)
2017-10-28 14:58:09,261Mapped "{[/wechat/authorize],methods=[GET]}" onto public java.lang.String com.xiao.wx_order.controller.WechatController.authorize(java.lang.String)
2017-10-28 14:58:09,272Mapped "{[/weixin/auth],methods=[GET]}" onto public void com.xiao.wx_order.controller.WeixinController.auth(java.lang.String)
2017-10-28 14:58:09,278Mapped "{[/error]}" onto public org.springframework.http.ResponseEntity<java.util.Map<java.lang.String, java.lang.Object>> org.springframework.boot.autoconfigure.web.BasicErrorController.error(javax.servlet.http.HttpServletRequest)
2017-10-28 14:58:09,289Mapped "{[/error],produces=[text/html]}" onto public org.springframework.web.servlet.ModelAndView org.springframework.boot.autoconfigure.web.BasicErrorController.errorHtml(javax.servlet.http.HttpServletRequest,javax.servlet.http.HttpServletResponse)
2017-10-28 14:58:09,388Mapped URL path [/webjars/**] onto handler of type [class org.springframework.web.servlet.resource.ResourceHttpRequestHandler]
2017-10-28 14:58:09,389Mapped URL path [/**] onto handler of type [class org.springframework.web.servlet.resource.ResourceHttpRequestHandler]
2017-10-28 14:58:09,505Mapped URL path [/**/favicon.ico] onto handler of type [class org.springframework.web.servlet.resource.ResourceHttpRequestHandler]
2017-10-28 14:58:10,259Registering beans for JMX exposure on startup
2017-10-28 14:58:10,293Initializing ProtocolHandler ["http-nio-8080"]
2017-10-28 14:58:10,343Starting ProtocolHandler ["http-nio-8080"]
2017-10-28 14:58:10,364Using a shared selector for servlet write/read
2017-10-28 14:58:10,402Tomcat started on port(s): 8080 (http)
2017-10-28 14:58:10,410Started WxSellApplication in 11.966 seconds (JVM running for 13.582)
2017-10-28 14:58:29,859Initializing Spring FrameworkServlet 'dispatcherServlet'
2017-10-28 14:58:29,860FrameworkServlet 'dispatcherServlet': initialization started
2017-10-28 14:58:30,096FrameworkServlet 'dispatcherServlet': initialization completed in 236 ms
2017-10-28 14:59:29,159Starting WxSellApplication on AFAAW-705012348 with PID 11036 (G:\eclipse_enviroment\wx_sell\target\classes started by Administrator in G:\eclipse_enviroment\wx_sell)
2017-10-28 14:59:29,165No active profile set, falling back to default profiles: default
2017-10-28 14:59:29,396Refreshing org.springframework.boot.context.embedded.AnnotationConfigEmbeddedWebApplicationContext@6cf0e0ba: startup date [Sat Oct 28 14:59:29 CST 2017]; root of context hierarchy
2017-10-28 14:59:30,573HV000001: Hibernate Validator 5.3.5.Final
2017-10-28 14:59:32,184JSR-330 'javax.inject.Inject' annotation found and supported for autowiring
2017-10-28 14:59:33,634Tomcat initialized with port(s): 8080 (http)
2017-10-28 14:59:33,666Starting service [Tomcat]
2017-10-28 14:59:33,669Starting Servlet Engine: Apache Tomcat/8.5.23
2017-10-28 14:59:33,943Initializing Spring embedded WebApplicationContext
2017-10-28 14:59:33,943Root WebApplicationContext: initialization completed in 4547 ms
2017-10-28 14:59:34,264Mapping servlet: 'dispatcherServlet' to [/]
2017-10-28 14:59:34,272Mapping filter: 'characterEncodingFilter' to: [/*]
2017-10-28 14:59:34,273Mapping filter: 'hiddenHttpMethodFilter' to: [/*]
2017-10-28 14:59:34,273Mapping filter: 'httpPutFormContentFilter' to: [/*]
2017-10-28 14:59:34,274Mapping filter: 'requestContextFilter' to: [/*]
2017-10-28 14:59:35,408Building JPA container EntityManagerFactory for persistence unit 'default'
2017-10-28 14:59:35,453HHH000204: Processing PersistenceUnitInfo [
	name: default
	...]
2017-10-28 14:59:35,636HHH000412: Hibernate Core {5.0.12.Final}
2017-10-28 14:59:35,639HHH000206: hibernate.properties not found
2017-10-28 14:59:35,653HHH000021: Bytecode provider name : javassist
2017-10-28 14:59:35,963HCANN000001: Hibernate Commons Annotations {5.0.1.Final}
2017-10-28 14:59:36,337HHH000400: Using dialect: org.hibernate.dialect.MySQL5Dialect
2017-10-28 14:59:37,091Initialized JPA EntityManagerFactory for persistence unit 'default'
2017-10-28 14:59:38,938Looking for @ControllerAdvice: org.springframework.boot.context.embedded.AnnotationConfigEmbeddedWebApplicationContext@6cf0e0ba: startup date [Sat Oct 28 14:59:29 CST 2017]; root of context hierarchy
2017-10-28 14:59:39,138Mapped "{[/buyer/order/create],methods=[POST]}" onto public com.xiao.wx_order.VO.ResultVO<java.util.Map<java.lang.String, java.lang.String>> com.xiao.wx_order.controller.BuyerOrderController.create(com.xiao.wx_order.form.OrderForm,org.springframework.validation.BindingResult)
2017-10-28 14:59:39,140Mapped "{[/buyer/order/list],methods=[POST]}" onto public com.xiao.wx_order.VO.ResultVO<java.util.List<com.xiao.wx_order.dto.OrderDTO>> com.xiao.wx_order.controller.BuyerOrderController.list(java.lang.String,java.lang.Integer,java.lang.Integer)
2017-10-28 14:59:39,141Mapped "{[/buyer/order/cancel],methods=[POST]}" onto public com.xiao.wx_order.VO.ResultVO com.xiao.wx_order.controller.BuyerOrderController.cancel(java.lang.String,java.lang.String)
2017-10-28 14:59:39,141Mapped "{[/buyer/order/detail],methods=[GET]}" onto public com.xiao.wx_order.VO.ResultVO<com.xiao.wx_order.dto.OrderDTO> com.xiao.wx_order.controller.BuyerOrderController.detail(java.lang.String,java.lang.String)
2017-10-28 14:59:39,142Mapped "{[/buyer/product/list],methods=[GET]}" onto public com.xiao.wx_order.VO.ResultVO com.xiao.wx_order.controller.BuyerProductController.list()
2017-10-28 14:59:39,145Mapped "{[/pay/create],methods=[GET]}" onto public void com.xiao.wx_order.controller.PayController.create(java.lang.String,java.lang.String)
2017-10-28 14:59:39,153Mapped "{[/wechat/userInfo],methods=[GET]}" onto public java.lang.String com.xiao.wx_order.controller.WechatController.userInfo(java.lang.String,java.lang.String)
2017-10-28 14:59:39,155Mapped "{[/wechat/authorize],methods=[GET]}" onto public java.lang.String com.xiao.wx_order.controller.WechatController.authorize(java.lang.String)
2017-10-28 14:59:39,157Mapped "{[/weixin/auth],methods=[GET]}" onto public void com.xiao.wx_order.controller.WeixinController.auth(java.lang.String)
2017-10-28 14:59:39,161Mapped "{[/error]}" onto public org.springframework.http.ResponseEntity<java.util.Map<java.lang.String, java.lang.Object>> org.springframework.boot.autoconfigure.web.BasicErrorController.error(javax.servlet.http.HttpServletRequest)
2017-10-28 14:59:39,163Mapped "{[/error],produces=[text/html]}" onto public org.springframework.web.servlet.ModelAndView org.springframework.boot.autoconfigure.web.BasicErrorController.errorHtml(javax.servlet.http.HttpServletRequest,javax.servlet.http.HttpServletResponse)
2017-10-28 14:59:39,209Mapped URL path [/webjars/**] onto handler of type [class org.springframework.web.servlet.resource.ResourceHttpRequestHandler]
2017-10-28 14:59:39,211Mapped URL path [/**] onto handler of type [class org.springframework.web.servlet.resource.ResourceHttpRequestHandler]
2017-10-28 14:59:39,275Mapped URL path [/**/favicon.ico] onto handler of type [class org.springframework.web.servlet.resource.ResourceHttpRequestHandler]
2017-10-28 14:59:39,763Registering beans for JMX exposure on startup
2017-10-28 14:59:39,797Initializing ProtocolHandler ["http-nio-8080"]
2017-10-28 14:59:39,830Starting ProtocolHandler ["http-nio-8080"]
2017-10-28 14:59:39,855Using a shared selector for servlet write/read
2017-10-28 14:59:39,890Tomcat started on port(s): 8080 (http)
2017-10-28 14:59:39,899Started WxSellApplication in 12.24 seconds (JVM running for 13.782)
2017-10-28 15:00:11,687Initializing Spring FrameworkServlet 'dispatcherServlet'
2017-10-28 15:00:11,689FrameworkServlet 'dispatcherServlet': initialization started
2017-10-28 15:00:11,991FrameworkServlet 'dispatcherServlet': initialization completed in 301 ms
2017-10-28 15:12:05,257Starting PayServiceImplTest on AFAAW-705012348 with PID 16604 (started by Administrator in G:\eclipse_enviroment\wx_sell)
2017-10-28 15:12:05,261No active profile set, falling back to default profiles: default
2017-10-28 15:12:05,345Refreshing org.springframework.web.context.support.GenericWebApplicationContext@312aa7c: startup date [Sat Oct 28 15:12:05 CST 2017]; root of context hierarchy
2017-10-28 15:12:06,124HV000001: Hibernate Validator 5.3.5.Final
2017-10-28 15:12:07,248JSR-330 'javax.inject.Inject' annotation found and supported for autowiring
2017-10-28 15:12:08,721Building JPA container EntityManagerFactory for persistence unit 'default'
2017-10-28 15:12:08,746HHH000204: Processing PersistenceUnitInfo [
	name: default
	...]
2017-10-28 15:12:08,863HHH000412: Hibernate Core {5.0.12.Final}
2017-10-28 15:12:08,865HHH000206: hibernate.properties not found
2017-10-28 15:12:08,867HHH000021: Bytecode provider name : javassist
2017-10-28 15:12:08,910HCANN000001: Hibernate Commons Annotations {5.0.1.Final}
2017-10-28 15:12:09,114HHH000400: Using dialect: org.hibernate.dialect.MySQL5Dialect
2017-10-28 15:12:10,249Initialized JPA EntityManagerFactory for persistence unit 'default'
2017-10-28 15:12:15,172Looking for @ControllerAdvice: org.springframework.web.context.support.GenericWebApplicationContext@312aa7c: startup date [Sat Oct 28 15:12:05 CST 2017]; root of context hierarchy
2017-10-28 15:12:15,431Mapped "{[/buyer/order/create],methods=[POST]}" onto public com.xiao.wx_order.VO.ResultVO<java.util.Map<java.lang.String, java.lang.String>> com.xiao.wx_order.controller.BuyerOrderController.create(com.xiao.wx_order.form.OrderForm,org.springframework.validation.BindingResult)
2017-10-28 15:12:15,435Mapped "{[/buyer/order/list],methods=[POST]}" onto public com.xiao.wx_order.VO.ResultVO<java.util.List<com.xiao.wx_order.dto.OrderDTO>> com.xiao.wx_order.controller.BuyerOrderController.list(java.lang.String,java.lang.Integer,java.lang.Integer)
2017-10-28 15:12:15,438Mapped "{[/buyer/order/cancel],methods=[POST]}" onto public com.xiao.wx_order.VO.ResultVO com.xiao.wx_order.controller.BuyerOrderController.cancel(java.lang.String,java.lang.String)
2017-10-28 15:12:15,440Mapped "{[/buyer/order/detail],methods=[GET]}" onto public com.xiao.wx_order.VO.ResultVO<com.xiao.wx_order.dto.OrderDTO> com.xiao.wx_order.controller.BuyerOrderController.detail(java.lang.String,java.lang.String)
2017-10-28 15:12:15,442Mapped "{[/buyer/product/list],methods=[GET]}" onto public com.xiao.wx_order.VO.ResultVO com.xiao.wx_order.controller.BuyerProductController.list()
2017-10-28 15:12:15,445Mapped "{[/pay/create],methods=[GET]}" onto public void com.xiao.wx_order.controller.PayController.create(java.lang.String,java.lang.String)
2017-10-28 15:12:15,450Mapped "{[/wechat/userInfo],methods=[GET]}" onto public java.lang.String com.xiao.wx_order.controller.WechatController.userInfo(java.lang.String,java.lang.String)
2017-10-28 15:12:15,453Mapped "{[/wechat/authorize],methods=[GET]}" onto public java.lang.String com.xiao.wx_order.controller.WechatController.authorize(java.lang.String)
2017-10-28 15:12:15,457Mapped "{[/weixin/auth],methods=[GET]}" onto public void com.xiao.wx_order.controller.WeixinController.auth(java.lang.String)
2017-10-28 15:12:15,461Mapped "{[/error]}" onto public org.springframework.http.ResponseEntity<java.util.Map<java.lang.String, java.lang.Object>> org.springframework.boot.autoconfigure.web.BasicErrorController.error(javax.servlet.http.HttpServletRequest)
2017-10-28 15:12:15,463Mapped "{[/error],produces=[text/html]}" onto public org.springframework.web.servlet.ModelAndView org.springframework.boot.autoconfigure.web.BasicErrorController.errorHtml(javax.servlet.http.HttpServletRequest,javax.servlet.http.HttpServletResponse)
2017-10-28 15:12:15,571Mapped URL path [/webjars/**] onto handler of type [class org.springframework.web.servlet.resource.ResourceHttpRequestHandler]
2017-10-28 15:12:15,573Mapped URL path [/**] onto handler of type [class org.springframework.web.servlet.resource.ResourceHttpRequestHandler]
2017-10-28 15:12:15,663Mapped URL path [/**/favicon.ico] onto handler of type [class org.springframework.web.servlet.resource.ResourceHttpRequestHandler]
2017-10-28 15:12:16,185Started PayServiceImplTest in 11.824 seconds (JVM running for 14.4)
2017-10-28 15:12:16,496HHH000397: Using ASTQueryTranslatorFactory
2017-10-28 15:12:16,715【微信支付】request={
  "payTypeEnum": "WXPAY_H5",
  "orderId": "1508943088595690209",
  "orderAmount": 40.8,
  "orderName": "微信点餐订单",
  "openid": "oTgZpwZxD5oi6mLb-ZJJA7OPwSrA"
}
2017-10-28 15:12:17,770【微信支付】response={
  "appId": "wxd898fcb01713c658",
  "timeStamp": "1509174737",
  "nonceStr": "IL1CKX77eIpXgWfG",
  "packAge": "prepay_id\u003dwx20171028151215b9de44e2790551911975",
  "signType": "MD5",
  "paySign": "7AF381C59B69533868712FF92CD94DB3"
}
2017-10-28 15:12:17,780Closing org.springframework.web.context.support.GenericWebApplicationContext@312aa7c: startup date [Sat Oct 28 15:12:05 CST 2017]; root of context hierarchy
2017-10-28 15:12:17,786Closing JPA EntityManagerFactory for persistence unit 'default'
2017-10-28 15:14:36,914Starting WxSellApplication on AFAAW-705012348 with PID 17036 (G:\eclipse_enviroment\wx_sell\target\classes started by Administrator in G:\eclipse_enviroment\wx_sell)
2017-10-28 15:14:36,928No active profile set, falling back to default profiles: default
2017-10-28 15:14:37,041Refreshing org.springframework.boot.context.embedded.AnnotationConfigEmbeddedWebApplicationContext@6cf0e0ba: startup date [Sat Oct 28 15:14:37 CST 2017]; root of context hierarchy
2017-10-28 15:14:37,959HV000001: Hibernate Validator 5.3.5.Final
2017-10-28 15:14:39,310JSR-330 'javax.inject.Inject' annotation found and supported for autowiring
2017-10-28 15:14:40,656Tomcat initialized with port(s): 8080 (http)
2017-10-28 15:14:40,686Starting service [Tomcat]
2017-10-28 15:14:40,688Starting Servlet Engine: Apache Tomcat/8.5.23
2017-10-28 15:14:40,871Initializing Spring embedded WebApplicationContext
2017-10-28 15:14:40,872Root WebApplicationContext: initialization completed in 3831 ms
2017-10-28 15:14:41,130Mapping servlet: 'dispatcherServlet' to [/]
2017-10-28 15:14:41,139Mapping filter: 'characterEncodingFilter' to: [/*]
2017-10-28 15:14:41,140Mapping filter: 'hiddenHttpMethodFilter' to: [/*]
2017-10-28 15:14:41,140Mapping filter: 'httpPutFormContentFilter' to: [/*]
2017-10-28 15:14:41,140Mapping filter: 'requestContextFilter' to: [/*]
2017-10-28 15:14:41,858Building JPA container EntityManagerFactory for persistence unit 'default'
2017-10-28 15:14:41,875HHH000204: Processing PersistenceUnitInfo [
	name: default
	...]
2017-10-28 15:14:41,952HHH000412: Hibernate Core {5.0.12.Final}
2017-10-28 15:14:41,955HHH000206: hibernate.properties not found
2017-10-28 15:14:41,958HHH000021: Bytecode provider name : javassist
2017-10-28 15:14:42,135HCANN000001: Hibernate Commons Annotations {5.0.1.Final}
2017-10-28 15:14:42,277HHH000400: Using dialect: org.hibernate.dialect.MySQL5Dialect
2017-10-28 15:14:42,820Initialized JPA EntityManagerFactory for persistence unit 'default'
2017-10-28 15:14:43,997Looking for @ControllerAdvice: org.springframework.boot.context.embedded.AnnotationConfigEmbeddedWebApplicationContext@6cf0e0ba: startup date [Sat Oct 28 15:14:37 CST 2017]; root of context hierarchy
2017-10-28 15:14:44,094Mapped "{[/buyer/order/create],methods=[POST]}" onto public com.xiao.wx_order.VO.ResultVO<java.util.Map<java.lang.String, java.lang.String>> com.xiao.wx_order.controller.BuyerOrderController.create(com.xiao.wx_order.form.OrderForm,org.springframework.validation.BindingResult)
2017-10-28 15:14:44,096Mapped "{[/buyer/order/list],methods=[POST]}" onto public com.xiao.wx_order.VO.ResultVO<java.util.List<com.xiao.wx_order.dto.OrderDTO>> com.xiao.wx_order.controller.BuyerOrderController.list(java.lang.String,java.lang.Integer,java.lang.Integer)
2017-10-28 15:14:44,097Mapped "{[/buyer/order/cancel],methods=[POST]}" onto public com.xiao.wx_order.VO.ResultVO com.xiao.wx_order.controller.BuyerOrderController.cancel(java.lang.String,java.lang.String)
2017-10-28 15:14:44,097Mapped "{[/buyer/order/detail],methods=[GET]}" onto public com.xiao.wx_order.VO.ResultVO<com.xiao.wx_order.dto.OrderDTO> com.xiao.wx_order.controller.BuyerOrderController.detail(java.lang.String,java.lang.String)
2017-10-28 15:14:44,098Mapped "{[/buyer/product/list],methods=[GET]}" onto public com.xiao.wx_order.VO.ResultVO com.xiao.wx_order.controller.BuyerProductController.list()
2017-10-28 15:14:44,099Mapped "{[/pay/create],methods=[GET]}" onto public void com.xiao.wx_order.controller.PayController.create(java.lang.String,java.lang.String)
2017-10-28 15:14:44,101Mapped "{[/wechat/userInfo],methods=[GET]}" onto public java.lang.String com.xiao.wx_order.controller.WechatController.userInfo(java.lang.String,java.lang.String)
2017-10-28 15:14:44,103Mapped "{[/wechat/authorize],methods=[GET]}" onto public java.lang.String com.xiao.wx_order.controller.WechatController.authorize(java.lang.String)
2017-10-28 15:14:44,105Mapped "{[/weixin/auth],methods=[GET]}" onto public void com.xiao.wx_order.controller.WeixinController.auth(java.lang.String)
2017-10-28 15:14:44,107Mapped "{[/error]}" onto public org.springframework.http.ResponseEntity<java.util.Map<java.lang.String, java.lang.Object>> org.springframework.boot.autoconfigure.web.BasicErrorController.error(javax.servlet.http.HttpServletRequest)
2017-10-28 15:14:44,109Mapped "{[/error],produces=[text/html]}" onto public org.springframework.web.servlet.ModelAndView org.springframework.boot.autoconfigure.web.BasicErrorController.errorHtml(javax.servlet.http.HttpServletRequest,javax.servlet.http.HttpServletResponse)
2017-10-28 15:14:44,147Mapped URL path [/webjars/**] onto handler of type [class org.springframework.web.servlet.resource.ResourceHttpRequestHandler]
2017-10-28 15:14:44,148Mapped URL path [/**] onto handler of type [class org.springframework.web.servlet.resource.ResourceHttpRequestHandler]
2017-10-28 15:14:44,213Mapped URL path [/**/favicon.ico] onto handler of type [class org.springframework.web.servlet.resource.ResourceHttpRequestHandler]
2017-10-28 15:14:44,551Registering beans for JMX exposure on startup
2017-10-28 15:14:44,572Initializing ProtocolHandler ["http-nio-8080"]
2017-10-28 15:14:44,589Starting ProtocolHandler ["http-nio-8080"]
2017-10-28 15:14:44,605Using a shared selector for servlet write/read
2017-10-28 15:14:44,636Tomcat started on port(s): 8080 (http)
2017-10-28 15:14:44,644Started WxSellApplication in 8.791 seconds (JVM running for 10.021)
2017-10-28 15:15:02,277Initializing Spring FrameworkServlet 'dispatcherServlet'
2017-10-28 15:15:02,277FrameworkServlet 'dispatcherServlet': initialization started
2017-10-28 15:15:02,350FrameworkServlet 'dispatcherServlet': initialization completed in 73 ms
2017-10-28 15:31:10,747Starting WxSellApplication on AFAAW-705012348 with PID 15800 (G:\eclipse_enviroment\wx_sell\target\classes started by Administrator in G:\eclipse_enviroment\wx_sell)
2017-10-28 15:31:10,765No active profile set, falling back to default profiles: default
2017-10-28 15:31:11,017Refreshing org.springframework.boot.context.embedded.AnnotationConfigEmbeddedWebApplicationContext@6cf0e0ba: startup date [Sat Oct 28 15:31:11 CST 2017]; root of context hierarchy
2017-10-28 15:31:12,231HV000001: Hibernate Validator 5.3.5.Final
2017-10-28 15:31:13,653JSR-330 'javax.inject.Inject' annotation found and supported for autowiring
2017-10-28 15:31:15,208Tomcat initialized with port(s): 8080 (http)
2017-10-28 15:31:15,237Starting service [Tomcat]
2017-10-28 15:31:15,239Starting Servlet Engine: Apache Tomcat/8.5.23
2017-10-28 15:31:15,457Initializing Spring embedded WebApplicationContext
2017-10-28 15:31:15,458Root WebApplicationContext: initialization completed in 4441 ms
2017-10-28 15:31:15,835Mapping servlet: 'dispatcherServlet' to [/]
2017-10-28 15:31:15,844Mapping filter: 'characterEncodingFilter' to: [/*]
2017-10-28 15:31:15,844Mapping filter: 'hiddenHttpMethodFilter' to: [/*]
2017-10-28 15:31:15,845Mapping filter: 'httpPutFormContentFilter' to: [/*]
2017-10-28 15:31:15,845Mapping filter: 'requestContextFilter' to: [/*]
2017-10-28 15:31:16,719Building JPA container EntityManagerFactory for persistence unit 'default'
2017-10-28 15:31:16,746HHH000204: Processing PersistenceUnitInfo [
	name: default
	...]
2017-10-28 15:31:16,824HHH000412: Hibernate Core {5.0.12.Final}
2017-10-28 15:31:16,826HHH000206: hibernate.properties not found
2017-10-28 15:31:16,828HHH000021: Bytecode provider name : javassist
2017-10-28 15:31:16,993HCANN000001: Hibernate Commons Annotations {5.0.1.Final}
2017-10-28 15:31:17,126HHH000400: Using dialect: org.hibernate.dialect.MySQL5Dialect
2017-10-28 15:31:17,705Initialized JPA EntityManagerFactory for persistence unit 'default'
2017-10-28 15:31:19,751Looking for @ControllerAdvice: org.springframework.boot.context.embedded.AnnotationConfigEmbeddedWebApplicationContext@6cf0e0ba: startup date [Sat Oct 28 15:31:11 CST 2017]; root of context hierarchy
2017-10-28 15:31:19,869Mapped "{[/buyer/order/create],methods=[POST]}" onto public com.xiao.wx_order.VO.ResultVO<java.util.Map<java.lang.String, java.lang.String>> com.xiao.wx_order.controller.BuyerOrderController.create(com.xiao.wx_order.form.OrderForm,org.springframework.validation.BindingResult)
2017-10-28 15:31:19,870Mapped "{[/buyer/order/list],methods=[POST]}" onto public com.xiao.wx_order.VO.ResultVO<java.util.List<com.xiao.wx_order.dto.OrderDTO>> com.xiao.wx_order.controller.BuyerOrderController.list(java.lang.String,java.lang.Integer,java.lang.Integer)
2017-10-28 15:31:19,871Mapped "{[/buyer/order/cancel],methods=[POST]}" onto public com.xiao.wx_order.VO.ResultVO com.xiao.wx_order.controller.BuyerOrderController.cancel(java.lang.String,java.lang.String)
2017-10-28 15:31:19,871Mapped "{[/buyer/order/detail],methods=[GET]}" onto public com.xiao.wx_order.VO.ResultVO<com.xiao.wx_order.dto.OrderDTO> com.xiao.wx_order.controller.BuyerOrderController.detail(java.lang.String,java.lang.String)
2017-10-28 15:31:19,872Mapped "{[/buyer/product/list],methods=[GET]}" onto public com.xiao.wx_order.VO.ResultVO com.xiao.wx_order.controller.BuyerProductController.list()
2017-10-28 15:31:19,873Mapped "{[/pay/create],methods=[GET]}" onto public void com.xiao.wx_order.controller.PayController.create(java.lang.String,java.lang.String)
2017-10-28 15:31:19,875Mapped "{[/wechat/userInfo],methods=[GET]}" onto public java.lang.String com.xiao.wx_order.controller.WechatController.userInfo(java.lang.String,java.lang.String)
2017-10-28 15:31:19,877Mapped "{[/wechat/authorize],methods=[GET]}" onto public java.lang.String com.xiao.wx_order.controller.WechatController.authorize(java.lang.String)
2017-10-28 15:31:19,879Mapped "{[/weixin/auth],methods=[GET]}" onto public void com.xiao.wx_order.controller.WeixinController.auth(java.lang.String)
2017-10-28 15:31:19,884Mapped "{[/error]}" onto public org.springframework.http.ResponseEntity<java.util.Map<java.lang.String, java.lang.Object>> org.springframework.boot.autoconfigure.web.BasicErrorController.error(javax.servlet.http.HttpServletRequest)
2017-10-28 15:31:19,889Mapped "{[/error],produces=[text/html]}" onto public org.springframework.web.servlet.ModelAndView org.springframework.boot.autoconfigure.web.BasicErrorController.errorHtml(javax.servlet.http.HttpServletRequest,javax.servlet.http.HttpServletResponse)
2017-10-28 15:31:19,946Mapped URL path [/webjars/**] onto handler of type [class org.springframework.web.servlet.resource.ResourceHttpRequestHandler]
2017-10-28 15:31:19,946Mapped URL path [/**] onto handler of type [class org.springframework.web.servlet.resource.ResourceHttpRequestHandler]
2017-10-28 15:31:20,001Mapped URL path [/**/favicon.ico] onto handler of type [class org.springframework.web.servlet.resource.ResourceHttpRequestHandler]
2017-10-28 15:31:20,614Registering beans for JMX exposure on startup
2017-10-28 15:31:20,638Initializing ProtocolHandler ["http-nio-8080"]
2017-10-28 15:31:20,656Starting ProtocolHandler ["http-nio-8080"]
2017-10-28 15:31:20,674Using a shared selector for servlet write/read
2017-10-28 15:31:20,713Tomcat started on port(s): 8080 (http)
2017-10-28 15:31:20,721Started WxSellApplication in 11.298 seconds (JVM running for 12.745)
2017-10-28 15:31:38,024Initializing Spring FrameworkServlet 'dispatcherServlet'
2017-10-28 15:31:38,026FrameworkServlet 'dispatcherServlet': initialization started
2017-10-28 15:31:38,116FrameworkServlet 'dispatcherServlet': initialization completed in 90 ms
