2017-11-13 19:18:22,313Starting WxSellApplication on AFAAW-705012348 with PID 12356 (G:\eclipse_enviroment\wx_sell\target\classes started by Administrator in G:\eclipse_enviroment\wx_sell)
2017-11-13 19:18:22,345No active profile set, falling back to default profiles: default
2017-11-13 19:18:22,676Refreshing org.springframework.boot.context.embedded.AnnotationConfigEmbeddedWebApplicationContext@145f66e3: startup date [Mon Nov 13 19:18:22 CST 2017]; root of context hierarchy
2017-11-13 19:18:23,341HV000001: Hibernate Validator 5.3.5.Final
2017-11-13 19:18:24,437JSR-330 'javax.inject.Inject' annotation found and supported for autowiring
2017-11-13 19:18:25,437Tomcat initialized with port(s): 8080 (http)
2017-11-13 19:18:25,460Starting service [Tomcat]
2017-11-13 19:18:25,465Starting Servlet Engine: Apache Tomcat/8.5.23
2017-11-13 19:18:25,693Initializing Spring embedded WebApplicationContext
2017-11-13 19:18:25,696Root WebApplicationContext: initialization completed in 3021 ms
2017-11-13 19:18:25,967Mapping servlet: 'dispatcherServlet' to [/]
2017-11-13 19:18:25,978Mapping filter: 'characterEncodingFilter' to: [/*]
2017-11-13 19:18:25,979Mapping filter: 'hiddenHttpMethodFilter' to: [/*]
2017-11-13 19:18:25,980Mapping filter: 'httpPutFormContentFilter' to: [/*]
2017-11-13 19:18:25,981Mapping filter: 'requestContextFilter' to: [/*]
2017-11-13 19:18:26,945Building JPA container EntityManagerFactory for persistence unit 'default'
2017-11-13 19:18:26,973HHH000204: Processing PersistenceUnitInfo [
	name: default
	...]
2017-11-13 19:18:27,109HHH000412: Hibernate Core {5.0.12.Final}
2017-11-13 19:18:27,122HHH000206: hibernate.properties not found
2017-11-13 19:18:27,131HHH000021: Bytecode provider name : javassist
2017-11-13 19:18:27,356HCANN000001: Hibernate Commons Annotations {5.0.1.Final}
2017-11-13 19:18:27,594HHH000400: Using dialect: org.hibernate.dialect.MySQL5Dialect
2017-11-13 19:18:28,278Initialized JPA EntityManagerFactory for persistence unit 'default'
2017-11-13 19:18:29,704Looking for @ControllerAdvice: org.springframework.boot.context.embedded.AnnotationConfigEmbeddedWebApplicationContext@145f66e3: startup date [Mon Nov 13 19:18:22 CST 2017]; root of context hierarchy
2017-11-13 19:18:29,833Mapped "{[/buyer/order/create],methods=[POST]}" onto public com.xiao.wx_order.VO.ResultVO<java.util.Map<java.lang.String, java.lang.String>> com.xiao.wx_order.controller.BuyerOrderController.create(com.xiao.wx_order.form.OrderForm,org.springframework.validation.BindingResult)
2017-11-13 19:18:29,839Mapped "{[/buyer/order/list],methods=[POST]}" onto public com.xiao.wx_order.VO.ResultVO<java.util.List<com.xiao.wx_order.dto.OrderDTO>> com.xiao.wx_order.controller.BuyerOrderController.list(java.lang.String,java.lang.Integer,java.lang.Integer)
2017-11-13 19:18:29,843Mapped "{[/buyer/order/cancel],methods=[POST]}" onto public com.xiao.wx_order.VO.ResultVO com.xiao.wx_order.controller.BuyerOrderController.cancel(java.lang.String,java.lang.String)
2017-11-13 19:18:29,847Mapped "{[/buyer/order/detail],methods=[GET]}" onto public com.xiao.wx_order.VO.ResultVO<com.xiao.wx_order.dto.OrderDTO> com.xiao.wx_order.controller.BuyerOrderController.detail(java.lang.String,java.lang.String)
2017-11-13 19:18:29,855Mapped "{[/buyer/product/list],methods=[GET]}" onto public com.xiao.wx_order.VO.ResultVO com.xiao.wx_order.controller.BuyerProductController.list()
2017-11-13 19:18:29,866Mapped "{[/buyer/product/test],methods=[GET]}" onto public java.lang.String com.xiao.wx_order.controller.BuyerProductController.test()
2017-11-13 19:18:29,871Mapped "{[/pay/notify],methods=[POST]}" onto public org.springframework.web.servlet.ModelAndView com.xiao.wx_order.controller.PayController.notify(java.lang.String)
2017-11-13 19:18:29,873Mapped "{[/pay],methods=[GET]}" onto public org.springframework.web.servlet.ModelAndView com.xiao.wx_order.controller.PayController.create(java.lang.String,java.lang.String,java.util.Map<java.lang.String, java.lang.Object>)
2017-11-13 19:18:29,880Mapped "{[/seller/order/list],methods=[GET]}" onto public org.springframework.web.servlet.ModelAndView com.xiao.wx_order.controller.SellerOrderController.list(java.lang.Integer,java.lang.Integer,java.util.Map<java.lang.String, java.lang.Object>)
2017-11-13 19:18:29,882Mapped "{[/seller/order/cancel],methods=[GET]}" onto public org.springframework.web.servlet.ModelAndView com.xiao.wx_order.controller.SellerOrderController.cancel(java.lang.String,java.util.Map<java.lang.String, java.lang.Object>)
2017-11-13 19:18:29,900Mapped "{[/seller/order/finish],methods=[GET]}" onto public org.springframework.web.servlet.ModelAndView com.xiao.wx_order.controller.SellerOrderController.finish(java.lang.String,java.util.Map<java.lang.String, java.lang.Object>)
2017-11-13 19:18:29,903Mapped "{[/seller/order/detail],methods=[GET]}" onto public org.springframework.web.servlet.ModelAndView com.xiao.wx_order.controller.SellerOrderController.detail(java.lang.String,java.util.Map<java.lang.String, java.lang.Object>)
2017-11-13 19:18:29,910Mapped "{[/wechat/userInfo],methods=[GET]}" onto public java.lang.String com.xiao.wx_order.controller.WechatController.userInfo(java.lang.String,java.lang.String)
2017-11-13 19:18:29,918Mapped "{[/wechat/authorize],methods=[GET]}" onto public java.lang.String com.xiao.wx_order.controller.WechatController.authorize(java.lang.String)
2017-11-13 19:18:29,922Mapped "{[/weixin/test],methods=[GET]}" onto public java.lang.String com.xiao.wx_order.controller.WeixinController.test()
2017-11-13 19:18:29,924Mapped "{[/weixin/auth],methods=[GET]}" onto public java.lang.String com.xiao.wx_order.controller.WeixinController.auth(java.lang.String)
2017-11-13 19:18:29,929Mapped "{[/error]}" onto public org.springframework.http.ResponseEntity<java.util.Map<java.lang.String, java.lang.Object>> org.springframework.boot.autoconfigure.web.BasicErrorController.error(javax.servlet.http.HttpServletRequest)
2017-11-13 19:18:29,929Mapped "{[/error],produces=[text/html]}" onto public org.springframework.web.servlet.ModelAndView org.springframework.boot.autoconfigure.web.BasicErrorController.errorHtml(javax.servlet.http.HttpServletRequest,javax.servlet.http.HttpServletResponse)
2017-11-13 19:18:29,977Mapped URL path [/webjars/**] onto handler of type [class org.springframework.web.servlet.resource.ResourceHttpRequestHandler]
2017-11-13 19:18:29,977Mapped URL path [/**] onto handler of type [class org.springframework.web.servlet.resource.ResourceHttpRequestHandler]
2017-11-13 19:18:30,086Mapped URL path [/**/favicon.ico] onto handler of type [class org.springframework.web.servlet.resource.ResourceHttpRequestHandler]
2017-11-13 19:18:30,403ClassTemplateLoader for Spring macros added to FreeMarker configuration
2017-11-13 19:18:30,548Registering beans for JMX exposure on startup
2017-11-13 19:18:30,573Initializing ProtocolHandler ["http-nio-8080"]
2017-11-13 19:18:30,611Starting ProtocolHandler ["http-nio-8080"]
2017-11-13 19:18:30,637Using a shared selector for servlet write/read
2017-11-13 19:18:30,692Tomcat started on port(s): 8080 (http)
2017-11-13 19:18:30,701Started WxSellApplication in 10.442 seconds (JVM running for 13.168)
2017-11-13 19:18:55,930Initializing Spring FrameworkServlet 'dispatcherServlet'
2017-11-13 19:18:55,933FrameworkServlet 'dispatcherServlet': initialization started
2017-11-13 19:18:56,061FrameworkServlet 'dispatcherServlet': initialization completed in 127 ms
2017-11-13 19:18:56,394HHH000397: Using ASTQueryTranslatorFactory
2017-11-13 19:19:16,731【创建订单】orderForm=OrderForm(name=一中, phone=110, address=啪啪啪, openid=oTgZpwZxD5oi6mLb-ZJJA7OPwSrA, items=[{"productId":"123456","productQuantity":1},{"productId":"654321","productQuantity":1}])
2017-11-13 19:19:17,461【创建订单】createResult=OrderDTO(orderId=1510571956779755113, buyerName=一中, buyerPhone=110, buyerAddress=啪啪啪, buyerOpenid=oTgZpwZxD5oi6mLb-ZJJA7OPwSrA, orderAmount=null, orderStatus=null, payStatus=null, createTime=null, updateTime=null, orderDetailList=[OrderDetail(detailId=1510571956839971347, orderId=1510571956779755113, productId=123456, productName=皮蛋粥, productPrice=0.01, productQuantity=1, productIcon=http://img1.imgtn.bdimg.com/it/u=2999371235,2951387556&fm=27&gp=0.jpg), OrderDetail(detailId=1510571957351205248, orderId=1510571956779755113, productId=654321, productName=猪头肉, productPrice=0.01, productQuantity=1, productIcon=http://pic.baike.soso.com/p/20120419/20120419170638-1137484758.jpg)])
2017-11-13 19:19:17,462【创建订单】orderId=1510571956779755113
2017-11-13 19:26:32,420Starting WxSellApplication on AFAAW-705012348 with PID 12028 (G:\eclipse_enviroment\wx_sell\target\classes started by Administrator in G:\eclipse_enviroment\wx_sell)
2017-11-13 19:26:32,426No active profile set, falling back to default profiles: default
2017-11-13 19:26:32,542Refreshing org.springframework.boot.context.embedded.AnnotationConfigEmbeddedWebApplicationContext@145f66e3: startup date [Mon Nov 13 19:26:32 CST 2017]; root of context hierarchy
2017-11-13 19:26:33,185HV000001: Hibernate Validator 5.3.5.Final
2017-11-13 19:26:34,501JSR-330 'javax.inject.Inject' annotation found and supported for autowiring
2017-11-13 19:26:35,393Tomcat initialized with port(s): 8080 (http)
2017-11-13 19:26:35,410Starting service [Tomcat]
2017-11-13 19:26:35,413Starting Servlet Engine: Apache Tomcat/8.5.23
2017-11-13 19:26:35,590Initializing Spring embedded WebApplicationContext
2017-11-13 19:26:35,591Root WebApplicationContext: initialization completed in 3049 ms
2017-11-13 19:26:35,814Mapping servlet: 'dispatcherServlet' to [/]
2017-11-13 19:26:35,824Mapping filter: 'characterEncodingFilter' to: [/*]
2017-11-13 19:26:35,825Mapping filter: 'hiddenHttpMethodFilter' to: [/*]
2017-11-13 19:26:35,825Mapping filter: 'httpPutFormContentFilter' to: [/*]
2017-11-13 19:26:35,825Mapping filter: 'requestContextFilter' to: [/*]
2017-11-13 19:26:36,551Building JPA container EntityManagerFactory for persistence unit 'default'
2017-11-13 19:26:36,574HHH000204: Processing PersistenceUnitInfo [
	name: default
	...]
2017-11-13 19:26:36,702HHH000412: Hibernate Core {5.0.12.Final}
2017-11-13 19:26:36,706HHH000206: hibernate.properties not found
2017-11-13 19:26:36,710HHH000021: Bytecode provider name : javassist
2017-11-13 19:26:36,926HCANN000001: Hibernate Commons Annotations {5.0.1.Final}
2017-11-13 19:26:37,117HHH000400: Using dialect: org.hibernate.dialect.MySQL5Dialect
2017-11-13 19:26:38,241Initialized JPA EntityManagerFactory for persistence unit 'default'
2017-11-13 19:26:41,084Looking for @ControllerAdvice: org.springframework.boot.context.embedded.AnnotationConfigEmbeddedWebApplicationContext@145f66e3: startup date [Mon Nov 13 19:26:32 CST 2017]; root of context hierarchy
2017-11-13 19:26:41,240Mapped "{[/buyer/order/create],methods=[POST]}" onto public com.xiao.wx_order.VO.ResultVO<java.util.Map<java.lang.String, java.lang.String>> com.xiao.wx_order.controller.BuyerOrderController.create(com.xiao.wx_order.form.OrderForm,org.springframework.validation.BindingResult)
2017-11-13 19:26:41,243Mapped "{[/buyer/order/list],methods=[POST]}" onto public com.xiao.wx_order.VO.ResultVO<java.util.List<com.xiao.wx_order.dto.OrderDTO>> com.xiao.wx_order.controller.BuyerOrderController.list(java.lang.String,java.lang.Integer,java.lang.Integer)
2017-11-13 19:26:41,245Mapped "{[/buyer/order/cancel],methods=[POST]}" onto public com.xiao.wx_order.VO.ResultVO com.xiao.wx_order.controller.BuyerOrderController.cancel(java.lang.String,java.lang.String)
2017-11-13 19:26:41,249Mapped "{[/buyer/order/detail],methods=[GET]}" onto public com.xiao.wx_order.VO.ResultVO<com.xiao.wx_order.dto.OrderDTO> com.xiao.wx_order.controller.BuyerOrderController.detail(java.lang.String,java.lang.String)
2017-11-13 19:26:41,253Mapped "{[/buyer/product/list],methods=[GET]}" onto public com.xiao.wx_order.VO.ResultVO com.xiao.wx_order.controller.BuyerProductController.list()
2017-11-13 19:26:41,254Mapped "{[/buyer/product/test],methods=[GET]}" onto public java.lang.String com.xiao.wx_order.controller.BuyerProductController.test()
2017-11-13 19:26:41,257Mapped "{[/pay/notify],methods=[POST]}" onto public org.springframework.web.servlet.ModelAndView com.xiao.wx_order.controller.PayController.notify(java.lang.String)
2017-11-13 19:26:41,260Mapped "{[/pay],methods=[GET]}" onto public org.springframework.web.servlet.ModelAndView com.xiao.wx_order.controller.PayController.create(java.lang.String,java.lang.String,java.util.Map<java.lang.String, java.lang.Object>)
2017-11-13 19:26:41,265Mapped "{[/seller/order/list],methods=[GET]}" onto public org.springframework.web.servlet.ModelAndView com.xiao.wx_order.controller.SellerOrderController.list(java.lang.Integer,java.lang.Integer,java.util.Map<java.lang.String, java.lang.Object>)
2017-11-13 19:26:41,280Mapped "{[/seller/order/cancel],methods=[GET]}" onto public org.springframework.web.servlet.ModelAndView com.xiao.wx_order.controller.SellerOrderController.cancel(java.lang.String,java.util.Map<java.lang.String, java.lang.Object>)
2017-11-13 19:26:41,284Mapped "{[/seller/order/finish],methods=[GET]}" onto public org.springframework.web.servlet.ModelAndView com.xiao.wx_order.controller.SellerOrderController.finish(java.lang.String,java.util.Map<java.lang.String, java.lang.Object>)
2017-11-13 19:26:41,301Mapped "{[/seller/order/detail],methods=[GET]}" onto public org.springframework.web.servlet.ModelAndView com.xiao.wx_order.controller.SellerOrderController.detail(java.lang.String,java.util.Map<java.lang.String, java.lang.Object>)
2017-11-13 19:26:41,310Mapped "{[/wechat/userInfo],methods=[GET]}" onto public java.lang.String com.xiao.wx_order.controller.WechatController.userInfo(java.lang.String,java.lang.String)
2017-11-13 19:26:41,310Mapped "{[/wechat/authorize],methods=[GET]}" onto public java.lang.String com.xiao.wx_order.controller.WechatController.authorize(java.lang.String)
2017-11-13 19:26:41,313Mapped "{[/weixin/test],methods=[GET]}" onto public java.lang.String com.xiao.wx_order.controller.WeixinController.test()
2017-11-13 19:26:41,314Mapped "{[/weixin/auth],methods=[GET]}" onto public java.lang.String com.xiao.wx_order.controller.WeixinController.auth(java.lang.String)
2017-11-13 19:26:41,320Mapped "{[/error]}" onto public org.springframework.http.ResponseEntity<java.util.Map<java.lang.String, java.lang.Object>> org.springframework.boot.autoconfigure.web.BasicErrorController.error(javax.servlet.http.HttpServletRequest)
2017-11-13 19:26:41,325Mapped "{[/error],produces=[text/html]}" onto public org.springframework.web.servlet.ModelAndView org.springframework.boot.autoconfigure.web.BasicErrorController.errorHtml(javax.servlet.http.HttpServletRequest,javax.servlet.http.HttpServletResponse)
2017-11-13 19:26:41,389Mapped URL path [/webjars/**] onto handler of type [class org.springframework.web.servlet.resource.ResourceHttpRequestHandler]
2017-11-13 19:26:41,389Mapped URL path [/**] onto handler of type [class org.springframework.web.servlet.resource.ResourceHttpRequestHandler]
2017-11-13 19:26:41,510Mapped URL path [/**/favicon.ico] onto handler of type [class org.springframework.web.servlet.resource.ResourceHttpRequestHandler]
2017-11-13 19:26:42,055ClassTemplateLoader for Spring macros added to FreeMarker configuration
2017-11-13 19:26:42,475Registering beans for JMX exposure on startup
2017-11-13 19:26:42,518Initializing ProtocolHandler ["http-nio-8080"]
2017-11-13 19:26:42,555Starting ProtocolHandler ["http-nio-8080"]
2017-11-13 19:26:42,595Using a shared selector for servlet write/read
2017-11-13 19:26:42,654Tomcat started on port(s): 8080 (http)
2017-11-13 19:26:42,666Started WxSellApplication in 10.987 seconds (JVM running for 12.107)
2017-11-13 19:28:19,033Initializing Spring FrameworkServlet 'dispatcherServlet'
2017-11-13 19:28:19,033FrameworkServlet 'dispatcherServlet': initialization started
2017-11-13 19:28:19,120FrameworkServlet 'dispatcherServlet': initialization completed in 85 ms
2017-11-13 19:28:19,402HHH000397: Using ASTQueryTranslatorFactory
2017-11-13 19:28:30,313【创建订单】orderForm=OrderForm(name=进, phone=664, address=弄, openid=oTgZpwZxD5oi6mLb-ZJJA7OPwSrA, items=[{"productId":"123456","productQuantity":1},{"productId":"654321","productQuantity":1}])
2017-11-13 19:28:30,901【创建订单】createResult=OrderDTO(orderId=1510572510378142342, buyerName=进, buyerPhone=664, buyerAddress=弄, buyerOpenid=oTgZpwZxD5oi6mLb-ZJJA7OPwSrA, orderAmount=null, orderStatus=null, payStatus=null, createTime=null, updateTime=null, orderDetailList=[OrderDetail(detailId=1510572510447122804, orderId=1510572510378142342, productId=123456, productName=皮蛋粥, productPrice=0.01, productQuantity=1, productIcon=http://img1.imgtn.bdimg.com/it/u=2999371235,2951387556&fm=27&gp=0.jpg), OrderDetail(detailId=1510572510745699969, orderId=1510572510378142342, productId=654321, productName=猪头肉, productPrice=0.01, productQuantity=1, productIcon=http://pic.baike.soso.com/p/20120419/20120419170638-1137484758.jpg)])
2017-11-13 19:28:30,902【创建订单】orderId=1510572510378142342
2017-11-13 19:37:48,946Starting WxSellApplication on AFAAW-705012348 with PID 1148 (G:\eclipse_enviroment\wx_sell\target\classes started by Administrator in G:\eclipse_enviroment\wx_sell)
2017-11-13 19:37:48,951No active profile set, falling back to default profiles: default
2017-11-13 19:37:49,117Refreshing org.springframework.boot.context.embedded.AnnotationConfigEmbeddedWebApplicationContext@145f66e3: startup date [Mon Nov 13 19:37:49 CST 2017]; root of context hierarchy
2017-11-13 19:37:50,014HV000001: Hibernate Validator 5.3.5.Final
2017-11-13 19:37:51,822JSR-330 'javax.inject.Inject' annotation found and supported for autowiring
2017-11-13 19:37:52,989Tomcat initialized with port(s): 8080 (http)
2017-11-13 19:37:53,010Starting service [Tomcat]
2017-11-13 19:37:53,012Starting Servlet Engine: Apache Tomcat/8.5.23
2017-11-13 19:37:53,197Initializing Spring embedded WebApplicationContext
2017-11-13 19:37:53,197Root WebApplicationContext: initialization completed in 4080 ms
2017-11-13 19:37:53,429Mapping servlet: 'dispatcherServlet' to [/]
2017-11-13 19:37:53,441Mapping filter: 'characterEncodingFilter' to: [/*]
2017-11-13 19:37:53,444Mapping filter: 'hiddenHttpMethodFilter' to: [/*]
2017-11-13 19:37:53,445Mapping filter: 'httpPutFormContentFilter' to: [/*]
2017-11-13 19:37:53,445Mapping filter: 'requestContextFilter' to: [/*]
2017-11-13 19:37:54,172Building JPA container EntityManagerFactory for persistence unit 'default'
2017-11-13 19:37:54,194HHH000204: Processing PersistenceUnitInfo [
	name: default
	...]
2017-11-13 19:37:54,280HHH000412: Hibernate Core {5.0.12.Final}
2017-11-13 19:37:54,282HHH000206: hibernate.properties not found
2017-11-13 19:37:54,284HHH000021: Bytecode provider name : javassist
2017-11-13 19:37:54,449HCANN000001: Hibernate Commons Annotations {5.0.1.Final}
2017-11-13 19:37:54,579HHH000400: Using dialect: org.hibernate.dialect.MySQL5Dialect
2017-11-13 19:37:55,214Initialized JPA EntityManagerFactory for persistence unit 'default'
2017-11-13 19:37:56,743Looking for @ControllerAdvice: org.springframework.boot.context.embedded.AnnotationConfigEmbeddedWebApplicationContext@145f66e3: startup date [Mon Nov 13 19:37:49 CST 2017]; root of context hierarchy
2017-11-13 19:37:56,864Mapped "{[/buyer/order/create],methods=[POST]}" onto public com.xiao.wx_order.VO.ResultVO<java.util.Map<java.lang.String, java.lang.String>> com.xiao.wx_order.controller.BuyerOrderController.create(com.xiao.wx_order.form.OrderForm,org.springframework.validation.BindingResult)
2017-11-13 19:37:56,866Mapped "{[/buyer/order/list],methods=[POST]}" onto public com.xiao.wx_order.VO.ResultVO<java.util.List<com.xiao.wx_order.dto.OrderDTO>> com.xiao.wx_order.controller.BuyerOrderController.list(java.lang.String,java.lang.Integer,java.lang.Integer)
2017-11-13 19:37:56,867Mapped "{[/buyer/order/cancel],methods=[POST]}" onto public com.xiao.wx_order.VO.ResultVO com.xiao.wx_order.controller.BuyerOrderController.cancel(java.lang.String,java.lang.String)
2017-11-13 19:37:56,868Mapped "{[/buyer/order/detail],methods=[GET]}" onto public com.xiao.wx_order.VO.ResultVO<com.xiao.wx_order.dto.OrderDTO> com.xiao.wx_order.controller.BuyerOrderController.detail(java.lang.String,java.lang.String)
2017-11-13 19:37:56,871Mapped "{[/buyer/product/list],methods=[GET]}" onto public com.xiao.wx_order.VO.ResultVO com.xiao.wx_order.controller.BuyerProductController.list()
2017-11-13 19:37:56,872Mapped "{[/buyer/product/test],methods=[GET]}" onto public java.lang.String com.xiao.wx_order.controller.BuyerProductController.test()
2017-11-13 19:37:56,875Mapped "{[/pay/notify],methods=[POST]}" onto public org.springframework.web.servlet.ModelAndView com.xiao.wx_order.controller.PayController.notify(java.lang.String)
2017-11-13 19:37:56,877Mapped "{[/pay/create],methods=[GET]}" onto public java.lang.String com.xiao.wx_order.controller.PayController.create(java.lang.String,java.lang.String,java.lang.String,java.util.Map<java.lang.String, java.lang.Object>)
2017-11-13 19:37:56,880Mapped "{[/pay],methods=[GET]}" onto public org.springframework.web.servlet.ModelAndView com.xiao.wx_order.controller.PayController.pay(java.lang.String,java.lang.String,java.util.Map<java.lang.String, java.lang.Object>)
2017-11-13 19:37:56,885Mapped "{[/seller/order/list],methods=[GET]}" onto public org.springframework.web.servlet.ModelAndView com.xiao.wx_order.controller.SellerOrderController.list(java.lang.Integer,java.lang.Integer,java.util.Map<java.lang.String, java.lang.Object>)
2017-11-13 19:37:56,887Mapped "{[/seller/order/cancel],methods=[GET]}" onto public org.springframework.web.servlet.ModelAndView com.xiao.wx_order.controller.SellerOrderController.cancel(java.lang.String,java.util.Map<java.lang.String, java.lang.Object>)
2017-11-13 19:37:56,888Mapped "{[/seller/order/finish],methods=[GET]}" onto public org.springframework.web.servlet.ModelAndView com.xiao.wx_order.controller.SellerOrderController.finish(java.lang.String,java.util.Map<java.lang.String, java.lang.Object>)
2017-11-13 19:37:56,888Mapped "{[/seller/order/detail],methods=[GET]}" onto public org.springframework.web.servlet.ModelAndView com.xiao.wx_order.controller.SellerOrderController.detail(java.lang.String,java.util.Map<java.lang.String, java.lang.Object>)
2017-11-13 19:37:56,890Mapped "{[/wechat/userInfo],methods=[GET]}" onto public java.lang.String com.xiao.wx_order.controller.WechatController.userInfo(java.lang.String,java.lang.String)
2017-11-13 19:37:56,891Mapped "{[/wechat/authorize],methods=[GET]}" onto public java.lang.String com.xiao.wx_order.controller.WechatController.authorize(java.lang.String)
2017-11-13 19:37:56,893Mapped "{[/weixin/test],methods=[GET]}" onto public java.lang.String com.xiao.wx_order.controller.WeixinController.test()
2017-11-13 19:37:56,895Mapped "{[/weixin/auth],methods=[GET]}" onto public java.lang.String com.xiao.wx_order.controller.WeixinController.auth(java.lang.String)
2017-11-13 19:37:56,899Mapped "{[/error]}" onto public org.springframework.http.ResponseEntity<java.util.Map<java.lang.String, java.lang.Object>> org.springframework.boot.autoconfigure.web.BasicErrorController.error(javax.servlet.http.HttpServletRequest)
2017-11-13 19:37:56,901Mapped "{[/error],produces=[text/html]}" onto public org.springframework.web.servlet.ModelAndView org.springframework.boot.autoconfigure.web.BasicErrorController.errorHtml(javax.servlet.http.HttpServletRequest,javax.servlet.http.HttpServletResponse)
2017-11-13 19:37:56,943Mapped URL path [/webjars/**] onto handler of type [class org.springframework.web.servlet.resource.ResourceHttpRequestHandler]
2017-11-13 19:37:56,943Mapped URL path [/**] onto handler of type [class org.springframework.web.servlet.resource.ResourceHttpRequestHandler]
2017-11-13 19:37:56,997Mapped URL path [/**/favicon.ico] onto handler of type [class org.springframework.web.servlet.resource.ResourceHttpRequestHandler]
2017-11-13 19:37:57,367ClassTemplateLoader for Spring macros added to FreeMarker configuration
2017-11-13 19:37:57,681Registering beans for JMX exposure on startup
2017-11-13 19:37:57,715Initializing ProtocolHandler ["http-nio-8080"]
2017-11-13 19:37:57,741Starting ProtocolHandler ["http-nio-8080"]
2017-11-13 19:37:57,764Using a shared selector for servlet write/read
2017-11-13 19:37:57,827Tomcat started on port(s): 8080 (http)
2017-11-13 19:37:57,836Started WxSellApplication in 10.018 seconds (JVM running for 11.005)
2017-11-13 19:38:09,276Initializing Spring FrameworkServlet 'dispatcherServlet'
2017-11-13 19:38:09,277FrameworkServlet 'dispatcherServlet': initialization started
2017-11-13 19:38:09,383FrameworkServlet 'dispatcherServlet': initialization completed in 106 ms
2017-11-13 19:38:09,735HHH000397: Using ASTQueryTranslatorFactory
2017-11-13 19:38:21,633【创建订单】orderForm=OrderForm(name=进, phone=110, address=就降价, openid=oTgZpwZxD5oi6mLb-ZJJA7OPwSrA, items=[{"productId":"123456","productQuantity":1},{"productId":"654321","productQuantity":1}])
2017-11-13 19:38:21,981【创建订单】createResult=OrderDTO(orderId=1510573101677879078, buyerName=进, buyerPhone=110, buyerAddress=就降价, buyerOpenid=oTgZpwZxD5oi6mLb-ZJJA7OPwSrA, orderAmount=null, orderStatus=null, payStatus=null, createTime=null, updateTime=null, orderDetailList=[OrderDetail(detailId=1510573101744440497, orderId=1510573101677879078, productId=123456, productName=皮蛋粥, productPrice=0.01, productQuantity=1, productIcon=http://img1.imgtn.bdimg.com/it/u=2999371235,2951387556&fm=27&gp=0.jpg), OrderDetail(detailId=1510573101900184150, orderId=1510573101677879078, productId=654321, productName=猪头肉, productPrice=0.01, productQuantity=1, productIcon=http://pic.baike.soso.com/p/20120419/20120419170638-1137484758.jpg)])
2017-11-13 19:38:21,981【创建订单】orderId=1510573101677879078
2017-11-13 19:39:21,072Starting WxSellApplication on AFAAW-705012348 with PID 12412 (G:\eclipse_enviroment\wx_sell\target\classes started by Administrator in G:\eclipse_enviroment\wx_sell)
2017-11-13 19:39:21,084No active profile set, falling back to default profiles: default
2017-11-13 19:39:21,185Refreshing org.springframework.boot.context.embedded.AnnotationConfigEmbeddedWebApplicationContext@145f66e3: startup date [Mon Nov 13 19:39:21 CST 2017]; root of context hierarchy
2017-11-13 19:39:21,918HV000001: Hibernate Validator 5.3.5.Final
2017-11-13 19:39:23,189JSR-330 'javax.inject.Inject' annotation found and supported for autowiring
2017-11-13 19:39:24,235Tomcat initialized with port(s): 8080 (http)
2017-11-13 19:39:24,252Starting service [Tomcat]
2017-11-13 19:39:24,255Starting Servlet Engine: Apache Tomcat/8.5.23
2017-11-13 19:39:24,514Initializing Spring embedded WebApplicationContext
2017-11-13 19:39:24,515Root WebApplicationContext: initialization completed in 3330 ms
2017-11-13 19:39:24,937Mapping servlet: 'dispatcherServlet' to [/]
2017-11-13 19:39:24,945Mapping filter: 'characterEncodingFilter' to: [/*]
2017-11-13 19:39:24,946Mapping filter: 'hiddenHttpMethodFilter' to: [/*]
2017-11-13 19:39:24,947Mapping filter: 'httpPutFormContentFilter' to: [/*]
2017-11-13 19:39:24,947Mapping filter: 'requestContextFilter' to: [/*]
2017-11-13 19:39:25,807Building JPA container EntityManagerFactory for persistence unit 'default'
2017-11-13 19:39:25,832HHH000204: Processing PersistenceUnitInfo [
	name: default
	...]
2017-11-13 19:39:25,922HHH000412: Hibernate Core {5.0.12.Final}
2017-11-13 19:39:25,924HHH000206: hibernate.properties not found
2017-11-13 19:39:25,927HHH000021: Bytecode provider name : javassist
2017-11-13 19:39:26,108HCANN000001: Hibernate Commons Annotations {5.0.1.Final}
2017-11-13 19:39:26,248HHH000400: Using dialect: org.hibernate.dialect.MySQL5Dialect
2017-11-13 19:39:27,189Initialized JPA EntityManagerFactory for persistence unit 'default'
2017-11-13 19:39:29,500Looking for @ControllerAdvice: org.springframework.boot.context.embedded.AnnotationConfigEmbeddedWebApplicationContext@145f66e3: startup date [Mon Nov 13 19:39:21 CST 2017]; root of context hierarchy
2017-11-13 19:39:29,666Mapped "{[/buyer/order/create],methods=[POST]}" onto public com.xiao.wx_order.VO.ResultVO<java.util.Map<java.lang.String, java.lang.String>> com.xiao.wx_order.controller.BuyerOrderController.create(com.xiao.wx_order.form.OrderForm,org.springframework.validation.BindingResult)
2017-11-13 19:39:29,669Mapped "{[/buyer/order/list],methods=[POST]}" onto public com.xiao.wx_order.VO.ResultVO<java.util.List<com.xiao.wx_order.dto.OrderDTO>> com.xiao.wx_order.controller.BuyerOrderController.list(java.lang.String,java.lang.Integer,java.lang.Integer)
2017-11-13 19:39:29,670Mapped "{[/buyer/order/cancel],methods=[POST]}" onto public com.xiao.wx_order.VO.ResultVO com.xiao.wx_order.controller.BuyerOrderController.cancel(java.lang.String,java.lang.String)
2017-11-13 19:39:29,673Mapped "{[/buyer/order/detail],methods=[GET]}" onto public com.xiao.wx_order.VO.ResultVO<com.xiao.wx_order.dto.OrderDTO> com.xiao.wx_order.controller.BuyerOrderController.detail(java.lang.String,java.lang.String)
2017-11-13 19:39:29,675Mapped "{[/buyer/product/list],methods=[GET]}" onto public com.xiao.wx_order.VO.ResultVO com.xiao.wx_order.controller.BuyerProductController.list()
2017-11-13 19:39:29,676Mapped "{[/buyer/product/test],methods=[GET]}" onto public java.lang.String com.xiao.wx_order.controller.BuyerProductController.test()
2017-11-13 19:39:29,677Mapped "{[/pay/notify],methods=[POST]}" onto public org.springframework.web.servlet.ModelAndView com.xiao.wx_order.controller.PayController.notify(java.lang.String)
2017-11-13 19:39:29,679Mapped "{[/pay/create],methods=[GET]}" onto public java.lang.String com.xiao.wx_order.controller.PayController.create(java.lang.String,java.lang.String,java.lang.String,java.util.Map<java.lang.String, java.lang.Object>)
2017-11-13 19:39:29,680Mapped "{[/pay],methods=[GET]}" onto public org.springframework.web.servlet.ModelAndView com.xiao.wx_order.controller.PayController.pay(java.lang.String,java.lang.String,java.util.Map<java.lang.String, java.lang.Object>)
2017-11-13 19:39:29,683Mapped "{[/seller/order/list],methods=[GET]}" onto public org.springframework.web.servlet.ModelAndView com.xiao.wx_order.controller.SellerOrderController.list(java.lang.Integer,java.lang.Integer,java.util.Map<java.lang.String, java.lang.Object>)
2017-11-13 19:39:29,686Mapped "{[/seller/order/cancel],methods=[GET]}" onto public org.springframework.web.servlet.ModelAndView com.xiao.wx_order.controller.SellerOrderController.cancel(java.lang.String,java.util.Map<java.lang.String, java.lang.Object>)
2017-11-13 19:39:29,689Mapped "{[/seller/order/finish],methods=[GET]}" onto public org.springframework.web.servlet.ModelAndView com.xiao.wx_order.controller.SellerOrderController.finish(java.lang.String,java.util.Map<java.lang.String, java.lang.Object>)
2017-11-13 19:39:29,694Mapped "{[/seller/order/detail],methods=[GET]}" onto public org.springframework.web.servlet.ModelAndView com.xiao.wx_order.controller.SellerOrderController.detail(java.lang.String,java.util.Map<java.lang.String, java.lang.Object>)
2017-11-13 19:39:29,698Mapped "{[/wechat/userInfo],methods=[GET]}" onto public java.lang.String com.xiao.wx_order.controller.WechatController.userInfo(java.lang.String,java.lang.String)
2017-11-13 19:39:29,699Mapped "{[/wechat/authorize],methods=[GET]}" onto public java.lang.String com.xiao.wx_order.controller.WechatController.authorize(java.lang.String)
2017-11-13 19:39:29,702Mapped "{[/weixin/test],methods=[GET]}" onto public java.lang.String com.xiao.wx_order.controller.WeixinController.test()
2017-11-13 19:39:29,703Mapped "{[/weixin/auth],methods=[GET]}" onto public java.lang.String com.xiao.wx_order.controller.WeixinController.auth(java.lang.String)
2017-11-13 19:39:29,707Mapped "{[/error]}" onto public org.springframework.http.ResponseEntity<java.util.Map<java.lang.String, java.lang.Object>> org.springframework.boot.autoconfigure.web.BasicErrorController.error(javax.servlet.http.HttpServletRequest)
2017-11-13 19:39:29,709Mapped "{[/error],produces=[text/html]}" onto public org.springframework.web.servlet.ModelAndView org.springframework.boot.autoconfigure.web.BasicErrorController.errorHtml(javax.servlet.http.HttpServletRequest,javax.servlet.http.HttpServletResponse)
2017-11-13 19:39:29,755Mapped URL path [/webjars/**] onto handler of type [class org.springframework.web.servlet.resource.ResourceHttpRequestHandler]
2017-11-13 19:39:29,755Mapped URL path [/**] onto handler of type [class org.springframework.web.servlet.resource.ResourceHttpRequestHandler]
2017-11-13 19:39:29,827Mapped URL path [/**/favicon.ico] onto handler of type [class org.springframework.web.servlet.resource.ResourceHttpRequestHandler]
2017-11-13 19:39:30,417ClassTemplateLoader for Spring macros added to FreeMarker configuration
2017-11-13 19:39:30,792Registering beans for JMX exposure on startup
2017-11-13 19:39:30,841Initializing ProtocolHandler ["http-nio-8080"]
2017-11-13 19:39:30,873Starting ProtocolHandler ["http-nio-8080"]
2017-11-13 19:39:30,921Using a shared selector for servlet write/read
2017-11-13 19:39:30,972Tomcat started on port(s): 8080 (http)
2017-11-13 19:39:30,984Started WxSellApplication in 10.846 seconds (JVM running for 12.093)
2017-11-13 19:43:31,154Initializing Spring FrameworkServlet 'dispatcherServlet'
2017-11-13 19:43:31,154FrameworkServlet 'dispatcherServlet': initialization started
2017-11-13 19:43:31,213FrameworkServlet 'dispatcherServlet': initialization completed in 59 ms
2017-11-13 19:43:31,292【创建支付订单】订单号=1510573101677879078
2017-11-13 19:43:31,568HHH000397: Using ASTQueryTranslatorFactory
2017-11-13 19:43:32,000【微信支付】request={
  "payTypeEnum": "WXPAY_H5",
  "orderId": "1510573101677879078",
  "orderAmount": 0.02,
  "orderName": "微信点餐订单",
  "openid": "oTgZpwZxD5oi6mLb-ZJJA7OPwSrA"
}
2017-11-13 19:43:34,383【微信支付】response={
  "appId": "wxd898fcb01713c658",
  "timeStamp": "1510573414",
  "nonceStr": "6uAgQdp775TmDA7m",
  "packAge": "prepay_id\u003dwx201711131943295182ad672e0273125707",
  "signType": "MD5",
  "paySign": "6BC8FF549F0F5C842A6256FB604E16A2"
}
2017-11-13 19:46:03,965Starting WxSellApplication on AFAAW-705012348 with PID 7804 (G:\eclipse_enviroment\wx_sell\target\classes started by Administrator in G:\eclipse_enviroment\wx_sell)
2017-11-13 19:46:03,977No active profile set, falling back to default profiles: default
2017-11-13 19:46:04,196Refreshing org.springframework.boot.context.embedded.AnnotationConfigEmbeddedWebApplicationContext@145f66e3: startup date [Mon Nov 13 19:46:04 CST 2017]; root of context hierarchy
2017-11-13 19:46:05,648HV000001: Hibernate Validator 5.3.5.Final
2017-11-13 19:46:07,560JSR-330 'javax.inject.Inject' annotation found and supported for autowiring
2017-11-13 19:46:08,922Tomcat initialized with port(s): 8080 (http)
2017-11-13 19:46:08,943Starting service [Tomcat]
2017-11-13 19:46:08,946Starting Servlet Engine: Apache Tomcat/8.5.23
2017-11-13 19:46:09,096Initializing Spring embedded WebApplicationContext
2017-11-13 19:46:09,097Root WebApplicationContext: initialization completed in 4902 ms
2017-11-13 19:46:09,375Mapping servlet: 'dispatcherServlet' to [/]
2017-11-13 19:46:09,383Mapping filter: 'characterEncodingFilter' to: [/*]
2017-11-13 19:46:09,385Mapping filter: 'hiddenHttpMethodFilter' to: [/*]
2017-11-13 19:46:09,385Mapping filter: 'httpPutFormContentFilter' to: [/*]
2017-11-13 19:46:09,387Mapping filter: 'requestContextFilter' to: [/*]
2017-11-13 19:46:10,105Building JPA container EntityManagerFactory for persistence unit 'default'
2017-11-13 19:46:10,123HHH000204: Processing PersistenceUnitInfo [
	name: default
	...]
2017-11-13 19:46:10,216HHH000412: Hibernate Core {5.0.12.Final}
2017-11-13 19:46:10,219HHH000206: hibernate.properties not found
2017-11-13 19:46:10,221HHH000021: Bytecode provider name : javassist
2017-11-13 19:46:10,392HCANN000001: Hibernate Commons Annotations {5.0.1.Final}
2017-11-13 19:46:10,561HHH000400: Using dialect: org.hibernate.dialect.MySQL5Dialect
2017-11-13 19:46:11,147Initialized JPA EntityManagerFactory for persistence unit 'default'
2017-11-13 19:46:12,353Looking for @ControllerAdvice: org.springframework.boot.context.embedded.AnnotationConfigEmbeddedWebApplicationContext@145f66e3: startup date [Mon Nov 13 19:46:04 CST 2017]; root of context hierarchy
2017-11-13 19:46:12,450Mapped "{[/buyer/order/create],methods=[POST]}" onto public com.xiao.wx_order.VO.ResultVO<java.util.Map<java.lang.String, java.lang.String>> com.xiao.wx_order.controller.BuyerOrderController.create(com.xiao.wx_order.form.OrderForm,org.springframework.validation.BindingResult)
2017-11-13 19:46:12,452Mapped "{[/buyer/order/list],methods=[POST]}" onto public com.xiao.wx_order.VO.ResultVO<java.util.List<com.xiao.wx_order.dto.OrderDTO>> com.xiao.wx_order.controller.BuyerOrderController.list(java.lang.String,java.lang.Integer,java.lang.Integer)
2017-11-13 19:46:12,452Mapped "{[/buyer/order/cancel],methods=[POST]}" onto public com.xiao.wx_order.VO.ResultVO com.xiao.wx_order.controller.BuyerOrderController.cancel(java.lang.String,java.lang.String)
2017-11-13 19:46:12,453Mapped "{[/buyer/order/detail],methods=[GET]}" onto public com.xiao.wx_order.VO.ResultVO<com.xiao.wx_order.dto.OrderDTO> com.xiao.wx_order.controller.BuyerOrderController.detail(java.lang.String,java.lang.String)
2017-11-13 19:46:12,456Mapped "{[/buyer/product/list],methods=[GET]}" onto public com.xiao.wx_order.VO.ResultVO com.xiao.wx_order.controller.BuyerProductController.list()
2017-11-13 19:46:12,457Mapped "{[/buyer/product/test],methods=[GET]}" onto public java.lang.String com.xiao.wx_order.controller.BuyerProductController.test()
2017-11-13 19:46:12,459Mapped "{[/pay/notify],methods=[POST]}" onto public org.springframework.web.servlet.ModelAndView com.xiao.wx_order.controller.PayController.notify(java.lang.String)
2017-11-13 19:46:12,460Mapped "{[/pay/create],methods=[GET]}" onto public java.lang.String com.xiao.wx_order.controller.PayController.create(java.lang.String,java.lang.String,java.lang.String,java.util.Map<java.lang.String, java.lang.Object>)
2017-11-13 19:46:12,463Mapped "{[/pay],methods=[GET]}" onto public org.springframework.web.servlet.ModelAndView com.xiao.wx_order.controller.PayController.pay(java.lang.String,java.lang.String,java.util.Map<java.lang.String, java.lang.Object>)
2017-11-13 19:46:12,466Mapped "{[/seller/order/list],methods=[GET]}" onto public org.springframework.web.servlet.ModelAndView com.xiao.wx_order.controller.SellerOrderController.list(java.lang.Integer,java.lang.Integer,java.util.Map<java.lang.String, java.lang.Object>)
2017-11-13 19:46:12,468Mapped "{[/seller/order/cancel],methods=[GET]}" onto public org.springframework.web.servlet.ModelAndView com.xiao.wx_order.controller.SellerOrderController.cancel(java.lang.String,java.util.Map<java.lang.String, java.lang.Object>)
2017-11-13 19:46:12,470Mapped "{[/seller/order/detail],methods=[GET]}" onto public org.springframework.web.servlet.ModelAndView com.xiao.wx_order.controller.SellerOrderController.detail(java.lang.String,java.util.Map<java.lang.String, java.lang.Object>)
2017-11-13 19:46:12,471Mapped "{[/seller/order/finish],methods=[GET]}" onto public org.springframework.web.servlet.ModelAndView com.xiao.wx_order.controller.SellerOrderController.finish(java.lang.String,java.util.Map<java.lang.String, java.lang.Object>)
2017-11-13 19:46:12,472Mapped "{[/wechat/userInfo],methods=[GET]}" onto public java.lang.String com.xiao.wx_order.controller.WechatController.userInfo(java.lang.String,java.lang.String)
2017-11-13 19:46:12,473Mapped "{[/wechat/authorize],methods=[GET]}" onto public java.lang.String com.xiao.wx_order.controller.WechatController.authorize(java.lang.String)
2017-11-13 19:46:12,475Mapped "{[/weixin/test],methods=[GET]}" onto public java.lang.String com.xiao.wx_order.controller.WeixinController.test()
2017-11-13 19:46:12,475Mapped "{[/weixin/auth],methods=[GET]}" onto public java.lang.String com.xiao.wx_order.controller.WeixinController.auth(java.lang.String)
2017-11-13 19:46:12,478Mapped "{[/error]}" onto public org.springframework.http.ResponseEntity<java.util.Map<java.lang.String, java.lang.Object>> org.springframework.boot.autoconfigure.web.BasicErrorController.error(javax.servlet.http.HttpServletRequest)
2017-11-13 19:46:12,480Mapped "{[/error],produces=[text/html]}" onto public org.springframework.web.servlet.ModelAndView org.springframework.boot.autoconfigure.web.BasicErrorController.errorHtml(javax.servlet.http.HttpServletRequest,javax.servlet.http.HttpServletResponse)
2017-11-13 19:46:12,511Mapped URL path [/webjars/**] onto handler of type [class org.springframework.web.servlet.resource.ResourceHttpRequestHandler]
2017-11-13 19:46:12,511Mapped URL path [/**] onto handler of type [class org.springframework.web.servlet.resource.ResourceHttpRequestHandler]
2017-11-13 19:46:12,568Mapped URL path [/**/favicon.ico] onto handler of type [class org.springframework.web.servlet.resource.ResourceHttpRequestHandler]
2017-11-13 19:46:12,867ClassTemplateLoader for Spring macros added to FreeMarker configuration
2017-11-13 19:46:13,030Registering beans for JMX exposure on startup
2017-11-13 19:46:13,055Initializing ProtocolHandler ["http-nio-8080"]
2017-11-13 19:46:13,073Starting ProtocolHandler ["http-nio-8080"]
2017-11-13 19:46:13,088Using a shared selector for servlet write/read
2017-11-13 19:46:13,119Tomcat started on port(s): 8080 (http)
2017-11-13 19:46:13,126Started WxSellApplication in 10.546 seconds (JVM running for 12.62)
2017-11-13 19:48:20,210Initializing Spring FrameworkServlet 'dispatcherServlet'
2017-11-13 19:48:20,210FrameworkServlet 'dispatcherServlet': initialization started
2017-11-13 19:48:20,280FrameworkServlet 'dispatcherServlet': initialization completed in 70 ms
2017-11-13 19:48:22,009【创建支付订单】订单号=1510573101677879078
2017-11-13 19:48:22,450HHH000397: Using ASTQueryTranslatorFactory
2017-11-13 19:48:22,945【微信支付】request={
  "payTypeEnum": "WXPAY_H5",
  "orderId": "1510573101677879078",
  "orderAmount": 0.02,
  "orderName": "微信点餐订单",
  "openid": "oTgZpwZxD5oi6mLb-ZJJA7OPwSrA"
}
2017-11-13 19:48:25,357【微信支付】response={
  "appId": "wxd898fcb01713c658",
  "timeStamp": "1510573705",
  "nonceStr": "57JiSWt1LHSSmeOm",
  "packAge": "prepay_id\u003dwx2017111319482037dd132df60175380529",
  "signType": "MD5",
  "paySign": "7BD226110BE5AEB2E2FBC4D0EDED6E46"
}
2017-11-13 20:06:46,639【创建订单】orderForm=OrderForm(name=子, phone=118, address=模糊, openid=oTgZpwZxD5oi6mLb-ZJJA7OPwSrA, items=[{"productId":"123456","productQuantity":1},{"productId":"654321","productQuantity":1}])
2017-11-13 20:06:46,948【创建订单】createResult=OrderDTO(orderId=1510574806673406025, buyerName=子, buyerPhone=118, buyerAddress=模糊, buyerOpenid=oTgZpwZxD5oi6mLb-ZJJA7OPwSrA, orderAmount=null, orderStatus=null, payStatus=null, createTime=null, updateTime=null, orderDetailList=[OrderDetail(detailId=1510574806704293122, orderId=1510574806673406025, productId=123456, productName=皮蛋粥, productPrice=0.01, productQuantity=1, productIcon=http://img1.imgtn.bdimg.com/it/u=2999371235,2951387556&fm=27&gp=0.jpg), OrderDetail(detailId=1510574806856548053, orderId=1510574806673406025, productId=654321, productName=猪头肉, productPrice=0.01, productQuantity=1, productIcon=http://pic.baike.soso.com/p/20120419/20120419170638-1137484758.jpg)])
2017-11-13 20:06:46,948【创建订单】orderId=1510574806673406025
2017-11-13 20:06:47,569【创建订单】orderForm=OrderForm(name=子, phone=118, address=模糊, openid=oTgZpwZxD5oi6mLb-ZJJA7OPwSrA, items=[{"productId":"123456","productQuantity":1},{"productId":"654321","productQuantity":1}])
2017-11-13 20:06:47,778【创建订单】createResult=OrderDTO(orderId=1510574807571957950, buyerName=子, buyerPhone=118, buyerAddress=模糊, buyerOpenid=oTgZpwZxD5oi6mLb-ZJJA7OPwSrA, orderAmount=null, orderStatus=null, payStatus=null, createTime=null, updateTime=null, orderDetailList=[OrderDetail(detailId=1510574807585342153, orderId=1510574807571957950, productId=123456, productName=皮蛋粥, productPrice=0.01, productQuantity=1, productIcon=http://img1.imgtn.bdimg.com/it/u=2999371235,2951387556&fm=27&gp=0.jpg), OrderDetail(detailId=1510574807610739237, orderId=1510574807571957950, productId=654321, productName=猪头肉, productPrice=0.01, productQuantity=1, productIcon=http://pic.baike.soso.com/p/20120419/20120419170638-1137484758.jpg)])
2017-11-13 20:06:47,778【创建订单】orderId=1510574807571957950
2017-11-13 20:20:51,223【创建订单】orderForm=OrderForm(name=看看, phone=47, address=里, openid=oTgZpwZxD5oi6mLb-ZJJA7OPwSrA, items=[{"productId":"123456","productQuantity":1}])
2017-11-13 20:20:51,294【创建订单】createResult=OrderDTO(orderId=1510575651226632676, buyerName=看看, buyerPhone=47, buyerAddress=里, buyerOpenid=oTgZpwZxD5oi6mLb-ZJJA7OPwSrA, orderAmount=null, orderStatus=null, payStatus=null, createTime=null, updateTime=null, orderDetailList=[OrderDetail(detailId=1510575651242257645, orderId=1510575651226632676, productId=123456, productName=皮蛋粥, productPrice=0.01, productQuantity=1, productIcon=http://img1.imgtn.bdimg.com/it/u=2999371235,2951387556&fm=27&gp=0.jpg)])
2017-11-13 20:20:51,295【创建订单】orderId=1510575651226632676
2017-11-13 20:29:13,278【创建订单】orderForm=OrderForm(name=进, phone=180, address=看看, openid=oTgZpwZxD5oi6mLb-ZJJA7OPwSrA, items=[{"productId":"123456","productQuantity":1},{"productId":"654321","productQuantity":1}])
2017-11-13 20:29:13,785【创建订单】createResult=OrderDTO(orderId=1510576153281704506, buyerName=进, buyerPhone=180, buyerAddress=看看, buyerOpenid=oTgZpwZxD5oi6mLb-ZJJA7OPwSrA, orderAmount=null, orderStatus=null, payStatus=null, createTime=null, updateTime=null, orderDetailList=[OrderDetail(detailId=1510576153295340559, orderId=1510576153281704506, productId=123456, productName=皮蛋粥, productPrice=0.01, productQuantity=1, productIcon=http://img1.imgtn.bdimg.com/it/u=2999371235,2951387556&fm=27&gp=0.jpg), OrderDetail(detailId=1510576153725502640, orderId=1510576153281704506, productId=654321, productName=猪头肉, productPrice=0.01, productQuantity=1, productIcon=http://pic.baike.soso.com/p/20120419/20120419170638-1137484758.jpg)])
2017-11-13 20:29:13,786【创建订单】orderId=1510576153281704506
2017-11-13 20:29:59,335【创建订单】orderForm=OrderForm(name=ad , phone=123, address=sad, openid=, items=[{"productId":"123456","productQuantity":1},{"productId":"654321","productQuantity":1}])
2017-11-13 20:54:47,056Starting WxSellApplication on AFAAW-705012348 with PID 15256 (G:\eclipse_enviroment\wx_sell\target\classes started by Administrator in G:\eclipse_enviroment\wx_sell)
2017-11-13 20:54:47,061No active profile set, falling back to default profiles: default
2017-11-13 20:54:47,187Refreshing org.springframework.boot.context.embedded.AnnotationConfigEmbeddedWebApplicationContext@145f66e3: startup date [Mon Nov 13 20:54:47 CST 2017]; root of context hierarchy
2017-11-13 20:54:48,150HV000001: Hibernate Validator 5.3.5.Final
2017-11-13 20:54:49,615JSR-330 'javax.inject.Inject' annotation found and supported for autowiring
2017-11-13 20:54:50,621Tomcat initialized with port(s): 8080 (http)
2017-11-13 20:54:50,639Starting service [Tomcat]
2017-11-13 20:54:50,641Starting Servlet Engine: Apache Tomcat/8.5.23
2017-11-13 20:54:50,812Initializing Spring embedded WebApplicationContext
2017-11-13 20:54:50,812Root WebApplicationContext: initialization completed in 3625 ms
2017-11-13 20:54:51,114Mapping servlet: 'dispatcherServlet' to [/]
2017-11-13 20:54:51,123Mapping filter: 'characterEncodingFilter' to: [/*]
2017-11-13 20:54:51,124Mapping filter: 'hiddenHttpMethodFilter' to: [/*]
2017-11-13 20:54:51,124Mapping filter: 'httpPutFormContentFilter' to: [/*]
2017-11-13 20:54:51,124Mapping filter: 'requestContextFilter' to: [/*]
2017-11-13 20:54:52,114Building JPA container EntityManagerFactory for persistence unit 'default'
2017-11-13 20:54:52,132HHH000204: Processing PersistenceUnitInfo [
	name: default
	...]
2017-11-13 20:54:52,245HHH000412: Hibernate Core {5.0.12.Final}
2017-11-13 20:54:52,248HHH000206: hibernate.properties not found
2017-11-13 20:54:52,250HHH000021: Bytecode provider name : javassist
2017-11-13 20:54:52,432HCANN000001: Hibernate Commons Annotations {5.0.1.Final}
2017-11-13 20:54:52,582HHH000400: Using dialect: org.hibernate.dialect.MySQL5Dialect
2017-11-13 20:54:53,114Initialized JPA EntityManagerFactory for persistence unit 'default'
2017-11-13 20:54:54,355Looking for @ControllerAdvice: org.springframework.boot.context.embedded.AnnotationConfigEmbeddedWebApplicationContext@145f66e3: startup date [Mon Nov 13 20:54:47 CST 2017]; root of context hierarchy
2017-11-13 20:54:54,450Mapped "{[/buyer/order/create],methods=[POST]}" onto public com.xiao.wx_order.VO.ResultVO<java.util.Map<java.lang.String, java.lang.String>> com.xiao.wx_order.controller.BuyerOrderController.create(com.xiao.wx_order.form.OrderForm,org.springframework.validation.BindingResult)
2017-11-13 20:54:54,452Mapped "{[/buyer/order/list],methods=[POST]}" onto public com.xiao.wx_order.VO.ResultVO<java.util.List<com.xiao.wx_order.dto.OrderDTO>> com.xiao.wx_order.controller.BuyerOrderController.list(java.lang.String,java.lang.Integer,java.lang.Integer)
2017-11-13 20:54:54,452Mapped "{[/buyer/order/cancel],methods=[POST]}" onto public com.xiao.wx_order.VO.ResultVO com.xiao.wx_order.controller.BuyerOrderController.cancel(java.lang.String,java.lang.String)
2017-11-13 20:54:54,454Mapped "{[/buyer/order/detail],methods=[GET]}" onto public com.xiao.wx_order.VO.ResultVO<com.xiao.wx_order.dto.OrderDTO> com.xiao.wx_order.controller.BuyerOrderController.detail(java.lang.String,java.lang.String)
2017-11-13 20:54:54,456Mapped "{[/buyer/product/list],methods=[GET]}" onto public com.xiao.wx_order.VO.ResultVO com.xiao.wx_order.controller.BuyerProductController.list()
2017-11-13 20:54:54,457Mapped "{[/buyer/product/test],methods=[GET]}" onto public java.lang.String com.xiao.wx_order.controller.BuyerProductController.test()
2017-11-13 20:54:54,458Mapped "{[/pay/notify],methods=[POST]}" onto public org.springframework.web.servlet.ModelAndView com.xiao.wx_order.controller.PayController.notify(java.lang.String)
2017-11-13 20:54:54,460Mapped "{[/pay/create],methods=[GET]}" onto public java.lang.String com.xiao.wx_order.controller.PayController.create(java.lang.String,java.lang.String,java.lang.String,java.util.Map<java.lang.String, java.lang.Object>)
2017-11-13 20:54:54,461Mapped "{[/pay],methods=[GET]}" onto public org.springframework.web.servlet.ModelAndView com.xiao.wx_order.controller.PayController.pay(java.lang.String,java.lang.String,java.util.Map<java.lang.String, java.lang.Object>)
2017-11-13 20:54:54,464Mapped "{[/seller/order/list],methods=[GET]}" onto public org.springframework.web.servlet.ModelAndView com.xiao.wx_order.controller.SellerOrderController.list(java.lang.Integer,java.lang.Integer,java.util.Map<java.lang.String, java.lang.Object>)
2017-11-13 20:54:54,465Mapped "{[/seller/order/cancel],methods=[GET]}" onto public org.springframework.web.servlet.ModelAndView com.xiao.wx_order.controller.SellerOrderController.cancel(java.lang.String,java.util.Map<java.lang.String, java.lang.Object>)
2017-11-13 20:54:54,466Mapped "{[/seller/order/finish],methods=[GET]}" onto public org.springframework.web.servlet.ModelAndView com.xiao.wx_order.controller.SellerOrderController.finish(java.lang.String,java.util.Map<java.lang.String, java.lang.Object>)
2017-11-13 20:54:54,466Mapped "{[/seller/order/detail],methods=[GET]}" onto public org.springframework.web.servlet.ModelAndView com.xiao.wx_order.controller.SellerOrderController.detail(java.lang.String,java.util.Map<java.lang.String, java.lang.Object>)
2017-11-13 20:54:54,468Mapped "{[/wechat/userInfo],methods=[GET]}" onto public java.lang.String com.xiao.wx_order.controller.WechatController.userInfo(java.lang.String,java.lang.String)
2017-11-13 20:54:54,468Mapped "{[/wechat/authorize],methods=[GET]}" onto public java.lang.String com.xiao.wx_order.controller.WechatController.authorize(java.lang.String)
2017-11-13 20:54:54,469Mapped "{[/weixin/test],methods=[GET]}" onto public java.lang.String com.xiao.wx_order.controller.WeixinController.test()
2017-11-13 20:54:54,469Mapped "{[/weixin/auth],methods=[GET]}" onto public java.lang.String com.xiao.wx_order.controller.WeixinController.auth(java.lang.String)
2017-11-13 20:54:54,480Mapped "{[/error]}" onto public org.springframework.http.ResponseEntity<java.util.Map<java.lang.String, java.lang.Object>> org.springframework.boot.autoconfigure.web.BasicErrorController.error(javax.servlet.http.HttpServletRequest)
2017-11-13 20:54:54,481Mapped "{[/error],produces=[text/html]}" onto public org.springframework.web.servlet.ModelAndView org.springframework.boot.autoconfigure.web.BasicErrorController.errorHtml(javax.servlet.http.HttpServletRequest,javax.servlet.http.HttpServletResponse)
2017-11-13 20:54:54,512Mapped URL path [/webjars/**] onto handler of type [class org.springframework.web.servlet.resource.ResourceHttpRequestHandler]
2017-11-13 20:54:54,513Mapped URL path [/**] onto handler of type [class org.springframework.web.servlet.resource.ResourceHttpRequestHandler]
2017-11-13 20:54:54,569Mapped URL path [/**/favicon.ico] onto handler of type [class org.springframework.web.servlet.resource.ResourceHttpRequestHandler]
2017-11-13 20:54:54,874ClassTemplateLoader for Spring macros added to FreeMarker configuration
2017-11-13 20:54:55,048Registering beans for JMX exposure on startup
2017-11-13 20:54:55,075Initializing ProtocolHandler ["http-nio-8080"]
2017-11-13 20:54:55,092Starting ProtocolHandler ["http-nio-8080"]
2017-11-13 20:54:55,107Using a shared selector for servlet write/read
2017-11-13 20:54:55,131Tomcat started on port(s): 8080 (http)
2017-11-13 20:54:55,137Started WxSellApplication in 9.252 seconds (JVM running for 10.682)
2017-11-13 20:55:00,631Initializing Spring FrameworkServlet 'dispatcherServlet'
2017-11-13 20:55:00,631FrameworkServlet 'dispatcherServlet': initialization started
2017-11-13 20:55:00,772FrameworkServlet 'dispatcherServlet': initialization completed in 141 ms
2017-11-13 20:55:01,125HHH000397: Using ASTQueryTranslatorFactory
2017-11-13 20:55:50,040【创建订单】orderForm=OrderForm(name=进, phone=440, address=退, openid=oTgZpwZxD5oi6mLb-ZJJA7OPwSrA, items=[{"productId":"123456","productQuantity":1},{"productId":"654321","productQuantity":1}])
2017-11-13 20:55:50,461【创建订单】createResult=OrderDTO(orderId=1510577750094529660, buyerName=进, buyerPhone=440, buyerAddress=退, buyerOpenid=oTgZpwZxD5oi6mLb-ZJJA7OPwSrA, orderAmount=null, orderStatus=null, payStatus=null, createTime=null, updateTime=null, orderDetailList=[OrderDetail(detailId=1510577750165852786, orderId=1510577750094529660, productId=123456, productName=皮蛋粥, productPrice=0.01, productQuantity=1, productIcon=http://img1.imgtn.bdimg.com/it/u=2999371235,2951387556&fm=27&gp=0.jpg), OrderDetail(detailId=1510577750367168655, orderId=1510577750094529660, productId=654321, productName=猪头肉, productPrice=0.01, productQuantity=1, productIcon=http://pic.baike.soso.com/p/20120419/20120419170638-1137484758.jpg)])
2017-11-13 20:55:50,461【创建订单】orderId=1510577750094529660
2017-11-13 20:58:45,593【创建订单】orderForm=OrderForm(name=66, phone=44, address=44, openid=oTgZpwZxD5oi6mLb-ZJJA7OPwSrA, items=[{"productId":"123456","productQuantity":1},{"productId":"654321","productQuantity":1}])
2017-11-13 20:58:45,742【创建订单】createResult=OrderDTO(orderId=1510577925595203942, buyerName=66, buyerPhone=44, buyerAddress=44, buyerOpenid=oTgZpwZxD5oi6mLb-ZJJA7OPwSrA, orderAmount=null, orderStatus=null, payStatus=null, createTime=null, updateTime=null, orderDetailList=[OrderDetail(detailId=1510577925611785267, orderId=1510577925595203942, productId=123456, productName=皮蛋粥, productPrice=0.01, productQuantity=1, productIcon=http://img1.imgtn.bdimg.com/it/u=2999371235,2951387556&fm=27&gp=0.jpg), OrderDetail(detailId=1510577925658510943, orderId=1510577925595203942, productId=654321, productName=猪头肉, productPrice=0.01, productQuantity=1, productIcon=http://pic.baike.soso.com/p/20120419/20120419170638-1137484758.jpg)])
2017-11-13 20:58:45,743【创建订单】orderId=1510577925595203942
